{"/home/ubuntu/Desktop/ENIT-CONNECT/Backend/controllers/admin-documents.controller.js": {"path":"/home/ubuntu/Desktop/ENIT-CONNECT/Backend/controllers/admin-documents.controller.js","statementMap":{"0":{"start":{"line":4,"column":13},"end":{"line":4,"column":28}},"1":{"start":{"line":5,"column":11},"end":{"line":5,"column":24}},"2":{"start":{"line":6,"column":17},"end":{"line":6,"column":36}},"3":{"start":{"line":7,"column":15},"end":{"line":7,"column":32}},"4":{"start":{"line":8,"column":11},"end":{"line":8,"column":27}},"5":{"start":{"line":9,"column":19},"end":{"line":9,"column":49}},"6":{"start":{"line":10,"column":83},"end":{"line":10,"column":109}},"7":{"start":{"line":12,"column":25},"end":{"line":12,"column":75}},"8":{"start":{"line":12,"column":36},"end":{"line":12,"column":75}},"9":{"start":{"line":13,"column":23},"end":{"line":14,"column":98}},"10":{"start":{"line":14,"column":2},"end":{"line":14,"column":98}},"11":{"start":{"line":16,"column":18},"end":{"line":23,"column":1}},"12":{"start":{"line":17,"column":2},"end":{"line":17,"column":24}},"13":{"start":{"line":17,"column":14},"end":{"line":17,"column":24}},"14":{"start":{"line":18,"column":2},"end":{"line":18,"column":90}},"15":{"start":{"line":18,"column":28},"end":{"line":18,"column":90}},"16":{"start":{"line":18,"column":64},"end":{"line":18,"column":72}},"17":{"start":{"line":19,"column":2},"end":{"line":22,"column":21}},"18":{"start":{"line":21,"column":18},"end":{"line":21,"column":28}},"19":{"start":{"line":25,"column":22},"end":{"line":25,"column":65}},"20":{"start":{"line":25,"column":28},"end":{"line":25,"column":65}},"21":{"start":{"line":26,"column":25},"end":{"line":29,"column":1}},"22":{"start":{"line":27,"column":14},"end":{"line":27,"column":46}},"23":{"start":{"line":28,"column":2},"end":{"line":28,"column":83}},"24":{"start":{"line":31,"column":32},"end":{"line":41,"column":1}},"25":{"start":{"line":32,"column":2},"end":{"line":32,"column":25}},"26":{"start":{"line":32,"column":13},"end":{"line":32,"column":25}},"27":{"start":{"line":33,"column":2},"end":{"line":40,"column":3}},"28":{"start":{"line":34,"column":4},"end":{"line":36,"column":5}},"29":{"start":{"line":35,"column":6},"end":{"line":35,"column":59}},"30":{"start":{"line":37,"column":4},"end":{"line":37,"column":39}},"31":{"start":{"line":39,"column":4},"end":{"line":39,"column":39}},"32":{"start":{"line":43,"column":19},"end":{"line":52,"column":1}},"33":{"start":{"line":44,"column":2},"end":{"line":44,"column":24}},"34":{"start":{"line":44,"column":17},"end":{"line":44,"column":24}},"35":{"start":{"line":45,"column":19},"end":{"line":45,"column":42}},"36":{"start":{"line":46,"column":19},"end":{"line":46,"column":55}},"37":{"start":{"line":47,"column":2},"end":{"line":51,"column":3}},"38":{"start":{"line":48,"column":4},"end":{"line":48,"column":57}},"39":{"start":{"line":48,"column":33},"end":{"line":48,"column":57}},"40":{"start":{"line":54,"column":25},"end":{"line":57,"column":1}},"41":{"start":{"line":55,"column":18},"end":{"line":55,"column":34}},"42":{"start":{"line":56,"column":2},"end":{"line":56,"column":42}},"43":{"start":{"line":59,"column":22},"end":{"line":59,"column":81}},"44":{"start":{"line":59,"column":31},"end":{"line":59,"column":81}},"45":{"start":{"line":61,"column":26},"end":{"line":66,"column":1}},"46":{"start":{"line":62,"column":17},"end":{"line":62,"column":49}},"47":{"start":{"line":63,"column":16},"end":{"line":63,"column":38}},"48":{"start":{"line":64,"column":2},"end":{"line":64,"column":24}},"49":{"start":{"line":64,"column":14},"end":{"line":64,"column":24}},"50":{"start":{"line":65,"column":2},"end":{"line":65,"column":58}},"51":{"start":{"line":68,"column":18},"end":{"line":69,"column":71}},"52":{"start":{"line":69,"column":2},"end":{"line":69,"column":71}},"53":{"start":{"line":71,"column":20},"end":{"line":74,"column":1}},"54":{"start":{"line":72,"column":18},"end":{"line":72,"column":85}},"55":{"start":{"line":73,"column":2},"end":{"line":73,"column":51}},"56":{"start":{"line":76,"column":26},"end":{"line":80,"column":1}},"57":{"start":{"line":77,"column":12},"end":{"line":77,"column":52}},"58":{"start":{"line":78,"column":2},"end":{"line":78,"column":74}},"59":{"start":{"line":78,"column":65},"end":{"line":78,"column":74}},"60":{"start":{"line":79,"column":2},"end":{"line":79,"column":14}},"61":{"start":{"line":82,"column":30},"end":{"line":86,"column":1}},"62":{"start":{"line":83,"column":2},"end":{"line":83,"column":48}},"63":{"start":{"line":83,"column":31},"end":{"line":83,"column":48}},"64":{"start":{"line":84,"column":2},"end":{"line":84,"column":75}},"65":{"start":{"line":84,"column":59},"end":{"line":84,"column":75}},"66":{"start":{"line":85,"column":2},"end":{"line":85,"column":19}},"67":{"start":{"line":88,"column":30},"end":{"line":92,"column":1}},"68":{"start":{"line":89,"column":12},"end":{"line":89,"column":58}},"69":{"start":{"line":90,"column":2},"end":{"line":90,"column":54}},"70":{"start":{"line":90,"column":45},"end":{"line":90,"column":54}},"71":{"start":{"line":91,"column":2},"end":{"line":91,"column":20}},"72":{"start":{"line":94,"column":0},"end":{"line":141,"column":2}},"73":{"start":{"line":95,"column":2},"end":{"line":140,"column":3}},"74":{"start":{"line":96,"column":14},"end":{"line":96,"column":52}},"75":{"start":{"line":97,"column":21},"end":{"line":97,"column":75}},"76":{"start":{"line":98,"column":17},"end":{"line":98,"column":63}},"77":{"start":{"line":99,"column":24},"end":{"line":99,"column":84}},"78":{"start":{"line":100,"column":17},"end":{"line":100,"column":63}},"79":{"start":{"line":101,"column":18},"end":{"line":101,"column":66}},"80":{"start":{"line":102,"column":17},"end":{"line":102,"column":63}},"81":{"start":{"line":103,"column":15},"end":{"line":103,"column":57}},"82":{"start":{"line":104,"column":17},"end":{"line":104,"column":42}},"83":{"start":{"line":105,"column":17},"end":{"line":105,"column":68}},"84":{"start":{"line":106,"column":21},"end":{"line":106,"column":80}},"85":{"start":{"line":108,"column":21},"end":{"line":108,"column":49}},"86":{"start":{"line":109,"column":4},"end":{"line":111,"column":5}},"87":{"start":{"line":110,"column":6},"end":{"line":110,"column":69}},"88":{"start":{"line":113,"column":19},"end":{"line":113,"column":43}},"89":{"start":{"line":114,"column":4},"end":{"line":116,"column":5}},"90":{"start":{"line":115,"column":6},"end":{"line":115,"column":67}},"91":{"start":{"line":118,"column":28},"end":{"line":130,"column":6}},"92":{"start":{"line":132,"column":4},"end":{"line":137,"column":7}},"93":{"start":{"line":139,"column":4},"end":{"line":139,"column":58}},"94":{"start":{"line":143,"column":0},"end":{"line":195,"column":2}},"95":{"start":{"line":144,"column":2},"end":{"line":194,"column":3}},"96":{"start":{"line":145,"column":4},"end":{"line":147,"column":5}},"97":{"start":{"line":146,"column":6},"end":{"line":146,"column":64}},"98":{"start":{"line":149,"column":4},"end":{"line":151,"column":5}},"99":{"start":{"line":150,"column":6},"end":{"line":150,"column":68}},"100":{"start":{"line":153,"column":18},"end":{"line":153,"column":53}},"101":{"start":{"line":154,"column":4},"end":{"line":156,"column":5}},"102":{"start":{"line":155,"column":6},"end":{"line":155,"column":69}},"103":{"start":{"line":158,"column":24},"end":{"line":158,"column":96}},"104":{"start":{"line":159,"column":22},"end":{"line":159,"column":105}},"105":{"start":{"line":160,"column":20},"end":{"line":160,"column":36}},"106":{"start":{"line":161,"column":17},"end":{"line":161,"column":58}},"107":{"start":{"line":163,"column":4},"end":{"line":169,"column":5}},"108":{"start":{"line":164,"column":22},"end":{"line":164,"column":58}},"109":{"start":{"line":165,"column":19},"end":{"line":165,"column":74}},"110":{"start":{"line":166,"column":6},"end":{"line":168,"column":7}},"111":{"start":{"line":167,"column":8},"end":{"line":167,"column":79}},"112":{"start":{"line":171,"column":16},"end":{"line":189,"column":6}},"113":{"start":{"line":191,"column":4},"end":{"line":191,"column":65}},"114":{"start":{"line":193,"column":4},"end":{"line":193,"column":58}},"115":{"start":{"line":197,"column":0},"end":{"line":199,"column":2}},"116":{"start":{"line":198,"column":2},"end":{"line":198,"column":85}},"117":{"start":{"line":201,"column":0},"end":{"line":223,"column":2}},"118":{"start":{"line":202,"column":2},"end":{"line":222,"column":3}},"119":{"start":{"line":203,"column":4},"end":{"line":205,"column":5}},"120":{"start":{"line":204,"column":6},"end":{"line":204,"column":64}},"121":{"start":{"line":207,"column":18},"end":{"line":207,"column":53}},"122":{"start":{"line":208,"column":4},"end":{"line":208,"column":79}},"123":{"start":{"line":208,"column":16},"end":{"line":208,"column":79}},"124":{"start":{"line":209,"column":23},"end":{"line":209,"column":81}},"125":{"start":{"line":211,"column":19},"end":{"line":217,"column":6}},"126":{"start":{"line":219,"column":4},"end":{"line":219,"column":68}},"127":{"start":{"line":221,"column":4},"end":{"line":221,"column":58}},"128":{"start":{"line":225,"column":0},"end":{"line":268,"column":2}},"129":{"start":{"line":226,"column":2},"end":{"line":267,"column":3}},"130":{"start":{"line":227,"column":4},"end":{"line":229,"column":5}},"131":{"start":{"line":228,"column":6},"end":{"line":228,"column":69}},"132":{"start":{"line":231,"column":18},"end":{"line":231,"column":53}},"133":{"start":{"line":232,"column":4},"end":{"line":232,"column":79}},"134":{"start":{"line":232,"column":16},"end":{"line":232,"column":79}},"135":{"start":{"line":234,"column":23},"end":{"line":234,"column":74}},"136":{"start":{"line":235,"column":4},"end":{"line":237,"column":5}},"137":{"start":{"line":236,"column":6},"end":{"line":236,"column":68}},"138":{"start":{"line":240,"column":4},"end":{"line":249,"column":5}},"139":{"start":{"line":241,"column":6},"end":{"line":241,"column":45}},"140":{"start":{"line":242,"column":6},"end":{"line":248,"column":7}},"141":{"start":{"line":243,"column":23},"end":{"line":243,"column":58}},"142":{"start":{"line":244,"column":8},"end":{"line":246,"column":9}},"143":{"start":{"line":245,"column":10},"end":{"line":245,"column":79}},"144":{"start":{"line":247,"column":8},"end":{"line":247,"column":49}},"145":{"start":{"line":251,"column":19},"end":{"line":255,"column":6}},"146":{"start":{"line":257,"column":4},"end":{"line":262,"column":5}},"147":{"start":{"line":258,"column":6},"end":{"line":260,"column":7}},"148":{"start":{"line":259,"column":8},"end":{"line":259,"column":88}},"149":{"start":{"line":261,"column":6},"end":{"line":261,"column":68}},"150":{"start":{"line":264,"column":4},"end":{"line":264,"column":68}},"151":{"start":{"line":266,"column":4},"end":{"line":266,"column":58}},"152":{"start":{"line":270,"column":0},"end":{"line":293,"column":2}},"153":{"start":{"line":271,"column":2},"end":{"line":292,"column":3}},"154":{"start":{"line":272,"column":4},"end":{"line":274,"column":5}},"155":{"start":{"line":273,"column":6},"end":{"line":273,"column":69}},"156":{"start":{"line":276,"column":23},"end":{"line":276,"column":74}},"157":{"start":{"line":277,"column":4},"end":{"line":279,"column":5}},"158":{"start":{"line":278,"column":6},"end":{"line":278,"column":68}},"159":{"start":{"line":281,"column":19},"end":{"line":281,"column":78}},"160":{"start":{"line":282,"column":4},"end":{"line":284,"column":5}},"161":{"start":{"line":283,"column":6},"end":{"line":283,"column":71}},"162":{"start":{"line":285,"column":4},"end":{"line":287,"column":5}},"163":{"start":{"line":286,"column":6},"end":{"line":286,"column":68}},"164":{"start":{"line":289,"column":4},"end":{"line":289,"column":27}},"165":{"start":{"line":291,"column":4},"end":{"line":291,"column":58}},"166":{"start":{"line":295,"column":0},"end":{"line":354,"column":2}},"167":{"start":{"line":296,"column":2},"end":{"line":353,"column":3}},"168":{"start":{"line":297,"column":4},"end":{"line":299,"column":5}},"169":{"start":{"line":298,"column":6},"end":{"line":298,"column":71}},"170":{"start":{"line":301,"column":23},"end":{"line":301,"column":74}},"171":{"start":{"line":302,"column":4},"end":{"line":304,"column":5}},"172":{"start":{"line":303,"column":6},"end":{"line":303,"column":70}},"173":{"start":{"line":306,"column":18},"end":{"line":306,"column":96}},"174":{"start":{"line":307,"column":4},"end":{"line":309,"column":5}},"175":{"start":{"line":308,"column":6},"end":{"line":308,"column":69}},"176":{"start":{"line":312,"column":4},"end":{"line":321,"column":5}},"177":{"start":{"line":313,"column":6},"end":{"line":313,"column":45}},"178":{"start":{"line":314,"column":6},"end":{"line":320,"column":7}},"179":{"start":{"line":315,"column":23},"end":{"line":315,"column":58}},"180":{"start":{"line":316,"column":8},"end":{"line":318,"column":9}},"181":{"start":{"line":317,"column":10},"end":{"line":317,"column":79}},"182":{"start":{"line":319,"column":8},"end":{"line":319,"column":49}},"183":{"start":{"line":323,"column":4},"end":{"line":329,"column":5}},"184":{"start":{"line":324,"column":22},"end":{"line":324,"column":58}},"185":{"start":{"line":325,"column":19},"end":{"line":325,"column":74}},"186":{"start":{"line":326,"column":6},"end":{"line":328,"column":7}},"187":{"start":{"line":327,"column":8},"end":{"line":327,"column":79}},"188":{"start":{"line":331,"column":16},"end":{"line":340,"column":6}},"189":{"start":{"line":342,"column":4},"end":{"line":344,"column":5}},"190":{"start":{"line":343,"column":6},"end":{"line":343,"column":88}},"191":{"start":{"line":346,"column":4},"end":{"line":348,"column":5}},"192":{"start":{"line":347,"column":6},"end":{"line":347,"column":70}},"193":{"start":{"line":350,"column":4},"end":{"line":350,"column":65}},"194":{"start":{"line":352,"column":4},"end":{"line":352,"column":58}},"195":{"start":{"line":356,"column":0},"end":{"line":414,"column":2}},"196":{"start":{"line":357,"column":2},"end":{"line":413,"column":3}},"197":{"start":{"line":358,"column":4},"end":{"line":360,"column":5}},"198":{"start":{"line":359,"column":6},"end":{"line":359,"column":71}},"199":{"start":{"line":362,"column":18},"end":{"line":362,"column":69}},"200":{"start":{"line":363,"column":4},"end":{"line":365,"column":5}},"201":{"start":{"line":364,"column":6},"end":{"line":364,"column":70}},"202":{"start":{"line":366,"column":4},"end":{"line":368,"column":5}},"203":{"start":{"line":367,"column":6},"end":{"line":367,"column":75}},"204":{"start":{"line":370,"column":21},"end":{"line":370,"column":100}},"205":{"start":{"line":372,"column":24},"end":{"line":372,"column":46}},"206":{"start":{"line":373,"column":4},"end":{"line":373,"column":102}},"207":{"start":{"line":374,"column":4},"end":{"line":376,"column":5}},"208":{"start":{"line":375,"column":6},"end":{"line":375,"column":79}},"209":{"start":{"line":378,"column":22},"end":{"line":378,"column":80}},"210":{"start":{"line":381,"column":28},"end":{"line":381,"column":59}},"211":{"start":{"line":382,"column":4},"end":{"line":384,"column":5}},"212":{"start":{"line":383,"column":6},"end":{"line":383,"column":100}},"213":{"start":{"line":387,"column":18},"end":{"line":387,"column":37}},"214":{"start":{"line":388,"column":22},"end":{"line":388,"column":38}},"215":{"start":{"line":390,"column":18},"end":{"line":400,"column":6}},"216":{"start":{"line":402,"column":4},"end":{"line":410,"column":7}},"217":{"start":{"line":412,"column":4},"end":{"line":412,"column":58}},"218":{"start":{"line":416,"column":0},"end":{"line":446,"column":2}},"219":{"start":{"line":417,"column":2},"end":{"line":445,"column":3}},"220":{"start":{"line":418,"column":4},"end":{"line":420,"column":5}},"221":{"start":{"line":419,"column":6},"end":{"line":419,"column":71}},"222":{"start":{"line":422,"column":18},"end":{"line":422,"column":69}},"223":{"start":{"line":423,"column":4},"end":{"line":425,"column":5}},"224":{"start":{"line":424,"column":6},"end":{"line":424,"column":70}},"225":{"start":{"line":427,"column":19},"end":{"line":427,"column":73}},"226":{"start":{"line":428,"column":4},"end":{"line":442,"column":6}},"227":{"start":{"line":430,"column":23},"end":{"line":430,"column":77}},"228":{"start":{"line":431,"column":25},"end":{"line":431,"column":102}},"229":{"start":{"line":432,"column":8},"end":{"line":440,"column":10}},"230":{"start":{"line":444,"column":4},"end":{"line":444,"column":58}},"231":{"start":{"line":448,"column":0},"end":{"line":479,"column":2}},"232":{"start":{"line":449,"column":2},"end":{"line":478,"column":3}},"233":{"start":{"line":450,"column":4},"end":{"line":452,"column":5}},"234":{"start":{"line":451,"column":6},"end":{"line":451,"column":68}},"235":{"start":{"line":454,"column":18},"end":{"line":454,"column":79}},"236":{"start":{"line":455,"column":4},"end":{"line":457,"column":5}},"237":{"start":{"line":456,"column":6},"end":{"line":456,"column":67}},"238":{"start":{"line":459,"column":18},"end":{"line":459,"column":73}},"239":{"start":{"line":460,"column":4},"end":{"line":462,"column":5}},"240":{"start":{"line":461,"column":6},"end":{"line":461,"column":67}},"241":{"start":{"line":464,"column":19},"end":{"line":464,"column":73}},"242":{"start":{"line":465,"column":21},"end":{"line":465,"column":98}},"243":{"start":{"line":467,"column":4},"end":{"line":475,"column":7}},"244":{"start":{"line":477,"column":4},"end":{"line":477,"column":58}},"245":{"start":{"line":481,"column":0},"end":{"line":550,"column":2}},"246":{"start":{"line":482,"column":2},"end":{"line":549,"column":3}},"247":{"start":{"line":483,"column":4},"end":{"line":485,"column":5}},"248":{"start":{"line":484,"column":6},"end":{"line":484,"column":71}},"249":{"start":{"line":487,"column":4},"end":{"line":489,"column":5}},"250":{"start":{"line":488,"column":6},"end":{"line":488,"column":68}},"251":{"start":{"line":491,"column":23},"end":{"line":491,"column":74}},"252":{"start":{"line":492,"column":4},"end":{"line":494,"column":5}},"253":{"start":{"line":493,"column":6},"end":{"line":493,"column":70}},"254":{"start":{"line":496,"column":4},"end":{"line":498,"column":5}},"255":{"start":{"line":497,"column":6},"end":{"line":497,"column":78}},"256":{"start":{"line":500,"column":28},"end":{"line":500,"column":66}},"257":{"start":{"line":501,"column":24},"end":{"line":501,"column":92}},"258":{"start":{"line":502,"column":4},"end":{"line":504,"column":5}},"259":{"start":{"line":503,"column":6},"end":{"line":503,"column":84}},"260":{"start":{"line":506,"column":24},"end":{"line":506,"column":62}},"261":{"start":{"line":507,"column":4},"end":{"line":507,"column":51}},"262":{"start":{"line":510,"column":4},"end":{"line":524,"column":5}},"263":{"start":{"line":511,"column":30},"end":{"line":511,"column":51}},"264":{"start":{"line":512,"column":26},"end":{"line":512,"column":92}},"265":{"start":{"line":513,"column":6},"end":{"line":513,"column":48}},"266":{"start":{"line":514,"column":22},"end":{"line":514,"column":38}},"267":{"start":{"line":515,"column":6},"end":{"line":523,"column":9}},"268":{"start":{"line":526,"column":24},"end":{"line":526,"column":96}},"269":{"start":{"line":527,"column":22},"end":{"line":527,"column":105}},"270":{"start":{"line":530,"column":4},"end":{"line":530,"column":46}},"271":{"start":{"line":532,"column":24},"end":{"line":532,"column":57}},"272":{"start":{"line":533,"column":16},"end":{"line":540,"column":6}},"273":{"start":{"line":542,"column":4},"end":{"line":544,"column":5}},"274":{"start":{"line":543,"column":6},"end":{"line":543,"column":70}},"275":{"start":{"line":546,"column":4},"end":{"line":546,"column":65}},"276":{"start":{"line":548,"column":4},"end":{"line":548,"column":58}},"277":{"start":{"line":552,"column":0},"end":{"line":579,"column":2}},"278":{"start":{"line":553,"column":2},"end":{"line":578,"column":3}},"279":{"start":{"line":554,"column":4},"end":{"line":556,"column":5}},"280":{"start":{"line":555,"column":6},"end":{"line":555,"column":71}},"281":{"start":{"line":558,"column":18},"end":{"line":558,"column":69}},"282":{"start":{"line":559,"column":4},"end":{"line":561,"column":5}},"283":{"start":{"line":560,"column":6},"end":{"line":560,"column":70}},"284":{"start":{"line":563,"column":21},"end":{"line":563,"column":77}},"285":{"start":{"line":564,"column":4},"end":{"line":575,"column":6}},"286":{"start":{"line":565,"column":33},"end":{"line":574,"column":7}},"287":{"start":{"line":577,"column":4},"end":{"line":577,"column":58}},"288":{"start":{"line":581,"column":0},"end":{"line":640,"column":2}},"289":{"start":{"line":582,"column":2},"end":{"line":639,"column":3}},"290":{"start":{"line":583,"column":4},"end":{"line":585,"column":5}},"291":{"start":{"line":584,"column":6},"end":{"line":584,"column":67}},"292":{"start":{"line":587,"column":18},"end":{"line":587,"column":69}},"293":{"start":{"line":588,"column":4},"end":{"line":590,"column":5}},"294":{"start":{"line":589,"column":6},"end":{"line":589,"column":70}},"295":{"start":{"line":592,"column":20},"end":{"line":592,"column":82}},"296":{"start":{"line":593,"column":4},"end":{"line":595,"column":5}},"297":{"start":{"line":594,"column":6},"end":{"line":594,"column":69}},"298":{"start":{"line":597,"column":28},"end":{"line":597,"column":61}},"299":{"start":{"line":598,"column":24},"end":{"line":598,"column":92}},"300":{"start":{"line":599,"column":28},"end":{"line":599,"column":65}},"301":{"start":{"line":600,"column":24},"end":{"line":600,"column":104}},"302":{"start":{"line":602,"column":4},"end":{"line":604,"column":5}},"303":{"start":{"line":603,"column":6},"end":{"line":603,"column":72}},"304":{"start":{"line":607,"column":27},"end":{"line":607,"column":43}},"305":{"start":{"line":608,"column":24},"end":{"line":608,"column":62}},"306":{"start":{"line":609,"column":4},"end":{"line":609,"column":51}},"307":{"start":{"line":610,"column":4},"end":{"line":623,"column":5}},"308":{"start":{"line":611,"column":32},"end":{"line":611,"column":108}},"309":{"start":{"line":612,"column":22},"end":{"line":612,"column":38}},"310":{"start":{"line":613,"column":6},"end":{"line":613,"column":54}},"311":{"start":{"line":614,"column":6},"end":{"line":622,"column":9}},"312":{"start":{"line":625,"column":4},"end":{"line":625,"column":46}},"313":{"start":{"line":627,"column":20},"end":{"line":634,"column":6}},"314":{"start":{"line":636,"column":4},"end":{"line":636,"column":69}},"315":{"start":{"line":638,"column":4},"end":{"line":638,"column":58}},"316":{"start":{"line":642,"column":0},"end":{"line":678,"column":2}},"317":{"start":{"line":643,"column":2},"end":{"line":677,"column":3}},"318":{"start":{"line":644,"column":4},"end":{"line":646,"column":5}},"319":{"start":{"line":645,"column":6},"end":{"line":645,"column":71}},"320":{"start":{"line":648,"column":23},"end":{"line":648,"column":74}},"321":{"start":{"line":649,"column":4},"end":{"line":651,"column":5}},"322":{"start":{"line":650,"column":6},"end":{"line":650,"column":70}},"323":{"start":{"line":653,"column":4},"end":{"line":662,"column":5}},"324":{"start":{"line":654,"column":21},"end":{"line":654,"column":80}},"325":{"start":{"line":655,"column":6},"end":{"line":657,"column":7}},"326":{"start":{"line":656,"column":8},"end":{"line":656,"column":73}},"327":{"start":{"line":658,"column":6},"end":{"line":660,"column":7}},"328":{"start":{"line":659,"column":8},"end":{"line":659,"column":72}},"329":{"start":{"line":661,"column":6},"end":{"line":661,"column":36}},"330":{"start":{"line":664,"column":4},"end":{"line":666,"column":5}},"331":{"start":{"line":665,"column":6},"end":{"line":665,"column":57}},"332":{"start":{"line":668,"column":15},"end":{"line":668,"column":65}},"333":{"start":{"line":669,"column":4},"end":{"line":671,"column":5}},"334":{"start":{"line":670,"column":6},"end":{"line":670,"column":70}},"335":{"start":{"line":674,"column":4},"end":{"line":674,"column":27}},"336":{"start":{"line":676,"column":4},"end":{"line":676,"column":58}},"337":{"start":{"line":680,"column":0},"end":{"line":729,"column":2}},"338":{"start":{"line":681,"column":2},"end":{"line":728,"column":3}},"339":{"start":{"line":682,"column":4},"end":{"line":684,"column":5}},"340":{"start":{"line":683,"column":6},"end":{"line":683,"column":64}},"341":{"start":{"line":686,"column":16},"end":{"line":686,"column":63}},"342":{"start":{"line":687,"column":21},"end":{"line":687,"column":51}},"343":{"start":{"line":687,"column":40},"end":{"line":687,"column":50}},"344":{"start":{"line":688,"column":4},"end":{"line":690,"column":5}},"345":{"start":{"line":689,"column":6},"end":{"line":689,"column":73}},"346":{"start":{"line":692,"column":17},"end":{"line":692,"column":61}},"347":{"start":{"line":693,"column":20},"end":{"line":693,"column":46}},"348":{"start":{"line":695,"column":23},"end":{"line":695,"column":25}},"349":{"start":{"line":696,"column":22},"end":{"line":696,"column":24}},"350":{"start":{"line":698,"column":4},"end":{"line":719,"column":5}},"351":{"start":{"line":699,"column":6},"end":{"line":718,"column":7}},"352":{"start":{"line":700,"column":8},"end":{"line":708,"column":9}},"353":{"start":{"line":701,"column":25},"end":{"line":701,"column":77}},"354":{"start":{"line":702,"column":10},"end":{"line":705,"column":11}},"355":{"start":{"line":703,"column":12},"end":{"line":703,"column":35}},"356":{"start":{"line":704,"column":12},"end":{"line":704,"column":21}},"357":{"start":{"line":706,"column":10},"end":{"line":706,"column":34}},"358":{"start":{"line":707,"column":10},"end":{"line":707,"column":19}},"359":{"start":{"line":710,"column":8},"end":{"line":715,"column":9}},"360":{"start":{"line":711,"column":10},"end":{"line":711,"column":56}},"361":{"start":{"line":712,"column":21},"end":{"line":712,"column":64}},"362":{"start":{"line":713,"column":10},"end":{"line":714,"column":38}},"363":{"start":{"line":713,"column":18},"end":{"line":713,"column":42}},"364":{"start":{"line":714,"column":15},"end":{"line":714,"column":38}},"365":{"start":{"line":717,"column":8},"end":{"line":717,"column":31}},"366":{"start":{"line":721,"column":4},"end":{"line":725,"column":7}},"367":{"start":{"line":727,"column":4},"end":{"line":727,"column":58}},"368":{"start":{"line":731,"column":0},"end":{"line":790,"column":2}},"369":{"start":{"line":732,"column":2},"end":{"line":789,"column":3}},"370":{"start":{"line":733,"column":4},"end":{"line":735,"column":5}},"371":{"start":{"line":734,"column":6},"end":{"line":734,"column":64}},"372":{"start":{"line":737,"column":16},"end":{"line":737,"column":63}},"373":{"start":{"line":738,"column":21},"end":{"line":738,"column":51}},"374":{"start":{"line":738,"column":40},"end":{"line":738,"column":50}},"375":{"start":{"line":739,"column":23},"end":{"line":739,"column":60}},"376":{"start":{"line":740,"column":4},"end":{"line":742,"column":5}},"377":{"start":{"line":741,"column":6},"end":{"line":741,"column":73}},"378":{"start":{"line":744,"column":17},"end":{"line":744,"column":61}},"379":{"start":{"line":745,"column":20},"end":{"line":745,"column":46}},"380":{"start":{"line":747,"column":23},"end":{"line":747,"column":25}},"381":{"start":{"line":748,"column":22},"end":{"line":748,"column":24}},"382":{"start":{"line":750,"column":4},"end":{"line":780,"column":5}},"383":{"start":{"line":751,"column":6},"end":{"line":779,"column":7}},"384":{"start":{"line":752,"column":8},"end":{"line":772,"column":9}},"385":{"start":{"line":754,"column":26},"end":{"line":754,"column":48}},"386":{"start":{"line":755,"column":32},"end":{"line":755,"column":96}},"387":{"start":{"line":757,"column":10},"end":{"line":757,"column":91}},"388":{"start":{"line":758,"column":10},"end":{"line":769,"column":11}},"389":{"start":{"line":759,"column":12},"end":{"line":768,"column":14}},"390":{"start":{"line":770,"column":10},"end":{"line":770,"column":34}},"391":{"start":{"line":771,"column":10},"end":{"line":771,"column":19}},"392":{"start":{"line":774,"column":24},"end":{"line":774,"column":104}},"393":{"start":{"line":775,"column":8},"end":{"line":776,"column":37}},"394":{"start":{"line":775,"column":22},"end":{"line":775,"column":45}},"395":{"start":{"line":776,"column":13},"end":{"line":776,"column":37}},"396":{"start":{"line":778,"column":8},"end":{"line":778,"column":31}},"397":{"start":{"line":782,"column":4},"end":{"line":786,"column":7}},"398":{"start":{"line":788,"column":4},"end":{"line":788,"column":58}},"399":{"start":{"line":792,"column":0},"end":{"line":842,"column":2}},"400":{"start":{"line":793,"column":2},"end":{"line":841,"column":3}},"401":{"start":{"line":794,"column":4},"end":{"line":796,"column":5}},"402":{"start":{"line":795,"column":6},"end":{"line":795,"column":64}},"403":{"start":{"line":798,"column":16},"end":{"line":798,"column":63}},"404":{"start":{"line":799,"column":21},"end":{"line":799,"column":51}},"405":{"start":{"line":799,"column":40},"end":{"line":799,"column":50}},"406":{"start":{"line":800,"column":4},"end":{"line":802,"column":5}},"407":{"start":{"line":801,"column":6},"end":{"line":801,"column":73}},"408":{"start":{"line":804,"column":17},"end":{"line":804,"column":61}},"409":{"start":{"line":805,"column":25},"end":{"line":805,"column":100}},"410":{"start":{"line":805,"column":46},"end":{"line":805,"column":99}},"411":{"start":{"line":806,"column":4},"end":{"line":808,"column":5}},"412":{"start":{"line":807,"column":6},"end":{"line":807,"column":86}},"413":{"start":{"line":810,"column":4},"end":{"line":810,"column":53}},"414":{"start":{"line":811,"column":4},"end":{"line":811,"column":79}},"415":{"start":{"line":813,"column":20},"end":{"line":813,"column":59}},"416":{"start":{"line":814,"column":4},"end":{"line":816,"column":7}},"417":{"start":{"line":815,"column":6},"end":{"line":815,"column":69}},"418":{"start":{"line":818,"column":4},"end":{"line":818,"column":22}},"419":{"start":{"line":820,"column":22},"end":{"line":820,"column":31}},"420":{"start":{"line":821,"column":4},"end":{"line":836,"column":7}},"421":{"start":{"line":822,"column":6},"end":{"line":835,"column":7}},"422":{"start":{"line":823,"column":25},"end":{"line":823,"column":58}},"423":{"start":{"line":824,"column":8},"end":{"line":824,"column":30}},"424":{"start":{"line":824,"column":23},"end":{"line":824,"column":30}},"425":{"start":{"line":825,"column":25},"end":{"line":825,"column":76}},"426":{"start":{"line":826,"column":26},"end":{"line":826,"column":79}},"427":{"start":{"line":827,"column":19},"end":{"line":827,"column":40}},"428":{"start":{"line":828,"column":8},"end":{"line":830,"column":9}},"429":{"start":{"line":829,"column":10},"end":{"line":829,"column":37}},"430":{"start":{"line":831,"column":8},"end":{"line":831,"column":28}},"431":{"start":{"line":832,"column":8},"end":{"line":832,"column":41}},"432":{"start":{"line":838,"column":4},"end":{"line":838,"column":23}},"433":{"start":{"line":840,"column":4},"end":{"line":840,"column":58}}},"fnMap":{"0":{"name":"(anonymous_0)","decl":{"start":{"line":12,"column":25},"end":{"line":12,"column":26}},"loc":{"start":{"line":12,"column":36},"end":{"line":12,"column":75}},"line":12},"1":{"name":"(anonymous_1)","decl":{"start":{"line":13,"column":23},"end":{"line":13,"column":24}},"loc":{"start":{"line":14,"column":2},"end":{"line":14,"column":98}},"line":14},"2":{"name":"(anonymous_2)","decl":{"start":{"line":16,"column":18},"end":{"line":16,"column":19}},"loc":{"start":{"line":16,"column":29},"end":{"line":23,"column":1}},"line":16},"3":{"name":"(anonymous_3)","decl":{"start":{"line":18,"column":57},"end":{"line":18,"column":58}},"loc":{"start":{"line":18,"column":64},"end":{"line":18,"column":72}},"line":18},"4":{"name":"(anonymous_4)","decl":{"start":{"line":21,"column":9},"end":{"line":21,"column":10}},"loc":{"start":{"line":21,"column":18},"end":{"line":21,"column":28}},"line":21},"5":{"name":"(anonymous_5)","decl":{"start":{"line":25,"column":22},"end":{"line":25,"column":23}},"loc":{"start":{"line":25,"column":28},"end":{"line":25,"column":65}},"line":25},"6":{"name":"(anonymous_6)","decl":{"start":{"line":26,"column":25},"end":{"line":26,"column":26}},"loc":{"start":{"line":26,"column":61},"end":{"line":29,"column":1}},"line":26},"7":{"name":"(anonymous_7)","decl":{"start":{"line":31,"column":32},"end":{"line":31,"column":33}},"loc":{"start":{"line":31,"column":42},"end":{"line":41,"column":1}},"line":31},"8":{"name":"(anonymous_8)","decl":{"start":{"line":43,"column":19},"end":{"line":43,"column":20}},"loc":{"start":{"line":43,"column":33},"end":{"line":52,"column":1}},"line":43},"9":{"name":"(anonymous_9)","decl":{"start":{"line":54,"column":25},"end":{"line":54,"column":26}},"loc":{"start":{"line":54,"column":39},"end":{"line":57,"column":1}},"line":54},"10":{"name":"(anonymous_10)","decl":{"start":{"line":59,"column":22},"end":{"line":59,"column":23}},"loc":{"start":{"line":59,"column":31},"end":{"line":59,"column":81}},"line":59},"11":{"name":"(anonymous_11)","decl":{"start":{"line":61,"column":26},"end":{"line":61,"column":27}},"loc":{"start":{"line":61,"column":41},"end":{"line":66,"column":1}},"line":61},"12":{"name":"(anonymous_12)","decl":{"start":{"line":68,"column":18},"end":{"line":68,"column":19}},"loc":{"start":{"line":69,"column":2},"end":{"line":69,"column":71}},"line":69},"13":{"name":"(anonymous_13)","decl":{"start":{"line":71,"column":20},"end":{"line":71,"column":21}},"loc":{"start":{"line":71,"column":31},"end":{"line":74,"column":1}},"line":71},"14":{"name":"(anonymous_14)","decl":{"start":{"line":76,"column":26},"end":{"line":76,"column":27}},"loc":{"start":{"line":76,"column":37},"end":{"line":80,"column":1}},"line":76},"15":{"name":"(anonymous_15)","decl":{"start":{"line":82,"column":30},"end":{"line":82,"column":31}},"loc":{"start":{"line":82,"column":44},"end":{"line":86,"column":1}},"line":82},"16":{"name":"(anonymous_16)","decl":{"start":{"line":88,"column":30},"end":{"line":88,"column":31}},"loc":{"start":{"line":88,"column":47},"end":{"line":92,"column":1}},"line":88},"17":{"name":"(anonymous_17)","decl":{"start":{"line":94,"column":24},"end":{"line":94,"column":25}},"loc":{"start":{"line":94,"column":44},"end":{"line":141,"column":1}},"line":94},"18":{"name":"(anonymous_18)","decl":{"start":{"line":143,"column":25},"end":{"line":143,"column":26}},"loc":{"start":{"line":143,"column":45},"end":{"line":195,"column":1}},"line":143},"19":{"name":"(anonymous_19)","decl":{"start":{"line":197,"column":22},"end":{"line":197,"column":23}},"loc":{"start":{"line":197,"column":42},"end":{"line":199,"column":1}},"line":197},"20":{"name":"(anonymous_20)","decl":{"start":{"line":201,"column":23},"end":{"line":201,"column":24}},"loc":{"start":{"line":201,"column":43},"end":{"line":223,"column":1}},"line":201},"21":{"name":"(anonymous_21)","decl":{"start":{"line":225,"column":23},"end":{"line":225,"column":24}},"loc":{"start":{"line":225,"column":43},"end":{"line":268,"column":1}},"line":225},"22":{"name":"(anonymous_22)","decl":{"start":{"line":270,"column":23},"end":{"line":270,"column":24}},"loc":{"start":{"line":270,"column":43},"end":{"line":293,"column":1}},"line":270},"23":{"name":"(anonymous_23)","decl":{"start":{"line":295,"column":25},"end":{"line":295,"column":26}},"loc":{"start":{"line":295,"column":45},"end":{"line":354,"column":1}},"line":295},"24":{"name":"(anonymous_24)","decl":{"start":{"line":356,"column":26},"end":{"line":356,"column":27}},"loc":{"start":{"line":356,"column":46},"end":{"line":414,"column":1}},"line":356},"25":{"name":"(anonymous_25)","decl":{"start":{"line":416,"column":25},"end":{"line":416,"column":26}},"loc":{"start":{"line":416,"column":45},"end":{"line":446,"column":1}},"line":416},"26":{"name":"(anonymous_26)","decl":{"start":{"line":429,"column":17},"end":{"line":429,"column":18}},"loc":{"start":{"line":429,"column":28},"end":{"line":441,"column":7}},"line":429},"27":{"name":"(anonymous_27)","decl":{"start":{"line":448,"column":26},"end":{"line":448,"column":27}},"loc":{"start":{"line":448,"column":46},"end":{"line":479,"column":1}},"line":448},"28":{"name":"(anonymous_28)","decl":{"start":{"line":481,"column":30},"end":{"line":481,"column":31}},"loc":{"start":{"line":481,"column":50},"end":{"line":550,"column":1}},"line":481},"29":{"name":"(anonymous_29)","decl":{"start":{"line":552,"column":31},"end":{"line":552,"column":32}},"loc":{"start":{"line":552,"column":51},"end":{"line":579,"column":1}},"line":552},"30":{"name":"(anonymous_30)","decl":{"start":{"line":565,"column":19},"end":{"line":565,"column":20}},"loc":{"start":{"line":565,"column":33},"end":{"line":574,"column":7}},"line":565},"31":{"name":"(anonymous_31)","decl":{"start":{"line":581,"column":33},"end":{"line":581,"column":34}},"loc":{"start":{"line":581,"column":53},"end":{"line":640,"column":1}},"line":581},"32":{"name":"(anonymous_32)","decl":{"start":{"line":642,"column":25},"end":{"line":642,"column":26}},"loc":{"start":{"line":642,"column":45},"end":{"line":678,"column":1}},"line":642},"33":{"name":"(anonymous_33)","decl":{"start":{"line":680,"column":21},"end":{"line":680,"column":22}},"loc":{"start":{"line":680,"column":41},"end":{"line":729,"column":1}},"line":680},"34":{"name":"(anonymous_34)","decl":{"start":{"line":687,"column":32},"end":{"line":687,"column":33}},"loc":{"start":{"line":687,"column":40},"end":{"line":687,"column":50}},"line":687},"35":{"name":"(anonymous_35)","decl":{"start":{"line":731,"column":19},"end":{"line":731,"column":20}},"loc":{"start":{"line":731,"column":39},"end":{"line":790,"column":1}},"line":731},"36":{"name":"(anonymous_36)","decl":{"start":{"line":738,"column":32},"end":{"line":738,"column":33}},"loc":{"start":{"line":738,"column":40},"end":{"line":738,"column":50}},"line":738},"37":{"name":"(anonymous_37)","decl":{"start":{"line":792,"column":23},"end":{"line":792,"column":24}},"loc":{"start":{"line":792,"column":43},"end":{"line":842,"column":1}},"line":792},"38":{"name":"(anonymous_38)","decl":{"start":{"line":799,"column":32},"end":{"line":799,"column":33}},"loc":{"start":{"line":799,"column":40},"end":{"line":799,"column":50}},"line":799},"39":{"name":"(anonymous_39)","decl":{"start":{"line":805,"column":37},"end":{"line":805,"column":38}},"loc":{"start":{"line":805,"column":46},"end":{"line":805,"column":99}},"line":805},"40":{"name":"(anonymous_40)","decl":{"start":{"line":814,"column":24},"end":{"line":814,"column":25}},"loc":{"start":{"line":814,"column":33},"end":{"line":816,"column":5}},"line":814},"41":{"name":"(anonymous_41)","decl":{"start":{"line":821,"column":25},"end":{"line":821,"column":26}},"loc":{"start":{"line":821,"column":34},"end":{"line":836,"column":5}},"line":821}},"branchMap":{"0":{"loc":{"start":{"line":12,"column":43},"end":{"line":12,"column":54}},"type":"binary-expr","locations":[{"start":{"line":12,"column":43},"end":{"line":12,"column":48}},{"start":{"line":12,"column":52},"end":{"line":12,"column":54}}],"line":12},"1":{"loc":{"start":{"line":14,"column":19},"end":{"line":14,"column":97}},"type":"binary-expr","locations":[{"start":{"line":14,"column":19},"end":{"line":14,"column":44}},{"start":{"line":14,"column":48},"end":{"line":14,"column":68}},{"start":{"line":14,"column":72},"end":{"line":14,"column":91}},{"start":{"line":14,"column":95},"end":{"line":14,"column":97}}],"line":14},"2":{"loc":{"start":{"line":17,"column":2},"end":{"line":17,"column":24}},"type":"if","locations":[{"start":{"line":17,"column":2},"end":{"line":17,"column":24}},{"start":{},"end":{}}],"line":17},"3":{"loc":{"start":{"line":18,"column":2},"end":{"line":18,"column":90}},"type":"if","locations":[{"start":{"line":18,"column":2},"end":{"line":18,"column":90}},{"start":{},"end":{}}],"line":18},"4":{"loc":{"start":{"line":27,"column":14},"end":{"line":27,"column":46}},"type":"cond-expr","locations":[{"start":{"line":27,"column":26},"end":{"line":27,"column":41}},{"start":{"line":27,"column":44},"end":{"line":27,"column":46}}],"line":27},"5":{"loc":{"start":{"line":32,"column":2},"end":{"line":32,"column":25}},"type":"if","locations":[{"start":{"line":32,"column":2},"end":{"line":32,"column":25}},{"start":{},"end":{}}],"line":32},"6":{"loc":{"start":{"line":34,"column":4},"end":{"line":36,"column":5}},"type":"if","locations":[{"start":{"line":34,"column":4},"end":{"line":36,"column":5}},{"start":{},"end":{}}],"line":34},"7":{"loc":{"start":{"line":44,"column":2},"end":{"line":44,"column":24}},"type":"if","locations":[{"start":{"line":44,"column":2},"end":{"line":44,"column":24}},{"start":{},"end":{}}],"line":44},"8":{"loc":{"start":{"line":48,"column":4},"end":{"line":48,"column":57}},"type":"if","locations":[{"start":{"line":48,"column":4},"end":{"line":48,"column":57}},{"start":{},"end":{}}],"line":48},"9":{"loc":{"start":{"line":59,"column":31},"end":{"line":59,"column":81}},"type":"binary-expr","locations":[{"start":{"line":59,"column":31},"end":{"line":59,"column":49}},{"start":{"line":59,"column":53},"end":{"line":59,"column":81}}],"line":59},"10":{"loc":{"start":{"line":62,"column":17},"end":{"line":62,"column":49}},"type":"binary-expr","locations":[{"start":{"line":62,"column":17},"end":{"line":62,"column":39}},{"start":{"line":62,"column":43},"end":{"line":62,"column":49}}],"line":62},"11":{"loc":{"start":{"line":63,"column":16},"end":{"line":63,"column":38}},"type":"binary-expr","locations":[{"start":{"line":63,"column":16},"end":{"line":63,"column":32}},{"start":{"line":63,"column":36},"end":{"line":63,"column":38}}],"line":63},"12":{"loc":{"start":{"line":64,"column":2},"end":{"line":64,"column":24}},"type":"if","locations":[{"start":{"line":64,"column":2},"end":{"line":64,"column":24}},{"start":{},"end":{}}],"line":64},"13":{"loc":{"start":{"line":65,"column":9},"end":{"line":65,"column":57}},"type":"cond-expr","locations":[{"start":{"line":65,"column":29},"end":{"line":65,"column":34}},{"start":{"line":65,"column":37},"end":{"line":65,"column":57}}],"line":65},"14":{"loc":{"start":{"line":69,"column":44},"end":{"line":69,"column":55}},"type":"binary-expr","locations":[{"start":{"line":69,"column":44},"end":{"line":69,"column":49}},{"start":{"line":69,"column":53},"end":{"line":69,"column":55}}],"line":69},"15":{"loc":{"start":{"line":72,"column":35},"end":{"line":72,"column":84}},"type":"binary-expr","locations":[{"start":{"line":72,"column":35},"end":{"line":72,"column":55}},{"start":{"line":72,"column":59},"end":{"line":72,"column":78}},{"start":{"line":72,"column":82},"end":{"line":72,"column":84}}],"line":72},"16":{"loc":{"start":{"line":77,"column":19},"end":{"line":77,"column":30}},"type":"binary-expr","locations":[{"start":{"line":77,"column":19},"end":{"line":77,"column":24}},{"start":{"line":77,"column":28},"end":{"line":77,"column":30}}],"line":77},"17":{"loc":{"start":{"line":78,"column":2},"end":{"line":78,"column":74}},"type":"if","locations":[{"start":{"line":78,"column":2},"end":{"line":78,"column":74}},{"start":{},"end":{}}],"line":78},"18":{"loc":{"start":{"line":78,"column":6},"end":{"line":78,"column":63}},"type":"binary-expr","locations":[{"start":{"line":78,"column":6},"end":{"line":78,"column":22}},{"start":{"line":78,"column":26},"end":{"line":78,"column":43}},{"start":{"line":78,"column":47},"end":{"line":78,"column":63}}],"line":78},"19":{"loc":{"start":{"line":83,"column":2},"end":{"line":83,"column":48}},"type":"if","locations":[{"start":{"line":83,"column":2},"end":{"line":83,"column":48}},{"start":{},"end":{}}],"line":83},"20":{"loc":{"start":{"line":84,"column":2},"end":{"line":84,"column":75}},"type":"if","locations":[{"start":{"line":84,"column":2},"end":{"line":84,"column":75}},{"start":{},"end":{}}],"line":84},"21":{"loc":{"start":{"line":84,"column":6},"end":{"line":84,"column":57}},"type":"binary-expr","locations":[{"start":{"line":84,"column":6},"end":{"line":84,"column":29}},{"start":{"line":84,"column":33},"end":{"line":84,"column":57}}],"line":84},"22":{"loc":{"start":{"line":89,"column":19},"end":{"line":89,"column":36}},"type":"binary-expr","locations":[{"start":{"line":89,"column":19},"end":{"line":89,"column":30}},{"start":{"line":89,"column":34},"end":{"line":89,"column":36}}],"line":89},"23":{"loc":{"start":{"line":90,"column":2},"end":{"line":90,"column":54}},"type":"if","locations":[{"start":{"line":90,"column":2},"end":{"line":90,"column":54}},{"start":{},"end":{}}],"line":90},"24":{"loc":{"start":{"line":90,"column":6},"end":{"line":90,"column":43}},"type":"binary-expr","locations":[{"start":{"line":90,"column":6},"end":{"line":90,"column":22}},{"start":{"line":90,"column":26},"end":{"line":90,"column":43}}],"line":90},"25":{"loc":{"start":{"line":96,"column":14},"end":{"line":96,"column":52}},"type":"cond-expr","locations":[{"start":{"line":96,"column":28},"end":{"line":96,"column":47}},{"start":{"line":96,"column":50},"end":{"line":96,"column":52}}],"line":96},"26":{"loc":{"start":{"line":97,"column":21},"end":{"line":97,"column":75}},"type":"cond-expr","locations":[{"start":{"line":97,"column":42},"end":{"line":97,"column":68}},{"start":{"line":97,"column":71},"end":{"line":97,"column":75}}],"line":97},"27":{"loc":{"start":{"line":98,"column":17},"end":{"line":98,"column":63}},"type":"cond-expr","locations":[{"start":{"line":98,"column":34},"end":{"line":98,"column":56}},{"start":{"line":98,"column":59},"end":{"line":98,"column":63}}],"line":98},"28":{"loc":{"start":{"line":99,"column":24},"end":{"line":99,"column":84}},"type":"cond-expr","locations":[{"start":{"line":99,"column":48},"end":{"line":99,"column":77}},{"start":{"line":99,"column":80},"end":{"line":99,"column":84}}],"line":99},"29":{"loc":{"start":{"line":100,"column":17},"end":{"line":100,"column":63}},"type":"cond-expr","locations":[{"start":{"line":100,"column":34},"end":{"line":100,"column":56}},{"start":{"line":100,"column":59},"end":{"line":100,"column":63}}],"line":100},"30":{"loc":{"start":{"line":101,"column":18},"end":{"line":101,"column":66}},"type":"cond-expr","locations":[{"start":{"line":101,"column":36},"end":{"line":101,"column":59}},{"start":{"line":101,"column":62},"end":{"line":101,"column":66}}],"line":101},"31":{"loc":{"start":{"line":102,"column":17},"end":{"line":102,"column":63}},"type":"cond-expr","locations":[{"start":{"line":102,"column":34},"end":{"line":102,"column":56}},{"start":{"line":102,"column":59},"end":{"line":102,"column":63}}],"line":102},"32":{"loc":{"start":{"line":103,"column":15},"end":{"line":103,"column":57}},"type":"cond-expr","locations":[{"start":{"line":103,"column":30},"end":{"line":103,"column":50}},{"start":{"line":103,"column":53},"end":{"line":103,"column":57}}],"line":103},"33":{"loc":{"start":{"line":105,"column":17},"end":{"line":105,"column":68}},"type":"cond-expr","locations":[{"start":{"line":105,"column":34},"end":{"line":105,"column":56}},{"start":{"line":105,"column":59},"end":{"line":105,"column":68}}],"line":105},"34":{"loc":{"start":{"line":106,"column":21},"end":{"line":106,"column":80}},"type":"cond-expr","locations":[{"start":{"line":106,"column":42},"end":{"line":106,"column":68}},{"start":{"line":106,"column":71},"end":{"line":106,"column":80}}],"line":106},"35":{"loc":{"start":{"line":108,"column":21},"end":{"line":108,"column":49}},"type":"cond-expr","locations":[{"start":{"line":108,"column":28},"end":{"line":108,"column":42}},{"start":{"line":108,"column":45},"end":{"line":108,"column":49}}],"line":108},"36":{"loc":{"start":{"line":109,"column":4},"end":{"line":111,"column":5}},"type":"if","locations":[{"start":{"line":109,"column":4},"end":{"line":111,"column":5}},{"start":{},"end":{}}],"line":109},"37":{"loc":{"start":{"line":109,"column":8},"end":{"line":109,"column":48}},"type":"binary-expr","locations":[{"start":{"line":109,"column":8},"end":{"line":109,"column":12}},{"start":{"line":109,"column":16},"end":{"line":109,"column":48}}],"line":109},"38":{"loc":{"start":{"line":113,"column":19},"end":{"line":113,"column":43}},"type":"cond-expr","locations":[{"start":{"line":113,"column":24},"end":{"line":113,"column":36}},{"start":{"line":113,"column":39},"end":{"line":113,"column":43}}],"line":113},"39":{"loc":{"start":{"line":114,"column":4},"end":{"line":116,"column":5}},"type":"if","locations":[{"start":{"line":114,"column":4},"end":{"line":116,"column":5}},{"start":{},"end":{}}],"line":114},"40":{"loc":{"start":{"line":114,"column":8},"end":{"line":114,"column":44}},"type":"binary-expr","locations":[{"start":{"line":114,"column":8},"end":{"line":114,"column":10}},{"start":{"line":114,"column":14},"end":{"line":114,"column":44}}],"line":114},"41":{"loc":{"start":{"line":121,"column":13},"end":{"line":121,"column":22}},"type":"binary-expr","locations":[{"start":{"line":121,"column":13},"end":{"line":121,"column":14}},{"start":{"line":121,"column":18},"end":{"line":121,"column":22}}],"line":121},"42":{"loc":{"start":{"line":124,"column":16},"end":{"line":124,"column":32}},"type":"binary-expr","locations":[{"start":{"line":124,"column":16},"end":{"line":124,"column":24}},{"start":{"line":124,"column":28},"end":{"line":124,"column":32}}],"line":124},"43":{"loc":{"start":{"line":125,"column":14},"end":{"line":125,"column":28}},"type":"binary-expr","locations":[{"start":{"line":125,"column":14},"end":{"line":125,"column":20}},{"start":{"line":125,"column":24},"end":{"line":125,"column":28}}],"line":125},"44":{"loc":{"start":{"line":135,"column":12},"end":{"line":135,"column":21}},"type":"binary-expr","locations":[{"start":{"line":135,"column":12},"end":{"line":135,"column":16}},{"start":{"line":135,"column":20},"end":{"line":135,"column":21}}],"line":135},"45":{"loc":{"start":{"line":136,"column":16},"end":{"line":136,"column":32}},"type":"binary-expr","locations":[{"start":{"line":136,"column":16},"end":{"line":136,"column":24}},{"start":{"line":136,"column":28},"end":{"line":136,"column":32}}],"line":136},"46":{"loc":{"start":{"line":139,"column":36},"end":{"line":139,"column":54}},"type":"binary-expr","locations":[{"start":{"line":139,"column":36},"end":{"line":139,"column":47}},{"start":{"line":139,"column":51},"end":{"line":139,"column":54}}],"line":139},"47":{"loc":{"start":{"line":145,"column":4},"end":{"line":147,"column":5}},"type":"if","locations":[{"start":{"line":145,"column":4},"end":{"line":147,"column":5}},{"start":{},"end":{}}],"line":145},"48":{"loc":{"start":{"line":149,"column":4},"end":{"line":151,"column":5}},"type":"if","locations":[{"start":{"line":149,"column":4},"end":{"line":151,"column":5}},{"start":{},"end":{}}],"line":149},"49":{"loc":{"start":{"line":153,"column":25},"end":{"line":153,"column":45}},"type":"binary-expr","locations":[{"start":{"line":153,"column":25},"end":{"line":153,"column":39}},{"start":{"line":153,"column":43},"end":{"line":153,"column":45}}],"line":153},"50":{"loc":{"start":{"line":154,"column":4},"end":{"line":156,"column":5}},"type":"if","locations":[{"start":{"line":154,"column":4},"end":{"line":156,"column":5}},{"start":{},"end":{}}],"line":154},"51":{"loc":{"start":{"line":158,"column":37},"end":{"line":158,"column":64}},"type":"binary-expr","locations":[{"start":{"line":158,"column":37},"end":{"line":158,"column":58}},{"start":{"line":158,"column":62},"end":{"line":158,"column":64}}],"line":158},"52":{"loc":{"start":{"line":159,"column":22},"end":{"line":159,"column":105}},"type":"binary-expr","locations":[{"start":{"line":159,"column":22},"end":{"line":159,"column":33}},{"start":{"line":159,"column":37},"end":{"line":159,"column":105}}],"line":159},"53":{"loc":{"start":{"line":159,"column":50},"end":{"line":159,"column":73}},"type":"binary-expr","locations":[{"start":{"line":159,"column":50},"end":{"line":159,"column":67}},{"start":{"line":159,"column":71},"end":{"line":159,"column":73}}],"line":159},"54":{"loc":{"start":{"line":163,"column":4},"end":{"line":169,"column":5}},"type":"if","locations":[{"start":{"line":163,"column":4},"end":{"line":169,"column":5}},{"start":{},"end":{}}],"line":163},"55":{"loc":{"start":{"line":165,"column":26},"end":{"line":165,"column":52}},"type":"binary-expr","locations":[{"start":{"line":165,"column":26},"end":{"line":165,"column":46}},{"start":{"line":165,"column":50},"end":{"line":165,"column":52}}],"line":165},"56":{"loc":{"start":{"line":166,"column":6},"end":{"line":168,"column":7}},"type":"if","locations":[{"start":{"line":166,"column":6},"end":{"line":168,"column":7}},{"start":{},"end":{}}],"line":166},"57":{"loc":{"start":{"line":173,"column":19},"end":{"line":173,"column":47}},"type":"binary-expr","locations":[{"start":{"line":173,"column":19},"end":{"line":173,"column":28}},{"start":{"line":173,"column":32},"end":{"line":173,"column":47}}],"line":173},"58":{"loc":{"start":{"line":177,"column":19},"end":{"line":177,"column":47}},"type":"binary-expr","locations":[{"start":{"line":177,"column":19},"end":{"line":177,"column":39}},{"start":{"line":177,"column":43},"end":{"line":177,"column":47}}],"line":177},"59":{"loc":{"start":{"line":178,"column":16},"end":{"line":178,"column":41}},"type":"binary-expr","locations":[{"start":{"line":178,"column":16},"end":{"line":178,"column":33}},{"start":{"line":178,"column":37},"end":{"line":178,"column":41}}],"line":178},"60":{"loc":{"start":{"line":181,"column":19},"end":{"line":181,"column":52}},"type":"binary-expr","locations":[{"start":{"line":181,"column":19},"end":{"line":181,"column":39}},{"start":{"line":181,"column":43},"end":{"line":181,"column":52}}],"line":181},"61":{"loc":{"start":{"line":183,"column":17},"end":{"line":183,"column":34}},"type":"binary-expr","locations":[{"start":{"line":183,"column":17},"end":{"line":183,"column":26}},{"start":{"line":183,"column":30},"end":{"line":183,"column":34}}],"line":183},"62":{"loc":{"start":{"line":184,"column":16},"end":{"line":184,"column":41}},"type":"binary-expr","locations":[{"start":{"line":184,"column":16},"end":{"line":184,"column":33}},{"start":{"line":184,"column":37},"end":{"line":184,"column":41}}],"line":184},"63":{"loc":{"start":{"line":185,"column":19},"end":{"line":185,"column":49}},"type":"binary-expr","locations":[{"start":{"line":185,"column":19},"end":{"line":185,"column":39}},{"start":{"line":185,"column":43},"end":{"line":185,"column":49}}],"line":185},"64":{"loc":{"start":{"line":186,"column":12},"end":{"line":186,"column":56}},"type":"cond-expr","locations":[{"start":{"line":186,"column":28},"end":{"line":186,"column":49}},{"start":{"line":186,"column":52},"end":{"line":186,"column":56}}],"line":186},"65":{"loc":{"start":{"line":187,"column":17},"end":{"line":187,"column":38}},"type":"binary-expr","locations":[{"start":{"line":187,"column":17},"end":{"line":187,"column":30}},{"start":{"line":187,"column":34},"end":{"line":187,"column":38}}],"line":187},"66":{"loc":{"start":{"line":193,"column":36},"end":{"line":193,"column":54}},"type":"binary-expr","locations":[{"start":{"line":193,"column":36},"end":{"line":193,"column":47}},{"start":{"line":193,"column":51},"end":{"line":193,"column":54}}],"line":193},"67":{"loc":{"start":{"line":203,"column":4},"end":{"line":205,"column":5}},"type":"if","locations":[{"start":{"line":203,"column":4},"end":{"line":205,"column":5}},{"start":{},"end":{}}],"line":203},"68":{"loc":{"start":{"line":207,"column":25},"end":{"line":207,"column":45}},"type":"binary-expr","locations":[{"start":{"line":207,"column":25},"end":{"line":207,"column":39}},{"start":{"line":207,"column":43},"end":{"line":207,"column":45}}],"line":207},"69":{"loc":{"start":{"line":208,"column":4},"end":{"line":208,"column":79}},"type":"if","locations":[{"start":{"line":208,"column":4},"end":{"line":208,"column":79}},{"start":{},"end":{}}],"line":208},"70":{"loc":{"start":{"line":209,"column":23},"end":{"line":209,"column":81}},"type":"cond-expr","locations":[{"start":{"line":209,"column":45},"end":{"line":209,"column":72}},{"start":{"line":209,"column":75},"end":{"line":209,"column":81}}],"line":209},"71":{"loc":{"start":{"line":213,"column":19},"end":{"line":213,"column":47}},"type":"binary-expr","locations":[{"start":{"line":213,"column":19},"end":{"line":213,"column":28}},{"start":{"line":213,"column":32},"end":{"line":213,"column":47}}],"line":213},"72":{"loc":{"start":{"line":221,"column":36},"end":{"line":221,"column":54}},"type":"binary-expr","locations":[{"start":{"line":221,"column":36},"end":{"line":221,"column":47}},{"start":{"line":221,"column":51},"end":{"line":221,"column":54}}],"line":221},"73":{"loc":{"start":{"line":227,"column":4},"end":{"line":229,"column":5}},"type":"if","locations":[{"start":{"line":227,"column":4},"end":{"line":229,"column":5}},{"start":{},"end":{}}],"line":227},"74":{"loc":{"start":{"line":227,"column":8},"end":{"line":227,"column":49}},"type":"binary-expr","locations":[{"start":{"line":227,"column":8},"end":{"line":227,"column":23}},{"start":{"line":227,"column":27},"end":{"line":227,"column":49}}],"line":227},"75":{"loc":{"start":{"line":231,"column":25},"end":{"line":231,"column":45}},"type":"binary-expr","locations":[{"start":{"line":231,"column":25},"end":{"line":231,"column":39}},{"start":{"line":231,"column":43},"end":{"line":231,"column":45}}],"line":231},"76":{"loc":{"start":{"line":232,"column":4},"end":{"line":232,"column":79}},"type":"if","locations":[{"start":{"line":232,"column":4},"end":{"line":232,"column":79}},{"start":{},"end":{}}],"line":232},"77":{"loc":{"start":{"line":235,"column":4},"end":{"line":237,"column":5}},"type":"if","locations":[{"start":{"line":235,"column":4},"end":{"line":237,"column":5}},{"start":{},"end":{}}],"line":235},"78":{"loc":{"start":{"line":235,"column":8},"end":{"line":235,"column":75}},"type":"binary-expr","locations":[{"start":{"line":235,"column":8},"end":{"line":235,"column":17}},{"start":{"line":235,"column":21},"end":{"line":235,"column":45}},{"start":{"line":235,"column":49},"end":{"line":235,"column":75}}],"line":235},"79":{"loc":{"start":{"line":240,"column":4},"end":{"line":249,"column":5}},"type":"if","locations":[{"start":{"line":240,"column":4},"end":{"line":249,"column":5}},{"start":{},"end":{}}],"line":240},"80":{"loc":{"start":{"line":242,"column":6},"end":{"line":248,"column":7}},"type":"if","locations":[{"start":{"line":242,"column":6},"end":{"line":248,"column":7}},{"start":{},"end":{}}],"line":242},"81":{"loc":{"start":{"line":244,"column":8},"end":{"line":246,"column":9}},"type":"if","locations":[{"start":{"line":244,"column":8},"end":{"line":246,"column":9}},{"start":{},"end":{}}],"line":244},"82":{"loc":{"start":{"line":257,"column":4},"end":{"line":262,"column":5}},"type":"if","locations":[{"start":{"line":257,"column":4},"end":{"line":262,"column":5}},{"start":{},"end":{}}],"line":257},"83":{"loc":{"start":{"line":258,"column":6},"end":{"line":260,"column":7}},"type":"if","locations":[{"start":{"line":258,"column":6},"end":{"line":260,"column":7}},{"start":{},"end":{}}],"line":258},"84":{"loc":{"start":{"line":266,"column":36},"end":{"line":266,"column":54}},"type":"binary-expr","locations":[{"start":{"line":266,"column":36},"end":{"line":266,"column":47}},{"start":{"line":266,"column":51},"end":{"line":266,"column":54}}],"line":266},"85":{"loc":{"start":{"line":272,"column":4},"end":{"line":274,"column":5}},"type":"if","locations":[{"start":{"line":272,"column":4},"end":{"line":274,"column":5}},{"start":{},"end":{}}],"line":272},"86":{"loc":{"start":{"line":272,"column":8},"end":{"line":272,"column":49}},"type":"binary-expr","locations":[{"start":{"line":272,"column":8},"end":{"line":272,"column":23}},{"start":{"line":272,"column":27},"end":{"line":272,"column":49}}],"line":272},"87":{"loc":{"start":{"line":277,"column":4},"end":{"line":279,"column":5}},"type":"if","locations":[{"start":{"line":277,"column":4},"end":{"line":279,"column":5}},{"start":{},"end":{}}],"line":277},"88":{"loc":{"start":{"line":277,"column":8},"end":{"line":277,"column":75}},"type":"binary-expr","locations":[{"start":{"line":277,"column":8},"end":{"line":277,"column":17}},{"start":{"line":277,"column":21},"end":{"line":277,"column":45}},{"start":{"line":277,"column":49},"end":{"line":277,"column":75}}],"line":277},"89":{"loc":{"start":{"line":282,"column":4},"end":{"line":284,"column":5}},"type":"if","locations":[{"start":{"line":282,"column":4},"end":{"line":284,"column":5}},{"start":{},"end":{}}],"line":282},"90":{"loc":{"start":{"line":282,"column":8},"end":{"line":282,"column":56}},"type":"binary-expr","locations":[{"start":{"line":282,"column":8},"end":{"line":282,"column":23}},{"start":{"line":282,"column":27},"end":{"line":282,"column":56}}],"line":282},"91":{"loc":{"start":{"line":285,"column":4},"end":{"line":287,"column":5}},"type":"if","locations":[{"start":{"line":285,"column":4},"end":{"line":287,"column":5}},{"start":{},"end":{}}],"line":285},"92":{"loc":{"start":{"line":291,"column":36},"end":{"line":291,"column":54}},"type":"binary-expr","locations":[{"start":{"line":291,"column":36},"end":{"line":291,"column":47}},{"start":{"line":291,"column":51},"end":{"line":291,"column":54}}],"line":291},"93":{"loc":{"start":{"line":297,"column":4},"end":{"line":299,"column":5}},"type":"if","locations":[{"start":{"line":297,"column":4},"end":{"line":299,"column":5}},{"start":{},"end":{}}],"line":297},"94":{"loc":{"start":{"line":297,"column":8},"end":{"line":297,"column":49}},"type":"binary-expr","locations":[{"start":{"line":297,"column":8},"end":{"line":297,"column":23}},{"start":{"line":297,"column":27},"end":{"line":297,"column":49}}],"line":297},"95":{"loc":{"start":{"line":302,"column":4},"end":{"line":304,"column":5}},"type":"if","locations":[{"start":{"line":302,"column":4},"end":{"line":304,"column":5}},{"start":{},"end":{}}],"line":302},"96":{"loc":{"start":{"line":302,"column":8},"end":{"line":302,"column":81}},"type":"binary-expr","locations":[{"start":{"line":302,"column":8},"end":{"line":302,"column":17}},{"start":{"line":302,"column":22},"end":{"line":302,"column":43}},{"start":{"line":302,"column":47},"end":{"line":302,"column":80}}],"line":302},"97":{"loc":{"start":{"line":306,"column":18},"end":{"line":306,"column":96}},"type":"cond-expr","locations":[{"start":{"line":306,"column":49},"end":{"line":306,"column":84}},{"start":{"line":306,"column":87},"end":{"line":306,"column":96}}],"line":306},"98":{"loc":{"start":{"line":306,"column":56},"end":{"line":306,"column":76}},"type":"binary-expr","locations":[{"start":{"line":306,"column":56},"end":{"line":306,"column":70}},{"start":{"line":306,"column":74},"end":{"line":306,"column":76}}],"line":306},"99":{"loc":{"start":{"line":307,"column":4},"end":{"line":309,"column":5}},"type":"if","locations":[{"start":{"line":307,"column":4},"end":{"line":309,"column":5}},{"start":{},"end":{}}],"line":307},"100":{"loc":{"start":{"line":307,"column":8},"end":{"line":307,"column":46}},"type":"binary-expr","locations":[{"start":{"line":307,"column":8},"end":{"line":307,"column":36}},{"start":{"line":307,"column":40},"end":{"line":307,"column":46}}],"line":307},"101":{"loc":{"start":{"line":312,"column":4},"end":{"line":321,"column":5}},"type":"if","locations":[{"start":{"line":312,"column":4},"end":{"line":321,"column":5}},{"start":{},"end":{}}],"line":312},"102":{"loc":{"start":{"line":314,"column":6},"end":{"line":320,"column":7}},"type":"if","locations":[{"start":{"line":314,"column":6},"end":{"line":320,"column":7}},{"start":{},"end":{}}],"line":314},"103":{"loc":{"start":{"line":316,"column":8},"end":{"line":318,"column":9}},"type":"if","locations":[{"start":{"line":316,"column":8},"end":{"line":318,"column":9}},{"start":{},"end":{}}],"line":316},"104":{"loc":{"start":{"line":323,"column":4},"end":{"line":329,"column":5}},"type":"if","locations":[{"start":{"line":323,"column":4},"end":{"line":329,"column":5}},{"start":{},"end":{}}],"line":323},"105":{"loc":{"start":{"line":325,"column":26},"end":{"line":325,"column":52}},"type":"binary-expr","locations":[{"start":{"line":325,"column":26},"end":{"line":325,"column":46}},{"start":{"line":325,"column":50},"end":{"line":325,"column":52}}],"line":325},"106":{"loc":{"start":{"line":326,"column":6},"end":{"line":328,"column":7}},"type":"if","locations":[{"start":{"line":326,"column":6},"end":{"line":328,"column":7}},{"start":{},"end":{}}],"line":326},"107":{"loc":{"start":{"line":332,"column":13},"end":{"line":332,"column":52}},"type":"cond-expr","locations":[{"start":{"line":332,"column":35},"end":{"line":332,"column":40}},{"start":{"line":332,"column":43},"end":{"line":332,"column":52}}],"line":332},"108":{"loc":{"start":{"line":335,"column":12},"end":{"line":335,"column":83}},"type":"cond-expr","locations":[{"start":{"line":335,"column":43},"end":{"line":335,"column":56}},{"start":{"line":335,"column":59},"end":{"line":335,"column":83}}],"line":335},"109":{"loc":{"start":{"line":338,"column":14},"end":{"line":338,"column":80}},"type":"cond-expr","locations":[{"start":{"line":338,"column":53},"end":{"line":338,"column":68}},{"start":{"line":338,"column":71},"end":{"line":338,"column":80}}],"line":338},"110":{"loc":{"start":{"line":342,"column":4},"end":{"line":344,"column":5}},"type":"if","locations":[{"start":{"line":342,"column":4},"end":{"line":344,"column":5}},{"start":{},"end":{}}],"line":342},"111":{"loc":{"start":{"line":342,"column":8},"end":{"line":342,"column":47}},"type":"binary-expr","locations":[{"start":{"line":342,"column":8},"end":{"line":342,"column":12}},{"start":{"line":342,"column":16},"end":{"line":342,"column":47}}],"line":342},"112":{"loc":{"start":{"line":346,"column":4},"end":{"line":348,"column":5}},"type":"if","locations":[{"start":{"line":346,"column":4},"end":{"line":348,"column":5}},{"start":{},"end":{}}],"line":346},"113":{"loc":{"start":{"line":352,"column":36},"end":{"line":352,"column":54}},"type":"binary-expr","locations":[{"start":{"line":352,"column":36},"end":{"line":352,"column":47}},{"start":{"line":352,"column":51},"end":{"line":352,"column":54}}],"line":352},"114":{"loc":{"start":{"line":358,"column":4},"end":{"line":360,"column":5}},"type":"if","locations":[{"start":{"line":358,"column":4},"end":{"line":360,"column":5}},{"start":{},"end":{}}],"line":358},"115":{"loc":{"start":{"line":358,"column":8},"end":{"line":358,"column":49}},"type":"binary-expr","locations":[{"start":{"line":358,"column":8},"end":{"line":358,"column":23}},{"start":{"line":358,"column":27},"end":{"line":358,"column":49}}],"line":358},"116":{"loc":{"start":{"line":363,"column":4},"end":{"line":365,"column":5}},"type":"if","locations":[{"start":{"line":363,"column":4},"end":{"line":365,"column":5}},{"start":{},"end":{}}],"line":363},"117":{"loc":{"start":{"line":363,"column":8},"end":{"line":363,"column":58}},"type":"binary-expr","locations":[{"start":{"line":363,"column":8},"end":{"line":363,"column":12}},{"start":{"line":363,"column":16},"end":{"line":363,"column":35}},{"start":{"line":363,"column":39},"end":{"line":363,"column":58}}],"line":363},"118":{"loc":{"start":{"line":366,"column":4},"end":{"line":368,"column":5}},"type":"if","locations":[{"start":{"line":366,"column":4},"end":{"line":368,"column":5}},{"start":{},"end":{}}],"line":366},"119":{"loc":{"start":{"line":366,"column":8},"end":{"line":366,"column":57}},"type":"binary-expr","locations":[{"start":{"line":366,"column":8},"end":{"line":366,"column":23}},{"start":{"line":366,"column":27},"end":{"line":366,"column":57}}],"line":366},"120":{"loc":{"start":{"line":370,"column":21},"end":{"line":370,"column":100}},"type":"binary-expr","locations":[{"start":{"line":370,"column":21},"end":{"line":370,"column":57}},{"start":{"line":370,"column":61},"end":{"line":370,"column":100}}],"line":370},"121":{"loc":{"start":{"line":373,"column":20},"end":{"line":373,"column":101}},"type":"cond-expr","locations":[{"start":{"line":373,"column":76},"end":{"line":373,"column":77}},{"start":{"line":373,"column":80},"end":{"line":373,"column":101}}],"line":373},"122":{"loc":{"start":{"line":373,"column":20},"end":{"line":373,"column":73}},"type":"binary-expr","locations":[{"start":{"line":373,"column":20},"end":{"line":373,"column":47}},{"start":{"line":373,"column":51},"end":{"line":373,"column":73}}],"line":373},"123":{"loc":{"start":{"line":374,"column":4},"end":{"line":376,"column":5}},"type":"if","locations":[{"start":{"line":374,"column":4},"end":{"line":376,"column":5}},{"start":{},"end":{}}],"line":374},"124":{"loc":{"start":{"line":374,"column":8},"end":{"line":374,"column":84}},"type":"binary-expr","locations":[{"start":{"line":374,"column":8},"end":{"line":374,"column":39}},{"start":{"line":374,"column":43},"end":{"line":374,"column":61}},{"start":{"line":374,"column":65},"end":{"line":374,"column":84}}],"line":374},"125":{"loc":{"start":{"line":382,"column":4},"end":{"line":384,"column":5}},"type":"if","locations":[{"start":{"line":382,"column":4},"end":{"line":384,"column":5}},{"start":{},"end":{}}],"line":382},"126":{"loc":{"start":{"line":412,"column":36},"end":{"line":412,"column":54}},"type":"binary-expr","locations":[{"start":{"line":412,"column":36},"end":{"line":412,"column":47}},{"start":{"line":412,"column":51},"end":{"line":412,"column":54}}],"line":412},"127":{"loc":{"start":{"line":418,"column":4},"end":{"line":420,"column":5}},"type":"if","locations":[{"start":{"line":418,"column":4},"end":{"line":420,"column":5}},{"start":{},"end":{}}],"line":418},"128":{"loc":{"start":{"line":418,"column":8},"end":{"line":418,"column":49}},"type":"binary-expr","locations":[{"start":{"line":418,"column":8},"end":{"line":418,"column":23}},{"start":{"line":418,"column":27},"end":{"line":418,"column":49}}],"line":418},"129":{"loc":{"start":{"line":423,"column":4},"end":{"line":425,"column":5}},"type":"if","locations":[{"start":{"line":423,"column":4},"end":{"line":425,"column":5}},{"start":{},"end":{}}],"line":423},"130":{"loc":{"start":{"line":423,"column":8},"end":{"line":423,"column":58}},"type":"binary-expr","locations":[{"start":{"line":423,"column":8},"end":{"line":423,"column":12}},{"start":{"line":423,"column":16},"end":{"line":423,"column":35}},{"start":{"line":423,"column":39},"end":{"line":423,"column":58}}],"line":423},"131":{"loc":{"start":{"line":431,"column":25},"end":{"line":431,"column":102}},"type":"binary-expr","locations":[{"start":{"line":431,"column":25},"end":{"line":431,"column":59}},{"start":{"line":431,"column":63},"end":{"line":431,"column":102}}],"line":431},"132":{"loc":{"start":{"line":444,"column":36},"end":{"line":444,"column":54}},"type":"binary-expr","locations":[{"start":{"line":444,"column":36},"end":{"line":444,"column":47}},{"start":{"line":444,"column":51},"end":{"line":444,"column":54}}],"line":444},"133":{"loc":{"start":{"line":450,"column":4},"end":{"line":452,"column":5}},"type":"if","locations":[{"start":{"line":450,"column":4},"end":{"line":452,"column":5}},{"start":{},"end":{}}],"line":450},"134":{"loc":{"start":{"line":450,"column":8},"end":{"line":450,"column":54}},"type":"binary-expr","locations":[{"start":{"line":450,"column":8},"end":{"line":450,"column":23}},{"start":{"line":450,"column":27},"end":{"line":450,"column":54}}],"line":450},"135":{"loc":{"start":{"line":455,"column":4},"end":{"line":457,"column":5}},"type":"if","locations":[{"start":{"line":455,"column":4},"end":{"line":457,"column":5}},{"start":{},"end":{}}],"line":455},"136":{"loc":{"start":{"line":460,"column":4},"end":{"line":462,"column":5}},"type":"if","locations":[{"start":{"line":460,"column":4},"end":{"line":462,"column":5}},{"start":{},"end":{}}],"line":460},"137":{"loc":{"start":{"line":460,"column":8},"end":{"line":460,"column":35}},"type":"binary-expr","locations":[{"start":{"line":460,"column":8},"end":{"line":460,"column":12}},{"start":{"line":460,"column":16},"end":{"line":460,"column":35}}],"line":460},"138":{"loc":{"start":{"line":465,"column":21},"end":{"line":465,"column":98}},"type":"binary-expr","locations":[{"start":{"line":465,"column":21},"end":{"line":465,"column":55}},{"start":{"line":465,"column":59},"end":{"line":465,"column":98}}],"line":465},"139":{"loc":{"start":{"line":477,"column":36},"end":{"line":477,"column":54}},"type":"binary-expr","locations":[{"start":{"line":477,"column":36},"end":{"line":477,"column":47}},{"start":{"line":477,"column":51},"end":{"line":477,"column":54}}],"line":477},"140":{"loc":{"start":{"line":483,"column":4},"end":{"line":485,"column":5}},"type":"if","locations":[{"start":{"line":483,"column":4},"end":{"line":485,"column":5}},{"start":{},"end":{}}],"line":483},"141":{"loc":{"start":{"line":483,"column":8},"end":{"line":483,"column":49}},"type":"binary-expr","locations":[{"start":{"line":483,"column":8},"end":{"line":483,"column":23}},{"start":{"line":483,"column":27},"end":{"line":483,"column":49}}],"line":483},"142":{"loc":{"start":{"line":487,"column":4},"end":{"line":489,"column":5}},"type":"if","locations":[{"start":{"line":487,"column":4},"end":{"line":489,"column":5}},{"start":{},"end":{}}],"line":487},"143":{"loc":{"start":{"line":492,"column":4},"end":{"line":494,"column":5}},"type":"if","locations":[{"start":{"line":492,"column":4},"end":{"line":494,"column":5}},{"start":{},"end":{}}],"line":492},"144":{"loc":{"start":{"line":492,"column":8},"end":{"line":492,"column":81}},"type":"binary-expr","locations":[{"start":{"line":492,"column":8},"end":{"line":492,"column":17}},{"start":{"line":492,"column":22},"end":{"line":492,"column":43}},{"start":{"line":492,"column":47},"end":{"line":492,"column":80}}],"line":492},"145":{"loc":{"start":{"line":496,"column":4},"end":{"line":498,"column":5}},"type":"if","locations":[{"start":{"line":496,"column":4},"end":{"line":498,"column":5}},{"start":{},"end":{}}],"line":496},"146":{"loc":{"start":{"line":496,"column":8},"end":{"line":496,"column":50}},"type":"binary-expr","locations":[{"start":{"line":496,"column":8},"end":{"line":496,"column":32}},{"start":{"line":496,"column":36},"end":{"line":496,"column":50}}],"line":496},"147":{"loc":{"start":{"line":501,"column":24},"end":{"line":501,"column":92}},"type":"cond-expr","locations":[{"start":{"line":501,"column":42},"end":{"line":501,"column":85}},{"start":{"line":501,"column":88},"end":{"line":501,"column":92}}],"line":501},"148":{"loc":{"start":{"line":502,"column":4},"end":{"line":504,"column":5}},"type":"if","locations":[{"start":{"line":502,"column":4},"end":{"line":504,"column":5}},{"start":{},"end":{}}],"line":502},"149":{"loc":{"start":{"line":510,"column":4},"end":{"line":524,"column":5}},"type":"if","locations":[{"start":{"line":510,"column":4},"end":{"line":524,"column":5}},{"start":{},"end":{}}],"line":510},"150":{"loc":{"start":{"line":511,"column":30},"end":{"line":511,"column":51}},"type":"binary-expr","locations":[{"start":{"line":511,"column":30},"end":{"line":511,"column":46}},{"start":{"line":511,"column":50},"end":{"line":511,"column":51}}],"line":511},"151":{"loc":{"start":{"line":519,"column":19},"end":{"line":519,"column":45}},"type":"binary-expr","locations":[{"start":{"line":519,"column":19},"end":{"line":519,"column":37}},{"start":{"line":519,"column":41},"end":{"line":519,"column":45}}],"line":519},"152":{"loc":{"start":{"line":520,"column":18},"end":{"line":520,"column":44}},"type":"binary-expr","locations":[{"start":{"line":520,"column":18},"end":{"line":520,"column":36}},{"start":{"line":520,"column":40},"end":{"line":520,"column":44}}],"line":520},"153":{"loc":{"start":{"line":521,"column":14},"end":{"line":521,"column":35}},"type":"binary-expr","locations":[{"start":{"line":521,"column":14},"end":{"line":521,"column":27}},{"start":{"line":521,"column":31},"end":{"line":521,"column":35}}],"line":521},"154":{"loc":{"start":{"line":522,"column":19},"end":{"line":522,"column":46}},"type":"binary-expr","locations":[{"start":{"line":522,"column":19},"end":{"line":522,"column":38}},{"start":{"line":522,"column":42},"end":{"line":522,"column":46}}],"line":522},"155":{"loc":{"start":{"line":526,"column":37},"end":{"line":526,"column":64}},"type":"binary-expr","locations":[{"start":{"line":526,"column":37},"end":{"line":526,"column":58}},{"start":{"line":526,"column":62},"end":{"line":526,"column":64}}],"line":526},"156":{"loc":{"start":{"line":527,"column":22},"end":{"line":527,"column":105}},"type":"binary-expr","locations":[{"start":{"line":527,"column":22},"end":{"line":527,"column":33}},{"start":{"line":527,"column":37},"end":{"line":527,"column":105}}],"line":527},"157":{"loc":{"start":{"line":527,"column":50},"end":{"line":527,"column":73}},"type":"binary-expr","locations":[{"start":{"line":527,"column":50},"end":{"line":527,"column":67}},{"start":{"line":527,"column":71},"end":{"line":527,"column":73}}],"line":527},"158":{"loc":{"start":{"line":532,"column":31},"end":{"line":532,"column":52}},"type":"binary-expr","locations":[{"start":{"line":532,"column":31},"end":{"line":532,"column":47}},{"start":{"line":532,"column":51},"end":{"line":532,"column":52}}],"line":532},"159":{"loc":{"start":{"line":535,"column":17},"end":{"line":535,"column":56}},"type":"binary-expr","locations":[{"start":{"line":535,"column":17},"end":{"line":535,"column":26}},{"start":{"line":535,"column":30},"end":{"line":535,"column":48}},{"start":{"line":535,"column":52},"end":{"line":535,"column":56}}],"line":535},"160":{"loc":{"start":{"line":536,"column":16},"end":{"line":536,"column":63}},"type":"binary-expr","locations":[{"start":{"line":536,"column":16},"end":{"line":536,"column":33}},{"start":{"line":536,"column":37},"end":{"line":536,"column":55}},{"start":{"line":536,"column":59},"end":{"line":536,"column":63}}],"line":536},"161":{"loc":{"start":{"line":537,"column":12},"end":{"line":537,"column":73}},"type":"cond-expr","locations":[{"start":{"line":537,"column":28},"end":{"line":537,"column":49}},{"start":{"line":537,"column":52},"end":{"line":537,"column":73}}],"line":537},"162":{"loc":{"start":{"line":537,"column":52},"end":{"line":537,"column":73}},"type":"binary-expr","locations":[{"start":{"line":537,"column":52},"end":{"line":537,"column":65}},{"start":{"line":537,"column":69},"end":{"line":537,"column":73}}],"line":537},"163":{"loc":{"start":{"line":538,"column":17},"end":{"line":538,"column":61}},"type":"binary-expr","locations":[{"start":{"line":538,"column":17},"end":{"line":538,"column":30}},{"start":{"line":538,"column":34},"end":{"line":538,"column":53}},{"start":{"line":538,"column":57},"end":{"line":538,"column":61}}],"line":538},"164":{"loc":{"start":{"line":542,"column":4},"end":{"line":544,"column":5}},"type":"if","locations":[{"start":{"line":542,"column":4},"end":{"line":544,"column":5}},{"start":{},"end":{}}],"line":542},"165":{"loc":{"start":{"line":548,"column":36},"end":{"line":548,"column":54}},"type":"binary-expr","locations":[{"start":{"line":548,"column":36},"end":{"line":548,"column":47}},{"start":{"line":548,"column":51},"end":{"line":548,"column":54}}],"line":548},"166":{"loc":{"start":{"line":554,"column":4},"end":{"line":556,"column":5}},"type":"if","locations":[{"start":{"line":554,"column":4},"end":{"line":556,"column":5}},{"start":{},"end":{}}],"line":554},"167":{"loc":{"start":{"line":554,"column":8},"end":{"line":554,"column":49}},"type":"binary-expr","locations":[{"start":{"line":554,"column":8},"end":{"line":554,"column":23}},{"start":{"line":554,"column":27},"end":{"line":554,"column":49}}],"line":554},"168":{"loc":{"start":{"line":559,"column":4},"end":{"line":561,"column":5}},"type":"if","locations":[{"start":{"line":559,"column":4},"end":{"line":561,"column":5}},{"start":{},"end":{}}],"line":559},"169":{"loc":{"start":{"line":559,"column":8},"end":{"line":559,"column":58}},"type":"binary-expr","locations":[{"start":{"line":559,"column":8},"end":{"line":559,"column":12}},{"start":{"line":559,"column":16},"end":{"line":559,"column":35}},{"start":{"line":559,"column":39},"end":{"line":559,"column":58}}],"line":559},"170":{"loc":{"start":{"line":577,"column":36},"end":{"line":577,"column":54}},"type":"binary-expr","locations":[{"start":{"line":577,"column":36},"end":{"line":577,"column":47}},{"start":{"line":577,"column":51},"end":{"line":577,"column":54}}],"line":577},"171":{"loc":{"start":{"line":583,"column":4},"end":{"line":585,"column":5}},"type":"if","locations":[{"start":{"line":583,"column":4},"end":{"line":585,"column":5}},{"start":{},"end":{}}],"line":583},"172":{"loc":
[...]
column":16}},{"start":{"line":150,"column":20},"end":{"line":150,"column":24}}],"line":150},"38":{"loc":{"start":{"line":151,"column":6},"end":{"line":151,"column":28}},"type":"binary-expr","locations":[{"start":{"line":151,"column":6},"end":{"line":151,"column":20}},{"start":{"line":151,"column":24},"end":{"line":151,"column":28}}],"line":151},"39":{"loc":{"start":{"line":152,"column":6},"end":{"line":152,"column":27}},"type":"binary-expr","locations":[{"start":{"line":152,"column":6},"end":{"line":152,"column":19}},{"start":{"line":152,"column":23},"end":{"line":152,"column":27}}],"line":152},"40":{"loc":{"start":{"line":153,"column":6},"end":{"line":153,"column":26}},"type":"binary-expr","locations":[{"start":{"line":153,"column":6},"end":{"line":153,"column":18}},{"start":{"line":153,"column":22},"end":{"line":153,"column":26}}],"line":153},"41":{"loc":{"start":{"line":154,"column":6},"end":{"line":154,"column":26}},"type":"binary-expr","locations":[{"start":{"line":154,"column":6},"end":{"line":154,"column":18}},{"start":{"line":154,"column":22},"end":{"line":154,"column":26}}],"line":154},"42":{"loc":{"start":{"line":155,"column":6},"end":{"line":155,"column":27}},"type":"binary-expr","locations":[{"start":{"line":155,"column":6},"end":{"line":155,"column":19}},{"start":{"line":155,"column":23},"end":{"line":155,"column":27}}],"line":155},"43":{"loc":{"start":{"line":156,"column":6},"end":{"line":156,"column":28}},"type":"binary-expr","locations":[{"start":{"line":156,"column":6},"end":{"line":156,"column":20}},{"start":{"line":156,"column":24},"end":{"line":156,"column":28}}],"line":156},"44":{"loc":{"start":{"line":157,"column":6},"end":{"line":157,"column":25}},"type":"binary-expr","locations":[{"start":{"line":157,"column":6},"end":{"line":157,"column":17}},{"start":{"line":157,"column":21},"end":{"line":157,"column":25}}],"line":157},"45":{"loc":{"start":{"line":161,"column":9},"end":{"line":161,"column":31}},"type":"binary-expr","locations":[{"start":{"line":161,"column":9},"end":{"line":161,"column":23}},{"start":{"line":161,"column":27},"end":{"line":161,"column":31}}],"line":161},"46":{"loc":{"start":{"line":175,"column":23},"end":{"line":175,"column":40}},"type":"binary-expr","locations":[{"start":{"line":175,"column":23},"end":{"line":175,"column":32}},{"start":{"line":175,"column":36},"end":{"line":175,"column":40}}],"line":175},"47":{"loc":{"start":{"line":177,"column":9},"end":{"line":177,"column":31}},"type":"binary-expr","locations":[{"start":{"line":177,"column":9},"end":{"line":177,"column":23}},{"start":{"line":177,"column":27},"end":{"line":177,"column":31}}],"line":177},"48":{"loc":{"start":{"line":189,"column":9},"end":{"line":189,"column":31}},"type":"binary-expr","locations":[{"start":{"line":189,"column":9},"end":{"line":189,"column":23}},{"start":{"line":189,"column":27},"end":{"line":189,"column":31}}],"line":189},"49":{"loc":{"start":{"line":200,"column":9},"end":{"line":200,"column":31}},"type":"binary-expr","locations":[{"start":{"line":200,"column":9},"end":{"line":200,"column":23}},{"start":{"line":200,"column":27},"end":{"line":200,"column":31}}],"line":200},"50":{"loc":{"start":{"line":214,"column":9},"end":{"line":214,"column":31}},"type":"binary-expr","locations":[{"start":{"line":214,"column":9},"end":{"line":214,"column":23}},{"start":{"line":214,"column":27},"end":{"line":214,"column":31}}],"line":214}},"s":{"0":0,"1":0,"2":0,"3":0,"4":0,"5":0,"6":0,"7":0,"8":0,"9":0,"10":0,"11":0,"12":0,"13":0,"14":0,"15":0,"16":0,"17":0,"18":0,"19":0,"20":0,"21":0,"22":0,"23":0,"24":0,"25":0,"26":0,"27":0,"28":0,"29":0,"30":0,"31":0,"32":0,"33":0,"34":0,"35":0,"36":0,"37":0,"38":0,"39":0,"40":0,"41":0,"42":0,"43":0,"44":0,"45":0,"46":0,"47":0,"48":0,"49":0,"50":0,"51":0,"52":0,"53":0,"54":0,"55":0,"56":0,"57":0,"58":0,"59":0,"60":0,"61":0,"62":0,"63":0,"64":0,"65":0,"66":0,"67":0},"f":{"0":0,"1":0,"2":0,"3":0,"4":0,"5":0,"6":0,"7":0,"8":0,"9":0,"10":0,"11":0,"12":0,"13":0,"14":0,"15":0},"b":{"0":[0,0],"1":[0,0],"2":[0,0],"3":[0,0],"4":[0,0],"5":[0,0],"6":[0,0],"7":[0,0],"8":[0,0],"9":[0,0],"10":[0,0],"11":[0,0],"12":[0,0],"13":[0,0],"14":[0,0],"15":[0,0],"16":[0,0],"17":[0,0],"18":[0,0],"19":[0,0],"20":[0,0],"21":[0,0],"22":[0,0],"23":[0,0],"24":[0,0],"25":[0,0],"26":[0,0],"27":[0,0],"28":[0,0],"29":[0,0],"30":[0,0],"31":[0,0],"32":[0,0],"33":[0,0],"34":[0,0],"35":[0,0],"36":[0,0],"37":[0,0],"38":[0,0],"39":[0,0],"40":[0,0],"41":[0,0],"42":[0,0],"43":[0,0],"44":[0,0],"45":[0,0],"46":[0,0],"47":[0,0],"48":[0,0],"49":[0,0],"50":[0,0]}}
,"/home/ubuntu/Desktop/ENIT-CONNECT/Backend/routes/admin.routes.js": {"path":"/home/ubuntu/Desktop/ENIT-CONNECT/Backend/routes/admin.routes.js","statementMap":{"0":{"start":{"line":1,"column":16},"end":{"line":1,"column":34}},"1":{"start":{"line":2,"column":15},"end":{"line":2,"column":31}},"2":{"start":{"line":3,"column":18},"end":{"line":3,"column":47}},"3":{"start":{"line":5,"column":20},"end":{"line":5,"column":45}},"4":{"start":{"line":6,"column":19},"end":{"line":6,"column":61}},"5":{"start":{"line":7,"column":33},"end":{"line":7,"column":85}},"6":{"start":{"line":8,"column":22},"end":{"line":8,"column":71}},"7":{"start":{"line":9,"column":16},"end":{"line":9,"column":45}},"8":{"start":{"line":10,"column":16},"end":{"line":10,"column":45}},"9":{"start":{"line":11,"column":28},"end":{"line":11,"column":71}},"10":{"start":{"line":14,"column":25},"end":{"line":19,"column":2}},"11":{"start":{"line":22,"column":0},"end":{"line":22,"column":54}},"12":{"start":{"line":23,"column":0},"end":{"line":23,"column":59}},"13":{"start":{"line":25,"column":0},"end":{"line":25,"column":75}},"14":{"start":{"line":27,"column":0},"end":{"line":27,"column":77}},"15":{"start":{"line":29,"column":0},"end":{"line":29,"column":80}},"16":{"start":{"line":31,"column":0},"end":{"line":31,"column":81}},"17":{"start":{"line":33,"column":0},"end":{"line":33,"column":104}},"18":{"start":{"line":34,"column":0},"end":{"line":34,"column":115}},"19":{"start":{"line":35,"column":0},"end":{"line":35,"column":110}},"20":{"start":{"line":36,"column":0},"end":{"line":36,"column":107}},"21":{"start":{"line":37,"column":0},"end":{"line":37,"column":113}},"22":{"start":{"line":39,"column":0},"end":{"line":39,"column":67}},"23":{"start":{"line":41,"column":0},"end":{"line":41,"column":96}},"24":{"start":{"line":43,"column":0},"end":{"line":43,"column":97}},"25":{"start":{"line":45,"column":0},"end":{"line":45,"column":75}},"26":{"start":{"line":47,"column":0},"end":{"line":47,"column":90}},"27":{"start":{"line":49,"column":0},"end":{"line":49,"column":89}},"28":{"start":{"line":51,"column":0},"end":{"line":51,"column":93}},"29":{"start":{"line":53,"column":0},"end":{"line":53,"column":94}},"30":{"start":{"line":55,"column":0},"end":{"line":55,"column":75}},"31":{"start":{"line":57,"column":0},"end":{"line":57,"column":93}},"32":{"start":{"line":59,"column":0},"end":{"line":59,"column":94}},"33":{"start":{"line":61,"column":0},"end":{"line":61,"column":86}},"34":{"start":{"line":63,"column":0},"end":{"line":63,"column":91}},"35":{"start":{"line":65,"column":0},"end":{"line":65,"column":103}},"36":{"start":{"line":66,"column":0},"end":{"line":72,"column":2}},"37":{"start":{"line":74,"column":0},"end":{"line":74,"column":111}},"38":{"start":{"line":75,"column":0},"end":{"line":75,"column":116}},"39":{"start":{"line":76,"column":0},"end":{"line":76,"column":117}},"40":{"start":{"line":77,"column":0},"end":{"line":77,"column":113}},"41":{"start":{"line":78,"column":0},"end":{"line":78,"column":109}},"42":{"start":{"line":79,"column":0},"end":{"line":79,"column":117}},"43":{"start":{"line":81,"column":0},"end":{"line":81,"column":116}},"44":{"start":{"line":82,"column":0},"end":{"line":82,"column":115}},"45":{"start":{"line":83,"column":0},"end":{"line":88,"column":2}},"46":{"start":{"line":89,"column":0},"end":{"line":89,"column":123}},"47":{"start":{"line":90,"column":0},"end":{"line":95,"column":2}},"48":{"start":{"line":96,"column":0},"end":{"line":96,"column":105}},"49":{"start":{"line":97,"column":0},"end":{"line":97,"column":110}},"50":{"start":{"line":98,"column":0},"end":{"line":104,"column":2}},"51":{"start":{"line":105,"column":0},"end":{"line":105,"column":111}},"52":{"start":{"line":108,"column":0},"end":{"line":108,"column":96}},"53":{"start":{"line":110,"column":0},"end":{"line":110,"column":88}},"54":{"start":{"line":112,"column":0},"end":{"line":112,"column":91}},"55":{"start":{"line":114,"column":0},"end":{"line":114,"column":48}},"56":{"start":{"line":116,"column":0},"end":{"line":116,"column":84}},"57":{"start":{"line":118,"column":0},"end":{"line":118,"column":100}},"58":{"start":{"line":120,"column":0},"end":{"line":120,"column":102}},"59":{"start":{"line":122,"column":0},"end":{"line":122,"column":99}},"60":{"start":{"line":124,"column":0},"end":{"line":124,"column":104}},"61":{"start":{"line":125,"column":0},"end":{"line":125,"column":108}},"62":{"start":{"line":127,"column":0},"end":{"line":127,"column":71}},"63":{"start":{"line":129,"column":0},"end":{"line":129,"column":94}},"64":{"start":{"line":131,"column":0},"end":{"line":131,"column":71}},"65":{"start":{"line":133,"column":0},"end":{"line":133,"column":79}},"66":{"start":{"line":135,"column":0},"end":{"line":135,"column":87}},"67":{"start":{"line":137,"column":0},"end":{"line":137,"column":53}},"68":{"start":{"line":139,"column":0},"end":{"line":139,"column":40}},"69":{"start":{"line":142,"column":0},"end":{"line":142,"column":24}}},"fnMap":{},"branchMap":{},"s":{"0":0,"1":0,"2":0,"3":0,"4":0,"5":0,"6":0,"7":0,"8":0,"9":0,"10":0,"11":0,"12":0,"13":0,"14":0,"15":0,"16":0,"17":0,"18":0,"19":0,"20":0,"21":0,"22":0,"23":0,"24":0,"25":0,"26":0,"27":0,"28":0,"29":0,"30":0,"31":0,"32":0,"33":0,"34":0,"35":0,"36":0,"37":0,"38":0,"39":0,"40":0,"41":0,"42":0,"43":0,"44":0,"45":0,"46":0,"47":0,"48":0,"49":0,"50":0,"51":0,"52":0,"53":0,"54":0,"55":0,"56":0,"57":0,"58":0,"59":0,"60":0,"61":0,"62":0,"63":0,"64":0,"65":0,"66":0,"67":0,"68":0,"69":0},"f":{},"b":{}}
,"/home/ubuntu/Desktop/ENIT-CONNECT/Backend/routes/auth.routes.js": {"path":"/home/ubuntu/Desktop/ENIT-CONNECT/Backend/routes/auth.routes.js","statementMap":{"0":{"start":{"line":1,"column":16},"end":{"line":1,"column":34}},"1":{"start":{"line":2,"column":15},"end":{"line":2,"column":31}},"2":{"start":{"line":3,"column":18},"end":{"line":3,"column":47}},"3":{"start":{"line":4,"column":23},"end":{"line":4,"column":64}},"4":{"start":{"line":7,"column":20},"end":{"line":11,"column":2}},"5":{"start":{"line":14,"column":0},"end":{"line":14,"column":47}},"6":{"start":{"line":17,"column":0},"end":{"line":17,"column":66}},"7":{"start":{"line":20,"column":0},"end":{"line":20,"column":46}},"8":{"start":{"line":22,"column":0},"end":{"line":22,"column":24}}},"fnMap":{},"branchMap":{},"s":{"0":0,"1":0,"2":0,"3":0,"4":0,"5":0,"6":0,"7":0,"8":0},"f":{},"b":{}}
,"/home/ubuntu/Desktop/ENIT-CONNECT/Backend/routes/company.routes.js": {"path":"/home/ubuntu/Desktop/ENIT-CONNECT/Backend/routes/company.routes.js","statementMap":{"0":{"start":{"line":1,"column":16},"end":{"line":1,"column":34}},"1":{"start":{"line":2,"column":15},"end":{"line":2,"column":31}},"2":{"start":{"line":3,"column":18},"end":{"line":3,"column":47}},"3":{"start":{"line":5,"column":25},"end":{"line":5,"column":50}},"4":{"start":{"line":6,"column":20},"end":{"line":6,"column":45}},"5":{"start":{"line":7,"column":27},"end":{"line":7,"column":52}},"6":{"start":{"line":8,"column":22},"end":{"line":8,"column":71}},"7":{"start":{"line":9,"column":16},"end":{"line":9,"column":45}},"8":{"start":{"line":12,"column":20},"end":{"line":17,"column":2}},"9":{"start":{"line":20,"column":0},"end":{"line":20,"column":88}},"10":{"start":{"line":22,"column":0},"end":{"line":22,"column":47}},"11":{"start":{"line":23,"column":0},"end":{"line":23,"column":81}},"12":{"start":{"line":25,"column":0},"end":{"line":25,"column":51}},"13":{"start":{"line":27,"column":0},"end":{"line":27,"column":74}},"14":{"start":{"line":29,"column":0},"end":{"line":29,"column":61}},"15":{"start":{"line":31,"column":0},"end":{"line":31,"column":60}},"16":{"start":{"line":33,"column":0},"end":{"line":33,"column":108}},"17":{"start":{"line":34,"column":0},"end":{"line":34,"column":119}},"18":{"start":{"line":35,"column":0},"end":{"line":35,"column":114}},"19":{"start":{"line":36,"column":0},"end":{"line":36,"column":111}},"20":{"start":{"line":37,"column":0},"end":{"line":37,"column":117}},"21":{"start":{"line":39,"column":0},"end":{"line":39,"column":65}},"22":{"start":{"line":41,"column":0},"end":{"line":41,"column":87}},"23":{"start":{"line":43,"column":0},"end":{"line":43,"column":96}},"24":{"start":{"line":45,"column":0},"end":{"line":45,"column":85}},"25":{"start":{"line":47,"column":0},"end":{"line":47,"column":71}},"26":{"start":{"line":49,"column":0},"end":{"line":49,"column":66}},"27":{"start":{"line":51,"column":0},"end":{"line":51,"column":101}},"28":{"start":{"line":53,"column":0},"end":{"line":53,"column":105}},"29":{"start":{"line":54,"column":0},"end":{"line":54,"column":103}},"30":{"start":{"line":56,"column":0},"end":{"line":56,"column":24}}},"fnMap":{},"branchMap":{},"s":{"0":0,"1":0,"2":0,"3":0,"4":0,"5":0,"6":0,"7":0,"8":0,"9":0,"10":0,"11":0,"12":0,"13":0,"14":0,"15":0,"16":0,"17":0,"18":0,"19":0,"20":0,"21":0,"22":0,"23":0,"24":0,"25":0,"26":0,"27":0,"28":0,"29":0,"30":0},"f":{},"b":{}}
,"/home/ubuntu/Desktop/ENIT-CONNECT/Backend/routes/document.routes.js": {"path":"/home/ubuntu/Desktop/ENIT-CONNECT/Backend/routes/document.routes.js","statementMap":{"0":{"start":{"line":1,"column":16},"end":{"line":1,"column":34}},"1":{"start":{"line":2,"column":15},"end":{"line":2,"column":31}},"2":{"start":{"line":3,"column":19},"end":{"line":3,"column":64}},"3":{"start":{"line":4,"column":20},"end":{"line":4,"column":45}},"4":{"start":{"line":7,"column":0},"end":{"line":7,"column":79}},"5":{"start":{"line":8,"column":0},"end":{"line":8,"column":83}},"6":{"start":{"line":10,"column":0},"end":{"line":10,"column":24}}},"fnMap":{},"branchMap":{},"s":{"0":0,"1":0,"2":0,"3":0,"4":0,"5":0,"6":0},"f":{},"b":{}}
,"/home/ubuntu/Desktop/ENIT-CONNECT/Backend/routes/offer.routes.js": {"path":"/home/ubuntu/Desktop/ENIT-CONNECT/Backend/routes/offer.routes.js","statementMap":{"0":{"start":{"line":1,"column":16},"end":{"line":1,"column":34}},"1":{"start":{"line":2,"column":15},"end":{"line":2,"column":31}},"2":{"start":{"line":4,"column":20},"end":{"line":4,"column":45}},"3":{"start":{"line":5,"column":18},"end":{"line":5,"column":43}},"4":{"start":{"line":8,"column":0},"end":{"line":8,"column":51}},"5":{"start":{"line":10,"column":0},"end":{"line":10,"column":69}},"6":{"start":{"line":12,"column":0},"end":{"line":12,"column":70}},"7":{"start":{"line":14,"column":0},"end":{"line":14,"column":107}},"8":{"start":{"line":16,"column":0},"end":{"line":16,"column":59}},"9":{"start":{"line":18,"column":0},"end":{"line":18,"column":73}},"10":{"start":{"line":20,"column":0},"end":{"line":20,"column":60}},"11":{"start":{"line":22,"column":0},"end":{"line":22,"column":58}},"12":{"start":{"line":24,"column":0},"end":{"line":24,"column":59}},"13":{"start":{"line":25,"column":0},"end":{"line":25,"column":62}},"14":{"start":{"line":27,"column":0},"end":{"line":27,"column":24}}},"fnMap":{},"branchMap":{},"s":{"0":0,"1":0,"2":0,"3":0,"4":0,"5":0,"6":0,"7":0,"8":0,"9":0,"10":0,"11":0,"12":0,"13":0,"14":0},"f":{},"b":{}}
,"/home/ubuntu/Desktop/ENIT-CONNECT/Backend/routes/student.routes.js": {"path":"/home/ubuntu/Desktop/ENIT-CONNECT/Backend/routes/student.routes.js","statementMap":{"0":{"start":{"line":1,"column":16},"end":{"line":1,"column":34}},"1":{"start":{"line":2,"column":15},"end":{"line":2,"column":31}},"2":{"start":{"line":3,"column":18},"end":{"line":3,"column":47}},"3":{"start":{"line":5,"column":25},"end":{"line":5,"column":50}},"4":{"start":{"line":6,"column":20},"end":{"line":6,"column":45}},"5":{"start":{"line":7,"column":19},"end":{"line":7,"column":63}},"6":{"start":{"line":8,"column":16},"end":{"line":8,"column":60}},"7":{"start":{"line":9,"column":22},"end":{"line":9,"column":71}},"8":{"start":{"line":10,"column":16},"end":{"line":10,"column":45}},"9":{"start":{"line":11,"column":16},"end":{"line":11,"column":45}},"10":{"start":{"line":14,"column":20},"end":{"line":19,"column":2}},"11":{"start":{"line":22,"column":0},"end":{"line":22,"column":42}},"12":{"start":{"line":24,"column":0},"end":{"line":24,"column":41}},"13":{"start":{"line":26,"column":0},"end":{"line":26,"column":89}},"14":{"start":{"line":28,"column":0},"end":{"line":28,"column":47}},"15":{"start":{"line":29,"column":0},"end":{"line":29,"column":84}},"16":{"start":{"line":31,"column":0},"end":{"line":31,"column":54}},"17":{"start":{"line":33,"column":0},"end":{"line":33,"column":38}},"18":{"start":{"line":36,"column":0},"end":{"line":36,"column":71}},"19":{"start":{"line":38,"column":0},"end":{"line":38,"column":77}},"20":{"start":{"line":40,"column":0},"end":{"line":40,"column":64}},"21":{"start":{"line":42,"column":0},"end":{"line":42,"column":108}},"22":{"start":{"line":43,"column":0},"end":{"line":43,"column":119}},"23":{"start":{"line":44,"column":0},"end":{"line":44,"column":114}},"24":{"start":{"line":45,"column":0},"end":{"line":45,"column":111}},"25":{"start":{"line":46,"column":0},"end":{"line":46,"column":117}},"26":{"start":{"line":48,"column":0},"end":{"line":48,"column":68}},"27":{"start":{"line":50,"column":0},"end":{"line":50,"column":63}},"28":{"start":{"line":52,"column":0},"end":{"line":52,"column":102}},"29":{"start":{"line":54,"column":0},"end":{"line":54,"column":87}},"30":{"start":{"line":56,"column":0},"end":{"line":56,"column":53}},"31":{"start":{"line":58,"column":0},"end":{"line":58,"column":91}},"32":{"start":{"line":59,"column":0},"end":{"line":59,"column":72}},"33":{"start":{"line":61,"column":0},"end":{"line":61,"column":109}},"34":{"start":{"line":63,"column":0},"end":{"line":63,"column":107}},"35":{"start":{"line":65,"column":0},"end":{"line":65,"column":102}},"36":{"start":{"line":66,"column":0},"end":{"line":66,"column":105}},"37":{"start":{"line":67,"column":0},"end":{"line":67,"column":106}},"38":{"start":{"line":69,"column":0},"end":{"line":69,"column":103}},"39":{"start":{"line":71,"column":0},"end":{"line":71,"column":119}},"40":{"start":{"line":72,"column":0},"end":{"line":72,"column":111}},"41":{"start":{"line":73,"column":0},"end":{"line":73,"column":133}},"42":{"start":{"line":75,"column":0},"end":{"line":75,"column":112}},"43":{"start":{"line":76,"column":0},"end":{"line":76,"column":116}},"44":{"start":{"line":78,"column":0},"end":{"line":78,"column":102}},"45":{"start":{"line":79,"column":0},"end":{"line":79,"column":107}},"46":{"start":{"line":80,"column":0},"end":{"line":80,"column":117}},"47":{"start":{"line":81,"column":0},"end":{"line":81,"column":104}},"48":{"start":{"line":83,"column":0},"end":{"line":83,"column":106}},"49":{"start":{"line":84,"column":0},"end":{"line":84,"column":119}},"50":{"start":{"line":86,"column":0},"end":{"line":86,"column":71}},"51":{"start":{"line":88,"column":0},"end":{"line":88,"column":74}},"52":{"start":{"line":90,"column":0},"end":{"line":90,"column":77}},"53":{"start":{"line":92,"column":0},"end":{"line":92,"column":65}},"54":{"start":{"line":95,"column":0},"end":{"line":95,"column":67}},"55":{"start":{"line":97,"column":0},"end":{"line":97,"column":87}},"56":{"start":{"line":99,"column":0},"end":{"line":99,"column":88}},"57":{"start":{"line":101,"column":0},"end":{"line":101,"column":24}}},"fnMap":{},"branchMap":{},"s":{"0":0,"1":0,"2":0,"3":0,"4":0,"5":0,"6":0,"7":0,"8":0,"9":0,"10":0,"11":0,"12":0,"13":0,"14":0,"15":0,"16":0,"17":0,"18":0,"19":0,"20":0,"21":0,"22":0,"23":0,"24":0,"25":0,"26":0,"27":0,"28":0,"29":0,"30":0,"31":0,"32":0,"33":0,"34":0,"35":0,"36":0,"37":0,"38":0,"39":0,"40":0,"41":0,"42":0,"43":0,"44":0,"45":0,"46":0,"47":0,"48":0,"49":0,"50":0,"51":0,"52":0,"53":0,"54":0,"55":0,"56":0,"57":0},"f":{},"b":{}}
}
