TN:
SF:controllers/admin-documents.controller.js
FN:12,(anonymous_0)
FN:13,(anonymous_1)
FN:16,(anonymous_2)
FN:18,(anonymous_3)
FN:21,(anonymous_4)
FN:25,(anonymous_5)
FN:26,(anonymous_6)
FN:31,(anonymous_7)
FN:43,(anonymous_8)
FN:54,(anonymous_9)
FN:59,(anonymous_10)
FN:61,(anonymous_11)
FN:68,(anonymous_12)
FN:71,(anonymous_13)
FN:76,(anonymous_14)
FN:82,(anonymous_15)
FN:88,(anonymous_16)
FN:94,(anonymous_17)
FN:143,(anonymous_18)
FN:197,(anonymous_19)
FN:201,(anonymous_20)
FN:225,(anonymous_21)
FN:270,(anonymous_22)
FN:295,(anonymous_23)
FN:356,(anonymous_24)
FN:416,(anonymous_25)
FN:429,(anonymous_26)
FN:448,(anonymous_27)
FN:481,(anonymous_28)
FN:552,(anonymous_29)
FN:565,(anonymous_30)
FN:581,(anonymous_31)
FN:642,(anonymous_32)
FN:680,(anonymous_33)
FN:687,(anonymous_34)
FN:731,(anonymous_35)
FN:738,(anonymous_36)
FN:792,(anonymous_37)
FN:799,(anonymous_38)
FN:805,(anonymous_39)
FN:814,(anonymous_40)
FN:821,(anonymous_41)
FNF:42
FNH:0
FNDA:0,(anonymous_0)
FNDA:0,(anonymous_1)
FNDA:0,(anonymous_2)
FNDA:0,(anonymous_3)
FNDA:0,(anonymous_4)
FNDA:0,(anonymous_5)
FNDA:0,(anonymous_6)
FNDA:0,(anonymous_7)
FNDA:0,(anonymous_8)
FNDA:0,(anonymous_9)
FNDA:0,(anonymous_10)
FNDA:0,(anonymous_11)
FNDA:0,(anonymous_12)
FNDA:0,(anonymous_13)
FNDA:0,(anonymous_14)
FNDA:0,(anonymous_15)
FNDA:0,(anonymous_16)
FNDA:0,(anonymous_17)
FNDA:0,(anonymous_18)
FNDA:0,(anonymous_19)
FNDA:0,(anonymous_20)
FNDA:0,(anonymous_21)
FNDA:0,(anonymous_22)
FNDA:0,(anonymous_23)
FNDA:0,(anonymous_24)
FNDA:0,(anonymous_25)
FNDA:0,(anonymous_26)
FNDA:0,(anonymous_27)
FNDA:0,(anonymous_28)
FNDA:0,(anonymous_29)
FNDA:0,(anonymous_30)
FNDA:0,(anonymous_31)
FNDA:0,(anonymous_32)
FNDA:0,(anonymous_33)
FNDA:0,(anonymous_34)
FNDA:0,(anonymous_35)
FNDA:0,(anonymous_36)
FNDA:0,(anonymous_37)
FNDA:0,(anonymous_38)
FNDA:0,(anonymous_39)
FNDA:0,(anonymous_40)
FNDA:0,(anonymous_41)
DA:4,0
DA:5,0
DA:6,0
DA:7,0
DA:8,0
DA:9,0
DA:10,0
DA:12,0
DA:13,0
DA:14,0
DA:16,0
DA:17,0
DA:18,0
DA:19,0
DA:21,0
DA:25,0
DA:26,0
DA:27,0
DA:28,0
DA:31,0
DA:32,0
DA:33,0
DA:34,0
DA:35,0
DA:37,0
DA:39,0
DA:43,0
DA:44,0
DA:45,0
DA:46,0
DA:47,0
DA:48,0
DA:54,0
DA:55,0
DA:56,0
DA:59,0
DA:61,0
DA:62,0
DA:63,0
DA:64,0
DA:65,0
DA:68,0
DA:69,0
DA:71,0
DA:72,0
DA:73,0
DA:76,0
DA:77,0
DA:78,0
DA:79,0
DA:82,0
DA:83,0
DA:84,0
DA:85,0
DA:88,0
DA:89,0
DA:90,0
DA:91,0
DA:94,0
DA:95,0
DA:96,0
DA:97,0
DA:98,0
DA:99,0
DA:100,0
DA:101,0
DA:102,0
DA:103,0
DA:104,0
DA:105,0
DA:106,0
DA:108,0
DA:109,0
DA:110,0
DA:113,0
DA:114,0
DA:115,0
DA:118,0
DA:132,0
DA:139,0
DA:143,0
DA:144,0
DA:145,0
DA:146,0
DA:149,0
DA:150,0
DA:153,0
DA:154,0
DA:155,0
DA:158,0
DA:159,0
DA:160,0
DA:161,0
DA:163,0
DA:164,0
DA:165,0
DA:166,0
DA:167,0
DA:171,0
DA:191,0
DA:193,0
DA:197,0
DA:198,0
DA:201,0
DA:202,0
DA:203,0
DA:204,0
DA:207,0
DA:208,0
DA:209,0
DA:211,0
DA:219,0
DA:221,0
DA:225,0
DA:226,0
DA:227,0
DA:228,0
DA:231,0
DA:232,0
DA:234,0
DA:235,0
DA:236,0
DA:240,0
DA:241,0
DA:242,0
DA:243,0
DA:244,0
DA:245,0
DA:247,0
DA:251,0
DA:257,0
DA:258,0
DA:259,0
DA:261,0
DA:264,0
DA:266,0
DA:270,0
DA:271,0
DA:272,0
DA:273,0
DA:276,0
DA:277,0
DA:278,0
DA:281,0
DA:282,0
DA:283,0
DA:285,0
DA:286,0
DA:289,0
DA:291,0
DA:295,0
DA:296,0
DA:297,0
DA:298,0
DA:301,0
DA:302,0
DA:303,0
DA:306,0
DA:307,0
DA:308,0
DA:312,0
DA:313,0
DA:314,0
DA:315,0
DA:316,0
DA:317,0
DA:319,0
DA:323,0
DA:324,0
DA:325,0
DA:326,0
DA:327,0
DA:331,0
DA:342,0
DA:343,0
DA:346,0
DA:347,0
DA:350,0
DA:352,0
DA:356,0
DA:357,0
DA:358,0
DA:359,0
DA:362,0
DA:363,0
DA:364,0
DA:366,0
DA:367,0
DA:370,0
DA:372,0
DA:373,0
DA:374,0
DA:375,0
DA:378,0
DA:381,0
DA:382,0
DA:383,0
DA:387,0
DA:388,0
DA:390,0
DA:402,0
DA:412,0
DA:416,0
DA:417,0
DA:418,0
DA:419,0
DA:422,0
DA:423,0
DA:424,0
DA:427,0
DA:428,0
DA:430,0
DA:431,0
DA:432,0
DA:444,0
DA:448,0
DA:449,0
DA:450,0
DA:451,0
DA:454,0
DA:455,0
DA:456,0
DA:459,0
DA:460,0
DA:461,0
DA:464,0
DA:465,0
DA:467,0
DA:477,0
DA:481,0
DA:482,0
DA:483,0
DA:484,0
DA:487,0
DA:488,0
DA:491,0
DA:492,0
DA:493,0
DA:496,0
DA:497,0
DA:500,0
DA:501,0
DA:502,0
DA:503,0
DA:506,0
DA:507,0
DA:510,0
DA:511,0
DA:512,0
DA:513,0
DA:514,0
DA:515,0
DA:526,0
DA:527,0
DA:530,0
DA:532,0
DA:533,0
DA:542,0
DA:543,0
DA:546,0
DA:548,0
DA:552,0
DA:553,0
DA:554,0
DA:555,0
DA:558,0
DA:559,0
DA:560,0
DA:563,0
DA:564,0
DA:565,0
DA:577,0
DA:581,0
DA:582,0
DA:583,0
DA:584,0
DA:587,0
DA:588,0
DA:589,0
DA:592,0
DA:593,0
DA:594,0
DA:597,0
DA:598,0
DA:599,0
DA:600,0
DA:602,0
DA:603,0
DA:607,0
DA:608,0
DA:609,0
DA:610,0
DA:611,0
DA:612,0
DA:613,0
DA:614,0
DA:625,0
DA:627,0
DA:636,0
DA:638,0
DA:642,0
DA:643,0
DA:644,0
DA:645,0
DA:648,0
DA:649,0
DA:650,0
DA:653,0
DA:654,0
DA:655,0
DA:656,0
DA:658,0
DA:659,0
DA:661,0
DA:664,0
DA:665,0
DA:668,0
DA:669,0
DA:670,0
DA:674,0
DA:676,0
DA:680,0
DA:681,0
DA:682,0
DA:683,0
DA:686,0
DA:687,0
DA:688,0
DA:689,0
DA:692,0
DA:693,0
DA:695,0
DA:696,0
DA:698,0
DA:699,0
DA:700,0
DA:701,0
DA:702,0
DA:703,0
DA:704,0
DA:706,0
DA:707,0
DA:710,0
DA:711,0
DA:712,0
DA:713,0
DA:714,0
DA:717,0
DA:721,0
DA:727,0
DA:731,0
DA:732,0
DA:733,0
DA:734,0
DA:737,0
DA:738,0
DA:739,0
DA:740,0
DA:741,0
DA:744,0
DA:745,0
DA:747,0
DA:748,0
DA:750,0
DA:751,0
DA:752,0
DA:754,0
DA:755,0
DA:757,0
DA:758,0
DA:759,0
DA:770,0
DA:771,0
DA:774,0
DA:775,0
DA:776,0
DA:778,0
DA:782,0
DA:788,0
DA:792,0
DA:793,0
DA:794,0
DA:795,0
DA:798,0
DA:799,0
DA:800,0
DA:801,0
DA:804,0
DA:805,0
DA:806,0
DA:807,0
DA:810,0
DA:811,0
DA:813,0
DA:814,0
DA:815,0
DA:818,0
DA:820,0
DA:821,0
DA:822,0
DA:823,0
DA:824,0
DA:825,0
DA:826,0
DA:827,0
DA:828,0
DA:829,0
DA:831,0
DA:832,0
DA:838,0
DA:840,0
LF:411
LH:0
BRDA:12,0,0,0
BRDA:12,0,1,0
BRDA:14,1,0,0
BRDA:14,1,1,0
BRDA:14,1,2,0
BRDA:14,1,3,0
BRDA:17,2,0,0
BRDA:17,2,1,0
BRDA:18,3,0,0
BRDA:18,3,1,0
BRDA:27,4,0,0
BRDA:27,4,1,0
BRDA:32,5,0,0
BRDA:32,5,1,0
BRDA:34,6,0,0
BRDA:34,6,1,0
BRDA:44,7,0,0
BRDA:44,7,1,0
BRDA:48,8,0,0
BRDA:48,8,1,0
BRDA:59,9,0,0
BRDA:59,9,1,0
BRDA:62,10,0,0
BRDA:62,10,1,0
BRDA:63,11,0,0
BRDA:63,11,1,0
BRDA:64,12,0,0
BRDA:64,12,1,0
BRDA:65,13,0,0
BRDA:65,13,1,0
BRDA:69,14,0,0
BRDA:69,14,1,0
BRDA:72,15,0,0
BRDA:72,15,1,0
BRDA:72,15,2,0
BRDA:77,16,0,0
BRDA:77,16,1,0
BRDA:78,17,0,0
BRDA:78,17,1,0
BRDA:78,18,0,0
BRDA:78,18,1,0
BRDA:78,18,2,0
BRDA:83,19,0,0
BRDA:83,19,1,0
BRDA:84,20,0,0
BRDA:84,20,1,0
BRDA:84,21,0,0
BRDA:84,21,1,0
BRDA:89,22,0,0
BRDA:89,22,1,0
BRDA:90,23,0,0
BRDA:90,23,1,0
BRDA:90,24,0,0
BRDA:90,24,1,0
BRDA:96,25,0,0
BRDA:96,25,1,0
BRDA:97,26,0,0
BRDA:97,26,1,0
BRDA:98,27,0,0
BRDA:98,27,1,0
BRDA:99,28,0,0
BRDA:99,28,1,0
BRDA:100,29,0,0
BRDA:100,29,1,0
BRDA:101,30,0,0
BRDA:101,30,1,0
BRDA:102,31,0,0
BRDA:102,31,1,0
BRDA:103,32,0,0
BRDA:103,32,1,0
BRDA:105,33,0,0
BRDA:105,33,1,0
BRDA:106,34,0,0
BRDA:106,34,1,0
BRDA:108,35,0,0
BRDA:108,35,1,0
BRDA:109,36,0,0
BRDA:109,36,1,0
BRDA:109,37,0,0
BRDA:109,37,1,0
BRDA:113,38,0,0
BRDA:113,38,1,0
BRDA:114,39,0,0
BRDA:114,39,1,0
BRDA:114,40,0,0
BRDA:114,40,1,0
BRDA:121,41,0,0
BRDA:121,41,1,0
BRDA:124,42,0,0
BRDA:124,42,1,0
BRDA:125,43,0,0
BRDA:125,43,1,0
BRDA:135,44,0,0
BRDA:135,44,1,0
BRDA:136,45,0,0
BRDA:136,45,1,0
BRDA:139,46,0,0
BRDA:139,46,1,0
BRDA:145,47,0,0
BRDA:145,47,1,0
BRDA:149,48,0,0
BRDA:149,48,1,0
BRDA:153,49,0,0
BRDA:153,49,1,0
BRDA:154,50,0,0
BRDA:154,50,1,0
BRDA:158,51,0,0
BRDA:158,51,1,0
BRDA:159,52,0,0
BRDA:159,52,1,0
BRDA:159,53,0,0
BRDA:159,53,1,0
BRDA:163,54,0,0
BRDA:163,54,1,0
BRDA:165,55,0,0
BRDA:165,55,1,0
BRDA:166,56,0,0
BRDA:166,56,1,0
BRDA:173,57,0,0
BRDA:173,57,1,0
BRDA:177,58,0,0
BRDA:177,58,1,0
BRDA:178,59,0,0
BRDA:178,59,1,0
BRDA:181,60,0,0
BRDA:181,60,1,0
BRDA:183,61,0,0
BRDA:183,61,1,0
BRDA:184,62,0,0
BRDA:184,62,1,0
BRDA:185,63,0,0
BRDA:185,63,1,0
BRDA:186,64,0,0
BRDA:186,64,1,0
BRDA:187,65,0,0
BRDA:187,65,1,0
BRDA:193,66,0,0
BRDA:193,66,1,0
BRDA:203,67,0,0
BRDA:203,67,1,0
BRDA:207,68,0,0
BRDA:207,68,1,0
BRDA:208,69,0,0
BRDA:208,69,1,0
BRDA:209,70,0,0
BRDA:209,70,1,0
BRDA:213,71,0,0
BRDA:213,71,1,0
BRDA:221,72,0,0
BRDA:221,72,1,0
BRDA:227,73,0,0
BRDA:227,73,1,0
BRDA:227,74,0,0
BRDA:227,74,1,0
BRDA:231,75,0,0
BRDA:231,75,1,0
BRDA:232,76,0,0
BRDA:232,76,1,0
BRDA:235,77,0,0
BRDA:235,77,1,0
BRDA:235,78,0,0
BRDA:235,78,1,0
BRDA:235,78,2,0
BRDA:240,79,0,0
BRDA:240,79,1,0
BRDA:242,80,0,0
BRDA:242,80,1,0
BRDA:244,81,0,0
BRDA:244,81,1,0
BRDA:257,82,0,0
BRDA:257,82,1,0
BRDA:258,83,0,0
BRDA:258,83,1,0
BRDA:266,84,0,0
BRDA:266,84,1,0
BRDA:272,85,0,0
BRDA:272,85,1,0
BRDA:272,86,0,0
BRDA:272,86,1,0
BRDA:277,87,0,0
BRDA:277,87,1,0
BRDA:277,88,0,0
BRDA:277,88,1,0
BRDA:277,88,2,0
BRDA:282,89,0,0
BRDA:282,89,1,0
BRDA:282,90,0,0
BRDA:282,90,1,0
BRDA:285,91,0,0
BRDA:285,91,1,0
BRDA:291,92,0,0
BRDA:291,92,1,0
BRDA:297,93,0,0
BRDA:297,93,1,0
BRDA:297,94,0,0
BRDA:297,94,1,0
BRDA:302,95,0,0
BRDA:302,95,1,0
BRDA:302,96,0,0
BRDA:302,96,1,0
BRDA:302,96,2,0
BRDA:306,97,0,0
BRDA:306,97,1,0
BRDA:306,98,0,0
BRDA:306,98,1,0
BRDA:307,99,0,0
BRDA:307,99,1,0
BRDA:307,100,0,0
BRDA:307,100,1,0
BRDA:312,101,0,0
BRDA:312,101,1,0
BRDA:314,102,0,0
BRDA:314,102,1,0
BRDA:316,103,0,0
BRDA:316,103,1,0
BRDA:323,104,0,0
BRDA:323,104,1,0
BRDA:325,105,0,0
BRDA:325,105,1,0
BRDA:326,106,0,0
BRDA:326,106,1,0
BRDA:332,107,0,0
BRDA:332,107,1,0
BRDA:335,108,0,0
BRDA:335,108,1,0
BRDA:338,109,0,0
BRDA:338,109,1,0
BRDA:342,110,0,0
BRDA:342,110,1,0
BRDA:342,111,0,0
BRDA:342,111,1,0
BRDA:346,112,0,0
BRDA:346,112,1,0
BRDA:352,113,0,0
BRDA:352,113,1,0
BRDA:358,114,0,0
BRDA:358,114,1,0
BRDA:358,115,0,0
BRDA:358,115,1,0
BRDA:363,116,0,0
BRDA:363,116,1,0
BRDA:363,117,0,0
BRDA:363,117,1,0
BRDA:363,117,2,0
BRDA:366,118,0,0
BRDA:366,118,1,0
BRDA:366,119,0,0
BRDA:366,119,1,0
BRDA:370,120,0,0
BRDA:370,120,1,0
BRDA:373,121,0,0
BRDA:373,121,1,0
BRDA:373,122,0,0
BRDA:373,122,1,0
BRDA:374,123,0,0
BRDA:374,123,1,0
BRDA:374,124,0,0
BRDA:374,124,1,0
BRDA:374,124,2,0
BRDA:382,125,0,0
BRDA:382,125,1,0
BRDA:412,126,0,0
BRDA:412,126,1,0
BRDA:418,127,0,0
BRDA:418,127,1,0
BRDA:418,128,0,0
BRDA:418,128,1,0
BRDA:423,129,0,0
BRDA:423,129,1,0
BRDA:423,130,0,0
BRDA:423,130,1,0
BRDA:423,130,2,0
BRDA:431,131,0,0
BRDA:431,131,1,0
BRDA:444,132,0,0
BRDA:444,132,1,0
BRDA:450,133,0,0
BRDA:450,133,1,0
BRDA:450,134,0,0
BRDA:450,134,1,0
BRDA:455,135,0,0
BRDA:455,135,1,0
BRDA:460,136,0,0
BRDA:460,136,1,0
BRDA:460,137,0,0
BRDA:460,137,1,0
BRDA:465,138,0,0
BRDA:465,138,1,0
BRDA:477,139,0,0
BRDA:477,139,1,0
BRDA:483,140,0,0
BRDA:483,140,1,0
BRDA:483,141,0,0
BRDA:483,141,1,0
BRDA:487,142,0,0
BRDA:487,142,1,0
BRDA:492,143,0,0
BRDA:492,143,1,0
BRDA:492,144,0,0
BRDA:492,144,1,0
BRDA:492,144,2,0
BRDA:496,145,0,0
BRDA:496,145,1,0
BRDA:496,146,0,0
BRDA:496,146,1,0
BRDA:501,147,0,0
BRDA:501,147,1,0
BRDA:502,148,0,0
BRDA:502,148,1,0
BRDA:510,149,0,0
BRDA:510,149,1,0
BRDA:511,150,0,0
BRDA:511,150,1,0
BRDA:519,151,0,0
BRDA:519,151,1,0
BRDA:520,152,0,0
BRDA:520,152,1,0
BRDA:521,153,0,0
BRDA:521,153,1,0
BRDA:522,154,0,0
BRDA:522,154,1,0
BRDA:526,155,0,0
BRDA:526,155,1,0
BRDA:527,156,0,0
BRDA:527,156,1,0
BRDA:527,157,0,0
BRDA:527,157,1,0
BRDA:532,158,0,0
BRDA:532,158,1,0
BRDA:535,159,0,0
BRDA:535,159,1,0
BRDA:535,159,2,0
BRDA:536,160,0,0
BRDA:536,160,1,0
BRDA:536,160,2,0
BRDA:537,161,0,0
BRDA:537,161,1,0
BRDA:537,162,0,0
BRDA:537,162,1,0
BRDA:538,163,0,0
BRDA:538,163,1,0
BRDA:538,163,2,0
BRDA:542,164,0,0
BRDA:542,164,1,0
BRDA:548,165,0,0
BRDA:548,165,1,0
BRDA:554,166,0,0
BRDA:554,166,1,0
BRDA:554,167,0,0
BRDA:554,167,1,0
BRDA:559,168,0,0
BRDA:559,168,1,0
BRDA:559,169,0,0
BRDA:559,169,1,0
BRDA:559,169,2,0
BRDA:577,170,0,0
BRDA:577,170,1,0
BRDA:583,171,0,0
BRDA:583,171,1,0
BRDA:583,172,0,0
BRDA:583,172,1,0
BRDA:583,172,2,0
BRDA:588,173,0,0
BRDA:588,173,1,0
BRDA:588,174,0,0
BRDA:588,174,1,0
BRDA:588,174,2,0
BRDA:593,175,0,0
BRDA:593,175,1,0
BRDA:593,176,0,0
BRDA:593,176,1,0
BRDA:598,177,0,0
BRDA:598,177,1,0
BRDA:600,178,0,0
BRDA:600,178,1,0
BRDA:602,179,0,0
BRDA:602,179,1,0
BRDA:602,180,0,0
BRDA:602,180,1,0
BRDA:602,180,2,0
BRDA:607,181,0,0
BRDA:607,181,1,0
BRDA:610,182,0,0
BRDA:610,182,1,0
BRDA:611,183,0,0
BRDA:611,183,1,0
BRDA:618,184,0,0
BRDA:618,184,1,0
BRDA:619,185,0,0
BRDA:619,185,1,0
BRDA:620,186,0,0
BRDA:620,186,1,0
BRDA:621,187,0,0
BRDA:621,187,1,0
BRDA:629,188,0,0
BRDA:629,188,1,0
BRDA:630,189,0,0
BRDA:630,189,1,0
BRDA:631,190,0,0
BRDA:631,190,1,0
BRDA:632,191,0,0
BRDA:632,191,1,0
BRDA:638,192,0,0
BRDA:638,192,1,0
BRDA:644,193,0,0
BRDA:644,193,1,0
BRDA:644,194,0,0
BRDA:644,194,1,0
BRDA:649,195,0,0
BRDA:649,195,1,0
BRDA:649,196,0,0
BRDA:649,196,1,0
BRDA:649,196,2,0
BRDA:653,197,0,0
BRDA:653,197,1,0
BRDA:655,198,0,0
BRDA:655,198,1,0
BRDA:655,199,0,0
BRDA:655,199,1,0
BRDA:658,200,0,0
BRDA:658,200,1,0
BRDA:664,201,0,0
BRDA:664,201,1,0
BRDA:669,202,0,0
BRDA:669,202,1,0
BRDA:676,203,0,0
BRDA:676,203,1,0
BRDA:682,204,0,0
BRDA:682,204,1,0
BRDA:686,205,0,0
BRDA:686,205,1,0
BRDA:688,206,0,0
BRDA:688,206,1,0
BRDA:700,207,0,0
BRDA:700,207,1,0
BRDA:702,208,0,0
BRDA:702,208,1,0
BRDA:710,209,0,0
BRDA:710,209,1,0
BRDA:713,210,0,0
BRDA:713,210,1,0
BRDA:727,211,0,0
BRDA:727,211,1,0
BRDA:733,212,0,0
BRDA:733,212,1,0
BRDA:737,213,0,0
BRDA:737,213,1,0
BRDA:739,214,0,0
BRDA:739,214,1,0
BRDA:740,215,0,0
BRDA:740,215,1,0
BRDA:752,216,0,0
BRDA:752,216,1,0
BRDA:755,217,0,0
BRDA:755,217,1,0
BRDA:758,218,0,0
BRDA:758,218,1,0
BRDA:758,219,0,0
BRDA:758,219,1,0
BRDA:758,219,2,0
BRDA:775,220,0,0
BRDA:775,220,1,0
BRDA:788,221,0,0
BRDA:788,221,1,0
BRDA:794,222,0,0
BRDA:794,222,1,0
BRDA:798,223,0,0
BRDA:798,223,1,0
BRDA:800,224,0,0
BRDA:800,224,1,0
BRDA:805,225,0,0
BRDA:805,225,1,0
BRDA:805,225,2,0
BRDA:806,226,0,0
BRDA:806,226,1,0
BRDA:824,227,0,0
BRDA:824,227,1,0
BRDA:826,228,0,0
BRDA:826,228,1,0
BRDA:827,229,0,0
BRDA:827,229,1,0
BRDA:828,230,0,0
BRDA:828,230,1,0
BRDA:840,231,0,0
BRDA:840,231,1,0
BRF:485
BRH:0
end_of_record
TN:
SF:controllers/admin.controller.js
FN:21,(anonymous_0)
FN:43,(anonymous_1)
FN:60,(anonymous_2)
FN:70,(anonymous_3)
FN:82,(anonymous_4)
FN:92,(anonymous_5)
FN:119,(anonymous_6)
FN:131,(anonymous_7)
FN:155,(anonymous_8)
FN:190,(anonymous_9)
FN:202,(anonymous_10)
FN:226,(anonymous_11)
FN:238,(anonymous_12)
FN:247,(anonymous_13)
FN:258,(anonymous_14)
FN:271,(anonymous_15)
FN:284,(anonymous_16)
FN:301,(anonymous_17)
FN:310,(anonymous_18)
FN:319,(anonymous_19)
FN:334,(anonymous_20)
FN:343,(anonymous_21)
FN:363,(anonymous_22)
FN:380,(anonymous_23)
FN:404,(anonymous_24)
FN:413,(anonymous_25)
FN:447,(anonymous_26)
FN:456,(anonymous_27)
FN:465,(anonymous_28)
FN:470,(anonymous_29)
FN:493,(anonymous_30)
FN:515,(anonymous_31)
FN:530,(anonymous_32)
FN:540,(anonymous_33)
FN:562,(anonymous_34)
FN:596,(anonymous_35)
FN:623,(anonymous_36)
FN:639,(anonymous_37)
FN:655,(anonymous_38)
FN:671,(anonymous_39)
FN:688,(anonymous_40)
FN:722,(anonymous_41)
FN:731,(anonymous_42)
FN:732,(anonymous_43)
FN:733,(anonymous_44)
FNF:45
FNH:0
FNDA:0,(anonymous_0)
FNDA:0,(anonymous_1)
FNDA:0,(anonymous_2)
FNDA:0,(anonymous_3)
FNDA:0,(anonymous_4)
FNDA:0,(anonymous_5)
FNDA:0,(anonymous_6)
FNDA:0,(anonymous_7)
FNDA:0,(anonymous_8)
FNDA:0,(anonymous_9)
FNDA:0,(anonymous_10)
FNDA:0,(anonymous_11)
FNDA:0,(anonymous_12)
FNDA:0,(anonymous_13)
FNDA:0,(anonymous_14)
FNDA:0,(anonymous_15)
FNDA:0,(anonymous_16)
FNDA:0,(anonymous_17)
FNDA:0,(anonymous_18)
FNDA:0,(anonymous_19)
FNDA:0,(anonymous_20)
FNDA:0,(anonymous_21)
FNDA:0,(anonymous_22)
FNDA:0,(anonymous_23)
FNDA:0,(anonymous_24)
FNDA:0,(anonymous_25)
FNDA:0,(anonymous_26)
FNDA:0,(anonymous_27)
FNDA:0,(anonymous_28)
FNDA:0,(anonymous_29)
FNDA:0,(anonymous_30)
FNDA:0,(anonymous_31)
FNDA:0,(anonymous_32)
FNDA:0,(anonymous_33)
FNDA:0,(anonymous_34)
FNDA:0,(anonymous_35)
FNDA:0,(anonymous_36)
FNDA:0,(anonymous_37)
FNDA:0,(anonymous_38)
FNDA:0,(anonymous_39)
FNDA:0,(anonymous_40)
FNDA:0,(anonymous_41)
FNDA:0,(anonymous_42)
FNDA:0,(anonymous_43)
FNDA:0,(anonymous_44)
DA:1,0
DA:2,0
DA:3,0
DA:4,0
DA:5,0
DA:6,0
DA:7,0
DA:18,0
DA:19,0
DA:21,0
DA:43,0
DA:60,0
DA:61,0
DA:62,0
DA:63,0
DA:64,0
DA:66,0
DA:70,0
DA:71,0
DA:72,0
DA:73,0
DA:74,0
DA:76,0
DA:78,0
DA:82,0
DA:83,0
DA:84,0
DA:85,0
DA:86,0
DA:88,0
DA:92,0
DA:93,0
DA:95,0
DA:98,0
DA:99,0
DA:101,0
DA:102,0
DA:114,0
DA:115,0
DA:116,0
DA:117,0
DA:118,0
DA:119,0
DA:120,0
DA:129,0
DA:130,0
DA:131,0
DA:132,0
DA:141,0
DA:142,0
DA:145,0
DA:149,0
DA:151,0
DA:155,0
DA:156,0
DA:158,0
DA:161,0
DA:162,0
DA:164,0
DA:165,0
DA:166,0
DA:167,0
DA:170,0
DA:182,0
DA:183,0
DA:185,0
DA:186,0
DA:187,0
DA:188,0
DA:189,0
DA:190,0
DA:191,0
DA:200,0
DA:201,0
DA:202,0
DA:203,0
DA:212,0
DA:213,0
DA:216,0
DA:220,0
DA:222,0
DA:226,0
DA:227,0
DA:228,0
DA:229,0
DA:230,0
DA:232,0
DA:234,0
DA:238,0
DA:239,0
DA:240,0
DA:241,0
DA:243,0
DA:247,0
DA:248,0
DA:249,0
DA:250,0
DA:251,0
DA:252,0
DA:254,0
DA:258,0
DA:259,0
DA:260,0
DA:261,0
DA:262,0
DA:263,0
DA:265,0
DA:267,0
DA:271,0
DA:272,0
DA:273,0
DA:274,0
DA:275,0
DA:276,0
DA:278,0
DA:280,0
DA:284,0
DA:285,0
DA:286,0
DA:287,0
DA:288,0
DA:290,0
DA:291,0
DA:294,0
DA:295,0
DA:297,0
DA:301,0
DA:302,0
DA:303,0
DA:304,0
DA:306,0
DA:310,0
DA:311,0
DA:312,0
DA:313,0
DA:315,0
DA:319,0
DA:320,0
DA:321,0
DA:328,0
DA:330,0
DA:334,0
DA:335,0
DA:336,0
DA:337,0
DA:339,0
DA:343,0
DA:344,0
DA:345,0
DA:346,0
DA:357,0
DA:359,0
DA:363,0
DA:364,0
DA:365,0
DA:366,0
DA:368,0
DA:372,0
DA:373,0
DA:374,0
DA:376,0
DA:380,0
DA:381,0
DA:382,0
DA:383,0
DA:385,0
DA:386,0
DA:387,0
DA:398,0
DA:400,0
DA:404,0
DA:405,0
DA:406,0
DA:407,0
DA:409,0
DA:413,0
DA:414,0
DA:416,0
DA:417,0
DA:418,0
DA:420,0
DA:421,0
DA:424,0
DA:425,0
DA:430,0
DA:431,0
DA:433,0
DA:435,0
DA:442,0
DA:443,0
DA:447,0
DA:448,0
DA:449,0
DA:450,0
DA:452,0
DA:456,0
DA:457,0
DA:458,0
DA:459,0
DA:461,0
DA:465,0
DA:466,0
DA:467,0
DA:470,0
DA:471,0
DA:481,0
DA:482,0
DA:483,0
DA:485,0
DA:486,0
DA:487,0
DA:489,0
DA:493,0
DA:494,0
DA:503,0
DA:504,0
DA:505,0
DA:507,0
DA:508,0
DA:509,0
DA:511,0
DA:515,0
DA:516,0
DA:517,0
DA:519,0
DA:520,0
DA:521,0
DA:522,0
DA:524,0
DA:526,0
DA:530,0
DA:531,0
DA:532,0
DA:534,0
DA:535,0
DA:536,0
DA:537,0
DA:539,0
DA:540,0
DA:541,0
DA:558,0
DA:562,0
DA:563,0
DA:564,0
DA:565,0
DA:567,0
DA:586,0
DA:587,0
DA:589,0
DA:591,0
DA:592,0
DA:596,0
DA:597,0
DA:598,0
DA:599,0
DA:601,0
DA:613,0
DA:614,0
DA:616,0
DA:618,0
DA:619,0
DA:623,0
DA:624,0
DA:625,0
DA:626,0
DA:628,0
DA:629,0
DA:630,0
DA:632,0
DA:634,0
DA:635,0
DA:639,0
DA:640,0
DA:641,0
DA:642,0
DA:644,0
DA:645,0
DA:646,0
DA:648,0
DA:650,0
DA:651,0
DA:655,0
DA:656,0
DA:657,0
DA:658,0
DA:659,0
DA:661,0
DA:664,0
DA:666,0
DA:667,0
DA:671,0
DA:672,0
DA:673,0
DA:674,0
DA:675,0
DA:676,0
DA:678,0
DA:681,0
DA:683,0
DA:684,0
DA:688,0
DA:689,0
DA:690,0
DA:691,0
DA:692,0
DA:693,0
DA:694,0
DA:695,0
DA:696,0
DA:697,0
DA:699,0
DA:710,0
DA:716,0
DA:718,0
DA:722,0
DA:723,0
DA:724,0
DA:725,0
DA:726,0
DA:727,0
DA:728,0
DA:731,0
DA:732,0
DA:733,0
DA:734,0
DA:738,0
DA:739,0
DA:740,0
DA:742,0
DA:761,0
DA:767,0
DA:769,0
LF:332
LH:0
BRDA:66,0,0,0
BRDA:66,0,1,0
BRDA:73,1,0,0
BRDA:73,1,1,0
BRDA:78,2,0,0
BRDA:78,2,1,0
BRDA:84,3,0,0
BRDA:84,3,1,0
BRDA:84,4,0,0
BRDA:84,4,1,0
BRDA:93,5,0,0
BRDA:93,5,1,0
BRDA:95,6,0,0
BRDA:95,6,1,0
BRDA:95,7,0,0
BRDA:95,7,1,0
BRDA:98,8,0,0
BRDA:98,8,1,0
BRDA:99,9,0,0
BRDA:99,9,1,0
BRDA:114,10,0,0
BRDA:114,10,1,0
BRDA:117,11,0,0
BRDA:117,11,1,0
BRDA:129,12,0,0
BRDA:129,12,1,0
BRDA:141,13,0,0
BRDA:141,13,1,0
BRDA:145,14,0,0
BRDA:145,14,1,0
BRDA:151,15,0,0
BRDA:151,15,1,0
BRDA:156,16,0,0
BRDA:156,16,1,0
BRDA:158,17,0,0
BRDA:158,17,1,0
BRDA:158,18,0,0
BRDA:158,18,1,0
BRDA:161,19,0,0
BRDA:161,19,1,0
BRDA:162,20,0,0
BRDA:162,20,1,0
BRDA:166,21,0,0
BRDA:166,21,1,0
BRDA:185,22,0,0
BRDA:185,22,1,0
BRDA:185,23,0,0
BRDA:185,23,1,0
BRDA:188,24,0,0
BRDA:188,24,1,0
BRDA:200,25,0,0
BRDA:200,25,1,0
BRDA:212,26,0,0
BRDA:212,26,1,0
BRDA:216,27,0,0
BRDA:216,27,1,0
BRDA:222,28,0,0
BRDA:222,28,1,0
BRDA:229,29,0,0
BRDA:229,29,1,0
BRDA:234,30,0,0
BRDA:234,30,1,0
BRDA:243,31,0,0
BRDA:243,31,1,0
BRDA:254,32,0,0
BRDA:254,32,1,0
BRDA:262,33,0,0
BRDA:262,33,1,0
BRDA:267,34,0,0
BRDA:267,34,1,0
BRDA:275,35,0,0
BRDA:275,35,1,0
BRDA:280,36,0,0
BRDA:280,36,1,0
BRDA:286,37,0,0
BRDA:286,37,1,0
BRDA:290,38,0,0
BRDA:290,38,1,0
BRDA:297,39,0,0
BRDA:297,39,1,0
BRDA:306,40,0,0
BRDA:306,40,1,0
BRDA:315,41,0,0
BRDA:315,41,1,0
BRDA:330,42,0,0
BRDA:330,42,1,0
BRDA:336,43,0,0
BRDA:336,43,1,0
BRDA:339,44,0,0
BRDA:339,44,1,0
BRDA:345,45,0,0
BRDA:345,45,1,0
BRDA:359,46,0,0
BRDA:359,46,1,0
BRDA:364,47,0,0
BRDA:364,47,1,0
BRDA:376,48,0,0
BRDA:376,48,1,0
BRDA:382,49,0,0
BRDA:382,49,1,0
BRDA:382,50,0,0
BRDA:382,50,1,0
BRDA:386,51,0,0
BRDA:386,51,1,0
BRDA:400,52,0,0
BRDA:400,52,1,0
BRDA:409,53,0,0
BRDA:409,53,1,0
BRDA:417,54,0,0
BRDA:417,54,1,0
BRDA:420,55,0,0
BRDA:420,55,1,0
BRDA:424,56,0,0
BRDA:424,56,1,0
BRDA:452,57,0,0
BRDA:452,57,1,0
BRDA:461,58,0,0
BRDA:461,58,1,0
BRDA:482,59,0,0
BRDA:482,59,1,0
BRDA:482,60,0,0
BRDA:482,60,1,0
BRDA:489,61,0,0
BRDA:489,61,1,0
BRDA:504,62,0,0
BRDA:504,62,1,0
BRDA:504,63,0,0
BRDA:504,63,1,0
BRDA:511,64,0,0
BRDA:511,64,1,0
BRDA:516,65,0,0
BRDA:516,65,1,0
BRDA:521,66,0,0
BRDA:521,66,1,0
BRDA:526,67,0,0
BRDA:526,67,1,0
BRDA:531,68,0,0
BRDA:531,68,1,0
BRDA:536,69,0,0
BRDA:536,69,1,0
BRDA:558,70,0,0
BRDA:558,70,1,0
BRDA:564,71,0,0
BRDA:564,71,1,0
BRDA:586,72,0,0
BRDA:586,72,1,0
BRDA:592,73,0,0
BRDA:592,73,1,0
BRDA:598,74,0,0
BRDA:598,74,1,0
BRDA:613,75,0,0
BRDA:613,75,1,0
BRDA:619,76,0,0
BRDA:619,76,1,0
BRDA:625,77,0,0
BRDA:625,77,1,0
BRDA:629,78,0,0
BRDA:629,78,1,0
BRDA:635,79,0,0
BRDA:635,79,1,0
BRDA:641,80,0,0
BRDA:641,80,1,0
BRDA:645,81,0,0
BRDA:645,81,1,0
BRDA:651,82,0,0
BRDA:651,82,1,0
BRDA:656,83,0,0
BRDA:656,83,1,0
BRDA:659,84,0,0
BRDA:659,84,1,0
BRDA:667,85,0,0
BRDA:667,85,1,0
BRDA:672,86,0,0
BRDA:672,86,1,0
BRDA:675,87,0,0
BRDA:675,87,1,0
BRDA:676,88,0,0
BRDA:676,88,1,0
BRDA:684,89,0,0
BRDA:684,89,1,0
BRDA:689,90,0,0
BRDA:689,90,1,0
BRDA:692,91,0,0
BRDA:692,91,1,0
BRDA:718,92,0,0
BRDA:718,92,1,0
BRDA:739,93,0,0
BRDA:739,93,1,0
BRDA:740,94,0,0
BRDA:740,94,1,0
BRDA:769,95,0,0
BRDA:769,95,1,0
BRF:192
BRH:0
end_of_record
TN:
SF:controllers/auth.controller.js
FN:13,(anonymous_0)
FN:22,(anonymous_1)
FN:68,(anonymous_2)
FN:136,(anonymous_3)
FNF:4
FNH:0
FNDA:0,(anonymous_0)
FNDA:0,(anonymous_1)
FNDA:0,(anonymous_2)
FNDA:0,(anonymous_3)
DA:1,0
DA:2,0
DA:3,0
DA:9,0
DA:10,0
DA:13,0
DA:14,0
DA:15,0
DA:17,0
DA:19,0
DA:22,0
DA:23,0
DA:24,0
DA:28,0
DA:31,0
DA:32,0
DA:33,0
DA:36,0
DA:37,0
DA:38,0
DA:39,0
DA:40,0
DA:41,0
DA:44,0
DA:47,0
DA:48,0
DA:51,0
DA:62,0
DA:63,0
DA:68,0
DA:70,0
DA:72,0
DA:73,0
DA:74,0
DA:77,0
DA:79,0
DA:81,0
DA:83,0
DA:84,0
DA:88,0
DA:89,0
DA:90,0
DA:91,0
DA:98,0
DA:99,0
DA:100,0
DA:101,0
DA:102,0
DA:103,0
DA:104,0
DA:105,0
DA:106,0
DA:109,0
DA:110,0
DA:111,0
DA:115,0
DA:122,0
DA:124,0
DA:130,0
DA:131,0
DA:136,0
DA:137,0
DA:139,0
DA:141,0
DA:144,0
DA:145,0
DA:148,0
DA:150,0
DA:151,0
LF:69
LH:0
BRDA:17,0,0,0
BRDA:17,0,1,0
BRDA:23,1,0,0
BRDA:23,1,1,0
BRDA:32,2,0,0
BRDA:32,2,1,0
BRDA:32,3,0,0
BRDA:32,3,1,0
BRDA:36,4,0,0
BRDA:36,4,1,0
BRDA:38,5,0,0
BRDA:38,5,1,0
BRDA:40,6,0,0
BRDA:40,6,1,0
BRDA:47,7,0,0
BRDA:47,7,1,0
BRDA:57,8,0,0
BRDA:57,8,1,0
BRDA:57,9,0,0
BRDA:57,9,1,0
BRDA:70,10,0,0
BRDA:70,10,1,0
BRDA:72,11,0,0
BRDA:72,11,1,0
BRDA:81,12,0,0
BRDA:81,12,1,0
BRDA:88,13,0,0
BRDA:88,13,1,0
BRDA:98,14,0,0
BRDA:98,14,1,0
BRDA:101,15,0,0
BRDA:101,15,1,0
BRDA:104,16,0,0
BRDA:104,16,1,0
BRDA:109,17,0,0
BRDA:109,17,1,0
BRDA:137,18,0,0
BRDA:137,18,1,0
BRDA:144,19,0,0
BRDA:144,19,1,0
BRF:40
BRH:0
end_of_record
TN:
SF:controllers/company.controller.js
FN:21,(anonymous_0)
FN:38,(anonymous_1)
FN:71,(anonymous_2)
FN:76,(anonymous_3)
FN:77,(anonymous_4)
FN:78,(anonymous_5)
FN:115,(anonymous_6)
FN:141,(anonymous_7)
FN:189,(anonymous_8)
FN:198,(anonymous_9)
FN:243,(anonymous_10)
FN:278,(anonymous_11)
FN:296,(anonymous_12)
FN:329,(anonymous_13)
FN:347,(anonymous_14)
FN:371,(anonymous_15)
FN:379,(anonymous_16)
FN:390,(anonymous_17)
FN:402,(anonymous_18)
FN:422,(anonymous_19)
FN:435,(anonymous_20)
FN:447,(anonymous_21)
FN:475,(anonymous_22)
FN:499,(anonymous_23)
FN:518,(anonymous_24)
FNF:25
FNH:0
FNDA:0,(anonymous_0)
FNDA:0,(anonymous_1)
FNDA:0,(anonymous_2)
FNDA:0,(anonymous_3)
FNDA:0,(anonymous_4)
FNDA:0,(anonymous_5)
FNDA:0,(anonymous_6)
FNDA:0,(anonymous_7)
FNDA:0,(anonymous_8)
FNDA:0,(anonymous_9)
FNDA:0,(anonymous_10)
FNDA:0,(anonymous_11)
FNDA:0,(anonymous_12)
FNDA:0,(anonymous_13)
FNDA:0,(anonymous_14)
FNDA:0,(anonymous_15)
FNDA:0,(anonymous_16)
FNDA:0,(anonymous_17)
FNDA:0,(anonymous_18)
FNDA:0,(anonymous_19)
FNDA:0,(anonymous_20)
FNDA:0,(anonymous_21)
FNDA:0,(anonymous_22)
FNDA:0,(anonymous_23)
FNDA:0,(anonymous_24)
DA:1,0
DA:2,0
DA:3,0
DA:4,0
DA:5,0
DA:6,0
DA:7,0
DA:18,0
DA:19,0
DA:21,0
DA:38,0
DA:39,0
DA:40,0
DA:43,0
DA:44,0
DA:45,0
DA:46,0
DA:48,0
DA:67,0
DA:71,0
DA:72,0
DA:73,0
DA:74,0
DA:76,0
DA:77,0
DA:78,0
DA:79,0
DA:83,0
DA:84,0
DA:85,0
DA:87,0
DA:88,0
DA:89,0
DA:90,0
DA:92,0
DA:111,0
DA:112,0
DA:113,0
DA:114,0
DA:115,0
DA:125,0
DA:128,0
DA:130,0
DA:136,0
DA:137,0
DA:141,0
DA:142,0
DA:144,0
DA:145,0
DA:146,0
DA:148,0
DA:149,0
DA:152,0
DA:153,0
DA:158,0
DA:159,0
DA:160,0
DA:162,0
DA:165,0
DA:166,0
DA:171,0
DA:175,0
DA:176,0
DA:178,0
DA:185,0
DA:189,0
DA:190,0
DA:191,0
DA:192,0
DA:193,0
DA:194,0
DA:197,0
DA:198,0
DA:199,0
DA:201,0
DA:202,0
DA:203,0
DA:204,0
DA:205,0
DA:207,0
DA:208,0
DA:210,0
DA:211,0
DA:213,0
DA:214,0
DA:216,0
DA:217,0
DA:218,0
DA:221,0
DA:222,0
DA:223,0
DA:225,0
DA:226,0
DA:228,0
DA:229,0
DA:231,0
DA:232,0
DA:236,0
DA:237,0
DA:239,0
DA:243,0
DA:244,0
DA:245,0
DA:246,0
DA:247,0
DA:250,0
DA:251,0
DA:252,0
DA:255,0
DA:256,0
DA:261,0
DA:262,0
DA:269,0
DA:273,0
DA:274,0
DA:278,0
DA:279,0
DA:280,0
DA:281,0
DA:284,0
DA:289,0
DA:291,0
DA:292,0
DA:296,0
DA:297,0
DA:298,0
DA:299,0
DA:302,0
DA:303,0
DA:304,0
DA:307,0
DA:308,0
DA:309,0
DA:312,0
DA:322,0
DA:324,0
DA:325,0
DA:329,0
DA:330,0
DA:331,0
DA:332,0
DA:335,0
DA:340,0
DA:342,0
DA:343,0
DA:347,0
DA:348,0
DA:357,0
DA:358,0
DA:359,0
DA:362,0
DA:363,0
DA:364,0
DA:365,0
DA:367,0
DA:371,0
DA:372,0
DA:373,0
DA:376,0
DA:377,0
DA:378,0
DA:379,0
DA:380,0
DA:381,0
DA:384,0
DA:386,0
DA:390,0
DA:391,0
DA:392,0
DA:395,0
DA:396,0
DA:397,0
DA:398,0
DA:401,0
DA:402,0
DA:403,0
DA:418,0
DA:422,0
DA:423,0
DA:428,0
DA:429,0
DA:430,0
DA:433,0
DA:434,0
DA:435,0
DA:441,0
DA:443,0
DA:447,0
DA:448,0
DA:449,0
DA:450,0
DA:451,0
DA:453,0
DA:465,0
DA:466,0
DA:468,0
DA:470,0
DA:471,0
DA:475,0
DA:476,0
DA:477,0
DA:480,0
DA:481,0
DA:482,0
DA:484,0
DA:487,0
DA:488,0
DA:490,0
DA:492,0
DA:494,0
DA:495,0
DA:499,0
DA:500,0
DA:501,0
DA:503,0
DA:504,0
DA:505,0
DA:507,0
DA:508,0
DA:509,0
DA:511,0
DA:513,0
DA:514,0
DA:518,0
DA:519,0
DA:520,0
DA:521,0
DA:522,0
DA:524,0
LF:229
LH:0
BRDA:39,0,0,0
BRDA:39,0,1,0
BRDA:39,1,0,0
BRDA:39,1,1,0
BRDA:45,2,0,0
BRDA:45,2,1,0
BRDA:67,3,0,0
BRDA:67,3,1,0
BRDA:74,4,0,0
BRDA:74,4,1,0
BRDA:84,5,0,0
BRDA:84,5,1,0
BRDA:85,6,0,0
BRDA:85,6,1,0
BRDA:113,7,0,0
BRDA:113,7,1,0
BRDA:125,8,0,0
BRDA:125,8,1,0
BRDA:145,9,0,0
BRDA:145,9,1,0
BRDA:148,10,0,0
BRDA:148,10,1,0
BRDA:152,11,0,0
BRDA:152,11,1,0
BRDA:165,12,0,0
BRDA:165,12,1,0
BRDA:185,13,0,0
BRDA:185,13,1,0
BRDA:192,14,0,0
BRDA:192,14,1,0
BRDA:193,15,0,0
BRDA:193,15,1,0
BRDA:199,16,0,0
BRDA:199,16,1,0
BRDA:202,17,0,0
BRDA:202,17,1,0
BRDA:204,18,0,0
BRDA:204,18,1,0
BRDA:207,19,0,0
BRDA:207,19,1,0
BRDA:210,20,0,0
BRDA:210,20,1,0
BRDA:210,21,0,0
BRDA:210,21,1,0
BRDA:213,22,0,0
BRDA:213,22,1,0
BRDA:216,23,0,0
BRDA:216,23,1,0
BRDA:222,24,0,0
BRDA:222,24,1,0
BRDA:225,25,0,0
BRDA:225,25,1,0
BRDA:228,26,0,0
BRDA:228,26,1,0
BRDA:228,27,0,0
BRDA:228,27,1,0
BRDA:231,28,0,0
BRDA:231,28,1,0
BRDA:239,29,0,0
BRDA:239,29,1,0
BRDA:245,30,0,0
BRDA:245,30,1,0
BRDA:246,31,0,0
BRDA:246,31,1,0
BRDA:261,32,0,0
BRDA:261,32,1,0
BRDA:280,33,0,0
BRDA:280,33,1,0
BRDA:298,34,0,0
BRDA:298,34,1,0
BRDA:303,35,0,0
BRDA:303,35,1,0
BRDA:307,36,0,0
BRDA:307,36,1,0
BRDA:308,37,0,0
BRDA:308,37,1,0
BRDA:318,38,0,0
BRDA:318,38,1,0
BRDA:319,39,0,0
BRDA:319,39,1,0
BRDA:331,40,0,0
BRDA:331,40,1,0
BRDA:358,41,0,0
BRDA:358,41,1,0
BRDA:358,42,0,0
BRDA:358,42,1,0
BRDA:367,43,0,0
BRDA:367,43,1,0
BRDA:372,44,0,0
BRDA:372,44,1,0
BRDA:380,45,0,0
BRDA:380,45,1,0
BRDA:386,46,0,0
BRDA:386,46,1,0
BRDA:391,47,0,0
BRDA:391,47,1,0
BRDA:397,48,0,0
BRDA:397,48,1,0
BRDA:418,49,0,0
BRDA:418,49,1,0
BRDA:429,50,0,0
BRDA:429,50,1,0
BRDA:429,51,0,0
BRDA:429,51,1,0
BRDA:443,52,0,0
BRDA:443,52,1,0
BRDA:449,53,0,0
BRDA:449,53,1,0
BRDA:450,54,0,0
BRDA:450,54,1,0
BRDA:465,55,0,0
BRDA:465,55,1,0
BRDA:471,56,0,0
BRDA:471,56,1,0
BRDA:476,57,0,0
BRDA:476,57,1,0
BRDA:481,58,0,0
BRDA:481,58,1,0
BRDA:484,59,0,0
BRDA:484,59,1,0
BRDA:487,60,0,0
BRDA:487,60,1,0
BRDA:495,61,0,0
BRDA:495,61,1,0
BRDA:500,62,0,0
BRDA:500,62,1,0
BRDA:504,63,0,0
BRDA:504,63,1,0
BRDA:508,64,0,0
BRDA:508,64,1,0
BRDA:514,65,0,0
BRDA:514,65,1,0
BRDA:524,66,0,0
BRDA:524,66,1,0
BRF:134
BRH:0
end_of_record
TN:
SF:controllers/document.controller.js
FN:5,(anonymous_0)
FN:8,(anonymous_1)
FN:11,(anonymous_2)
FN:15,(anonymous_3)
FN:21,(anonymous_4)
FN:29,(anonymous_5)
FN:74,(anonymous_6)
FNF:7
FNH:0
FNDA:0,(anonymous_0)
FNDA:0,(anonymous_1)
FNDA:0,(anonymous_2)
FNDA:0,(anonymous_3)
FNDA:0,(anonymous_4)
FNDA:0,(anonymous_5)
FNDA:0,(anonymous_6)
DA:1,0
DA:2,0
DA:3,0
DA:5,0
DA:6,0
DA:8,0
DA:9,0
DA:11,0
DA:15,0
DA:16,0
DA:17,0
DA:18,0
DA:21,0
DA:22,0
DA:23,0
DA:24,0
DA:26,0
DA:29,0
DA:30,0
DA:31,0
DA:32,0
DA:35,0
DA:36,0
DA:38,0
DA:39,0
DA:41,0
DA:42,0
DA:44,0
DA:45,0
DA:48,0
DA:49,0
DA:50,0
DA:53,0
DA:54,0
DA:55,0
DA:57,0
DA:58,0
DA:61,0
DA:62,0
DA:63,0
DA:64,0
DA:67,0
DA:69,0
DA:70,0
DA:74,0
DA:75,0
DA:76,0
DA:77,0
DA:80,0
DA:81,0
DA:83,0
DA:84,0
DA:86,0
DA:87,0
DA:90,0
DA:91,0
DA:92,0
DA:93,0
DA:94,0
DA:98,0
DA:99,0
DA:100,0
DA:103,0
DA:104,0
DA:105,0
DA:107,0
DA:108,0
DA:111,0
DA:112,0
DA:113,0
DA:114,0
DA:117,0
DA:119,0
DA:120,0
LF:74
LH:0
BRDA:9,0,0,0
BRDA:9,0,1,0
BRDA:16,1,0,0
BRDA:16,1,1,0
BRDA:17,2,0,0
BRDA:17,2,1,0
BRDA:17,3,0,0
BRDA:17,3,1,0
BRDA:22,4,0,0
BRDA:22,4,1,0
BRDA:23,5,0,0
BRDA:23,5,1,0
BRDA:24,6,0,0
BRDA:24,6,1,0
BRDA:31,7,0,0
BRDA:31,7,1,0
BRDA:35,8,0,0
BRDA:35,8,1,0
BRDA:38,9,0,0
BRDA:38,9,1,0
BRDA:38,10,0,0
BRDA:38,10,1,0
BRDA:41,11,0,0
BRDA:41,11,1,0
BRDA:44,12,0,0
BRDA:44,12,1,0
BRDA:49,13,0,0
BRDA:49,13,1,0
BRDA:54,14,0,0
BRDA:54,14,1,0
BRDA:57,15,0,0
BRDA:57,15,1,0
BRDA:57,16,0,0
BRDA:57,16,1,0
BRDA:62,17,0,0
BRDA:62,17,1,0
BRDA:63,18,0,0
BRDA:63,18,1,0
BRDA:76,19,0,0
BRDA:76,19,1,0
BRDA:80,20,0,0
BRDA:80,20,1,0
BRDA:83,21,0,0
BRDA:83,21,1,0
BRDA:83,22,0,0
BRDA:83,22,1,0
BRDA:86,23,0,0
BRDA:86,23,1,0
BRDA:90,24,0,0
BRDA:90,24,1,0
BRDA:91,25,0,0
BRDA:91,25,1,0
BRDA:93,26,0,0
BRDA:93,26,1,0
BRDA:99,27,0,0
BRDA:99,27,1,0
BRDA:104,28,0,0
BRDA:104,28,1,0
BRDA:107,29,0,0
BRDA:107,29,1,0
BRDA:107,30,0,0
BRDA:107,30,1,0
BRDA:112,31,0,0
BRDA:112,31,1,0
BRDA:113,32,0,0
BRDA:113,32,1,0
BRF:66
BRH:0
end_of_record
TN:
SF:controllers/index.js
FNF:0
FNH:0
DA:1,0
DA:2,0
DA:3,0
DA:4,0
DA:6,0
LF:5
LH:0
BRF:0
BRH:0
end_of_record
TN:
SF:controllers/notification.controller.js
FN:3,(anonymous_0)
FN:19,(anonymous_1)
FN:28,(anonymous_2)
FN:40,(anonymous_3)
FN:49,(anonymous_4)
FN:61,(anonymous_5)
FN:62,(anonymous_6)
FN:63,(anonymous_7)
FN:65,(anonymous_8)
FN:66,(anonymous_9)
FN:67,(anonymous_10)
FN:69,(anonymous_11)
FN:70,(anonymous_12)
FN:71,(anonymous_13)
FN:73,(anonymous_14)
FN:74,(anonymous_15)
FN:75,(anonymous_16)
FN:77,(anonymous_17)
FN:78,(anonymous_18)
FN:79,(anonymous_19)
FNF:20
FNH:0
FNDA:0,(anonymous_0)
FNDA:0,(anonymous_1)
FNDA:0,(anonymous_2)
FNDA:0,(anonymous_3)
FNDA:0,(anonymous_4)
FNDA:0,(anonymous_5)
FNDA:0,(anonymous_6)
FNDA:0,(anonymous_7)
FNDA:0,(anonymous_8)
FNDA:0,(anonymous_9)
FNDA:0,(anonymous_10)
FNDA:0,(anonymous_11)
FNDA:0,(anonymous_12)
FNDA:0,(anonymous_13)
FNDA:0,(anonymous_14)
FNDA:0,(anonymous_15)
FNDA:0,(anonymous_16)
FNDA:0,(anonymous_17)
FNDA:0,(anonymous_18)
FNDA:0,(anonymous_19)
DA:1,0
DA:3,0
DA:4,0
DA:5,0
DA:6,0
DA:11,0
DA:15,0
DA:19,0
DA:20,0
DA:21,0
DA:22,0
DA:24,0
DA:28,0
DA:29,0
DA:30,0
DA:31,0
DA:32,0
DA:34,0
DA:36,0
DA:40,0
DA:41,0
DA:42,0
DA:43,0
DA:45,0
DA:49,0
DA:50,0
DA:51,0
DA:52,0
DA:53,0
DA:55,0
DA:57,0
DA:61,0
DA:62,0
DA:63,0
DA:65,0
DA:66,0
DA:67,0
DA:69,0
DA:70,0
DA:71,0
DA:73,0
DA:74,0
DA:75,0
DA:77,0
DA:78,0
DA:79,0
LF:46
LH:0
BRDA:9,0,0,0
BRDA:9,0,1,0
BRDA:9,1,0,0
BRDA:9,1,1,0
BRDA:15,2,0,0
BRDA:15,2,1,0
BRDA:24,3,0,0
BRDA:24,3,1,0
BRDA:31,4,0,0
BRDA:31,4,1,0
BRDA:36,5,0,0
BRDA:36,5,1,0
BRDA:45,6,0,0
BRDA:45,6,1,0
BRDA:52,7,0,0
BRDA:52,7,1,0
BRDA:57,8,0,0
BRDA:57,8,1,0
BRF:18
BRH:0
end_of_record
TN:
SF:controllers/offer.controller.js
FN:17,(anonymous_0)
FN:19,(anonymous_1)
FN:22,(anonymous_2)
FN:28,(anonymous_3)
FN:33,(anonymous_4)
FN:60,(anonymous_5)
FN:79,(anonymous_6)
FN:89,(anonymous_7)
FN:104,(anonymous_8)
FN:118,(anonymous_9)
FN:141,(anonymous_10)
FN:168,(anonymous_11)
FN:198,(anonymous_12)
FN:218,(anonymous_13)
FN:243,(anonymous_14)
FNF:15
FNH:0
FNDA:0,(anonymous_0)
FNDA:0,(anonymous_1)
FNDA:0,(anonymous_2)
FNDA:0,(anonymous_3)
FNDA:0,(anonymous_4)
FNDA:0,(anonymous_5)
FNDA:0,(anonymous_6)
FNDA:0,(anonymous_7)
FNDA:0,(anonymous_8)
FNDA:0,(anonymous_9)
FNDA:0,(anonymous_10)
FNDA:0,(anonymous_11)
FNDA:0,(anonymous_12)
FNDA:0,(anonymous_13)
FNDA:0,(anonymous_14)
DA:6,0
DA:7,0
DA:9,0
DA:17,0
DA:18,0
DA:19,0
DA:20,0
DA:21,0
DA:22,0
DA:23,0
DA:24,0
DA:25,0
DA:28,0
DA:29,0
DA:33,0
DA:34,0
DA:35,0
DA:36,0
DA:39,0
DA:50,0
DA:51,0
DA:52,0
DA:53,0
DA:54,0
DA:55,0
DA:56,0
DA:59,0
DA:60,0
DA:70,0
DA:73,0
DA:75,0
DA:79,0
DA:80,0
DA:81,0
DA:82,0
DA:83,0
DA:85,0
DA:89,0
DA:90,0
DA:91,0
DA:92,0
DA:93,0
DA:94,0
DA:96,0
DA:97,0
DA:98,0
DA:100,0
DA:104,0
DA:105,0
DA:106,0
DA:107,0
DA:108,0
DA:110,0
DA:111,0
DA:112,0
DA:114,0
DA:118,0
DA:119,0
DA:120,0
DA:121,0
DA:122,0
DA:125,0
DA:126,0
DA:127,0
DA:130,0
DA:131,0
DA:135,0
DA:137,0
DA:141,0
DA:142,0
DA:143,0
DA:145,0
DA:146,0
DA:148,0
DA:149,0
DA:152,0
DA:153,0
DA:154,0
DA:155,0
DA:157,0
DA:158,0
DA:161,0
DA:162,0
DA:163,0
DA:166,0
DA:167,0
DA:168,0
DA:169,0
DA:174,0
DA:177,0
DA:178,0
DA:181,0
DA:182,0
DA:183,0
DA:192,0
DA:194,0
DA:198,0
DA:199,0
DA:200,0
DA:201,0
DA:203,0
DA:204,0
DA:205,0
DA:207,0
DA:208,0
DA:212,0
DA:214,0
DA:218,0
DA:219,0
DA:220,0
DA:221,0
DA:224,0
DA:225,0
DA:233,0
DA:234,0
DA:236,0
DA:238,0
DA:239,0
DA:243,0
DA:244,0
DA:245,0
DA:246,0
DA:248,0
DA:249,0
DA:250,0
DA:251,0
DA:253,0
DA:255,0
DA:256,0
LF:129
LH:0
BRDA:18,0,0,0
BRDA:18,0,1,0
BRDA:23,1,0,0
BRDA:23,1,1,0
BRDA:29,2,0,0
BRDA:29,2,1,0
BRDA:35,3,0,0
BRDA:35,3,1,0
BRDA:46,4,0,0
BRDA:46,4,1,0
BRDA:47,5,0,0
BRDA:47,5,1,0
BRDA:52,6,0,0
BRDA:52,6,1,0
BRDA:55,7,0,0
BRDA:55,7,1,0
BRDA:70,8,0,0
BRDA:70,8,1,0
BRDA:75,9,0,0
BRDA:75,9,1,0
BRDA:85,10,0,0
BRDA:85,10,1,0
BRDA:93,11,0,0
BRDA:93,11,1,0
BRDA:93,12,0,0
BRDA:93,12,1,0
BRDA:100,13,0,0
BRDA:100,13,1,0
BRDA:106,14,0,0
BRDA:106,14,1,0
BRDA:107,15,0,0
BRDA:107,15,1,0
BRDA:107,16,0,0
BRDA:107,16,1,0
BRDA:114,17,0,0
BRDA:114,17,1,0
BRDA:121,18,0,0
BRDA:121,18,1,0
BRDA:121,19,0,0
BRDA:121,19,1,0
BRDA:126,20,0,0
BRDA:126,20,1,0
BRDA:137,21,0,0
BRDA:137,21,1,0
BRDA:145,22,0,0
BRDA:145,22,1,0
BRDA:145,23,0,0
BRDA:145,23,1,0
BRDA:148,24,0,0
BRDA:148,24,1,0
BRDA:148,25,0,0
BRDA:148,25,1,0
BRDA:154,26,0,0
BRDA:154,26,1,0
BRDA:157,27,0,0
BRDA:157,27,1,0
BRDA:162,28,0,0
BRDA:162,28,1,0
BRDA:167,29,0,0
BRDA:167,29,1,0
BRDA:167,30,0,0
BRDA:167,30,1,0
BRDA:169,31,0,0
BRDA:169,31,1,0
BRDA:170,32,0,0
BRDA:170,32,1,0
BRDA:170,32,2,0
BRDA:177,33,0,0
BRDA:177,33,1,0
BRDA:182,34,0,0
BRDA:182,34,1,0
BRDA:188,35,0,0
BRDA:188,35,1,0
BRDA:188,36,0,0
BRDA:188,36,1,0
BRDA:194,37,0,0
BRDA:194,37,1,0
BRDA:200,38,0,0
BRDA:200,38,1,0
BRDA:204,39,0,0
BRDA:204,39,1,0
BRDA:219,40,0,0
BRDA:219,40,1,0
BRDA:220,41,0,0
BRDA:220,41,1,0
BRDA:220,42,0,0
BRDA:220,42,1,0
BRDA:233,43,0,0
BRDA:233,43,1,0
BRDA:239,44,0,0
BRDA:239,44,1,0
BRDA:244,45,0,0
BRDA:244,45,1,0
BRDA:245,46,0,0
BRDA:245,46,1,0
BRDA:245,47,0,0
BRDA:245,47,1,0
BRDA:250,48,0,0
BRDA:250,48,1,0
BRDA:256,49,0,0
BRDA:256,49,1,0
BRF:101
BRH:0
end_of_record
TN:
SF:controllers/student.controller.js
FN:30,(anonymous_0)
FN:52,(anonymous_1)
FN:62,(anonymous_2)
FN:78,(anonymous_3)
FN:174,(anonymous_4)
FN:177,(anonymous_5)
FN:185,(anonymous_6)
FN:193,(anonymous_7)
FN:197,(anonymous_8)
FN:209,(anonymous_9)
FN:211,(anonymous_10)
FN:214,(anonymous_11)
FN:228,(anonymous_12)
FN:230,(anonymous_13)
FN:233,(anonymous_14)
FN:238,(anonymous_15)
FN:239,(anonymous_16)
FN:241,(anonymous_17)
FN:247,(anonymous_18)
FN:249,(anonymous_19)
FN:261,(anonymous_20)
FN:268,(anonymous_21)
FN:272,(anonymous_22)
FN:274,(anonymous_23)
FN:293,(anonymous_24)
FN:321,(anonymous_25)
FN:326,(anonymous_26)
FN:367,(anonymous_27)
FN:407,(anonymous_28)
FN:429,(anonymous_29)
FN:430,(anonymous_30)
FN:490,(anonymous_31)
FN:503,(anonymous_32)
FN:517,(anonymous_33)
FN:535,(anonymous_34)
FN:551,(anonymous_35)
FN:567,(anonymous_36)
FN:586,(anonymous_37)
FN:681,(anonymous_38)
FN:713,(anonymous_39)
FN:736,(anonymous_40)
FN:761,(anonymous_41)
FN:809,(anonymous_42)
FN:812,(anonymous_43)
FN:818,(anonymous_44)
FN:860,(anonymous_45)
FN:863,(anonymous_46)
FN:869,(anonymous_47)
FN:870,(anonymous_48)
FN:879,(anonymous_49)
FN:886,(anonymous_50)
FN:911,(anonymous_51)
FN:1012,(anonymous_52)
FN:1025,(anonymous_53)
FN:1040,(anonymous_54)
FN:1109,(anonymous_55)
FN:1118,(anonymous_56)
FN:1136,(anonymous_57)
FN:1161,(anonymous_58)
FN:1181,(anonymous_59)
FN:1190,(anonymous_60)
FN:1209,(anonymous_61)
FN:1219,(anonymous_62)
FN:1220,(anonymous_63)
FN:1221,(anonymous_64)
FN:1259,(anonymous_65)
FN:1285,(anonymous_66)
FN:1333,(anonymous_67)
FN:1342,(anonymous_68)
FN:1387,(anonymous_69)
FN:1422,(anonymous_70)
FN:1427,(anonymous_71)
FN:1430,(anonymous_72)
FN:1435,(anonymous_73)
FN:1445,(anonymous_74)
FN:1452,(anonymous_75)
FN:1464,(anonymous_76)
FN:1478,(anonymous_77)
FN:1490,(anonymous_78)
FN:1515,(anonymous_79)
FN:1534,(anonymous_80)
FN:1549,(anonymous_81)
FN:1558,(anonymous_82)
FN:1559,(anonymous_83)
FN:1560,(anonymous_84)
FN:1600,(anonymous_85)
FN:1607,(anonymous_86)
FN:1609,(anonymous_87)
FN:1630,(anonymous_88)
FNF:89
FNH:0
FNDA:0,(anonymous_0)
FNDA:0,(anonymous_1)
FNDA:0,(anonymous_2)
FNDA:0,(anonymous_3)
FNDA:0,(anonymous_4)
FNDA:0,(anonymous_5)
FNDA:0,(anonymous_6)
FNDA:0,(anonymous_7)
FNDA:0,(anonymous_8)
FNDA:0,(anonymous_9)
FNDA:0,(anonymous_10)
FNDA:0,(anonymous_11)
FNDA:0,(anonymous_12)
FNDA:0,(anonymous_13)
FNDA:0,(anonymous_14)
FNDA:0,(anonymous_15)
FNDA:0,(anonymous_16)
FNDA:0,(anonymous_17)
FNDA:0,(anonymous_18)
FNDA:0,(anonymous_19)
FNDA:0,(anonymous_20)
FNDA:0,(anonymous_21)
FNDA:0,(anonymous_22)
FNDA:0,(anonymous_23)
FNDA:0,(anonymous_24)
FNDA:0,(anonymous_25)
FNDA:0,(anonymous_26)
FNDA:0,(anonymous_27)
FNDA:0,(anonymous_28)
FNDA:0,(anonymous_29)
FNDA:0,(anonymous_30)
FNDA:0,(anonymous_31)
FNDA:0,(anonymous_32)
FNDA:0,(anonymous_33)
FNDA:0,(anonymous_34)
FNDA:0,(anonymous_35)
FNDA:0,(anonymous_36)
FNDA:0,(anonymous_37)
FNDA:0,(anonymous_38)
FNDA:0,(anonymous_39)
FNDA:0,(anonymous_40)
FNDA:0,(anonymous_41)
FNDA:0,(anonymous_42)
FNDA:0,(anonymous_43)
FNDA:0,(anonymous_44)
FNDA:0,(anonymous_45)
FNDA:0,(anonymous_46)
FNDA:0,(anonymous_47)
FNDA:0,(anonymous_48)
FNDA:0,(anonymous_49)
FNDA:0,(anonymous_50)
FNDA:0,(anonymous_51)
FNDA:0,(anonymous_52)
FNDA:0,(anonymous_53)
FNDA:0,(anonymous_54)
FNDA:0,(anonymous_55)
FNDA:0,(anonymous_56)
FNDA:0,(anonymous_57)
FNDA:0,(anonymous_58)
FNDA:0,(anonymous_59)
FNDA:0,(anonymous_60)
FNDA:0,(anonymous_61)
FNDA:0,(anonymous_62)
FNDA:0,(anonymous_63)
FNDA:0,(anonymous_64)
FNDA:0,(anonymous_65)
FNDA:0,(anonymous_66)
FNDA:0,(anonymous_67)
FNDA:0,(anonymous_68)
FNDA:0,(anonymous_69)
FNDA:0,(anonymous_70)
FNDA:0,(anonymous_71)
FNDA:0,(anonymous_72)
FNDA:0,(anonymous_73)
FNDA:0,(anonymous_74)
FNDA:0,(anonymous_75)
FNDA:0,(anonymous_76)
FNDA:0,(anonymous_77)
FNDA:0,(anonymous_78)
FNDA:0,(anonymous_79)
FNDA:0,(anonymous_80)
FNDA:0,(anonymous_81)
FNDA:0,(anonymous_82)
FNDA:0,(anonymous_83)
FNDA:0,(anonymous_84)
FNDA:0,(anonymous_85)
FNDA:0,(anonymous_86)
FNDA:0,(anonymous_87)
FNDA:0,(anonymous_88)
DA:1,0
DA:2,0
DA:3,0
DA:4,0
DA:5,0
DA:6,0
DA:7,0
DA:8,0
DA:9,0
DA:10,0
DA:11,0
DA:26,0
DA:27,0
DA:28,0
DA:30,0
DA:52,0
DA:53,0
DA:54,0
DA:55,0
DA:56,0
DA:58,0
DA:62,0
DA:63,0
DA:64,0
DA:72,0
DA:74,0
DA:78,0
DA:79,0
DA:80,0
DA:81,0
DA:83,0
DA:84,0
DA:87,0
DA:88,0
DA:89,0
DA:92,0
DA:93,0
DA:94,0
DA:98,0
DA:121,0
DA:131,0
DA:132,0
DA:141,0
DA:142,0
DA:144,0
DA:147,0
DA:149,0
DA:150,0
DA:154,0
DA:162,0
DA:163,0
DA:164,0
DA:166,0
DA:174,0
DA:175,0
DA:176,0
DA:177,0
DA:179,0
DA:180,0
DA:181,0
DA:182,0
DA:183,0
DA:184,0
DA:185,0
DA:191,0
DA:193,0
DA:197,0
DA:198,0
DA:199,0
DA:200,0
DA:201,0
DA:203,0
DA:205,0
DA:209,0
DA:211,0
DA:212,0
DA:214,0
DA:215,0
DA:216,0
DA:217,0
DA:218,0
DA:219,0
DA:220,0
DA:225,0
DA:228,0
DA:230,0
DA:231,0
DA:233,0
DA:234,0
DA:235,0
DA:238,0
DA:239,0
DA:241,0
DA:242,0
DA:243,0
DA:247,0
DA:249,0
DA:250,0
DA:251,0
DA:252,0
DA:254,0
DA:255,0
DA:256,0
DA:257,0
DA:258,0
DA:261,0
DA:262,0
DA:263,0
DA:265,0
DA:268,0
DA:269,0
DA:270,0
DA:272,0
DA:273,0
DA:274,0
DA:276,0
DA:277,0
DA:288,0
DA:290,0
DA:291,0
DA:292,0
DA:293,0
DA:294,0
DA:295,0
DA:297,0
DA:298,0
DA:302,0
DA:303,0
DA:310,0
DA:311,0
DA:321,0
DA:322,0
DA:323,0
DA:326,0
DA:327,0
DA:328,0
DA:329,0
DA:332,0
DA:333,0
DA:334,0
DA:335,0
DA:336,0
DA:340,0
DA:355,0
DA:362,0
DA:363,0
DA:367,0
DA:368,0
DA:369,0
DA:370,0
DA:373,0
DA:374,0
DA:375,0
DA:378,0
DA:379,0
DA:380,0
DA:382,0
DA:400,0
DA:402,0
DA:403,0
DA:407,0
DA:408,0
DA:409,0
DA:410,0
DA:413,0
DA:414,0
DA:415,0
DA:417,0
DA:418,0
DA:421,0
DA:422,0
DA:423,0
DA:424,0
DA:425,0
DA:427,0
DA:428,0
DA:429,0
DA:430,0
DA:436,0
DA:439,0
DA:441,0
DA:442,0
DA:443,0
DA:444,0
DA:445,0
DA:446,0
DA:447,0
DA:450,0
DA:460,0
DA:468,0
DA:473,0
DA:485,0
DA:486,0
DA:490,0
DA:491,0
DA:492,0
DA:493,0
DA:496,0
DA:497,0
DA:498,0
DA:501,0
DA:502,0
DA:503,0
DA:512,0
DA:513,0
DA:517,0
DA:518,0
DA:519,0
DA:520,0
DA:523,0
DA:524,0
DA:525,0
DA:528,0
DA:530,0
DA:531,0
DA:535,0
DA:536,0
DA:537,0
DA:538,0
DA:540,0
DA:544,0
DA:546,0
DA:547,0
DA:551,0
DA:552,0
DA:553,0
DA:554,0
DA:556,0
DA:560,0
DA:562,0
DA:563,0
DA:567,0
DA:568,0
DA:569,0
DA:570,0
DA:573,0
DA:574,0
DA:575,0
DA:576,0
DA:579,0
DA:581,0
DA:582,0
DA:586,0
DA:587,0
DA:588,0
DA:589,0
DA:592,0
DA:593,0
DA:596,0
DA:597,0
DA:600,0
DA:601,0
DA:602,0
DA:604,0
DA:605,0
DA:606,0
DA:607,0
DA:610,0
DA:611,0
DA:612,0
DA:613,0
DA:617,0
DA:618,0
DA:619,0
DA:620,0
DA:621,0
DA:623,0
DA:624,0
DA:625,0
DA:626,0
DA:627,0
DA:628,0
DA:630,0
DA:633,0
DA:634,0
DA:656,0
DA:664,0
DA:665,0
DA:666,0
DA:674,0
DA:676,0
DA:677,0
DA:681,0
DA:682,0
DA:683,0
DA:684,0
DA:687,0
DA:688,0
DA:689,0
DA:692,0
DA:693,0
DA:702,0
DA:703,0
DA:706,0
DA:708,0
DA:709,0
DA:713,0
DA:714,0
DA:715,0
DA:716,0
DA:719,0
DA:720,0
DA:721,0
DA:724,0
DA:729,0
DA:731,0
DA:732,0
DA:736,0
DA:737,0
DA:738,0
DA:739,0
DA:742,0
DA:743,0
DA:744,0
DA:747,0
DA:748,0
DA:754,0
DA:756,0
DA:757,0
DA:761,0
DA:762,0
DA:763,0
DA:764,0
DA:767,0
DA:768,0
DA:769,0
DA:770,0
DA:773,0
DA:774,0
DA:775,0
DA:776,0
DA:777,0
DA:780,0
DA:783,0
DA:784,0
DA:785,0
DA:786,0
DA:787,0
DA:790,0
DA:794,0
DA:795,0
DA:802,0
DA:804,0
DA:805,0
DA:809,0
DA:810,0
DA:811,0
DA:812,0
DA:813,0
DA:814,0
DA:817,0
DA:818,0
DA:820,0
DA:821,0
DA:822,0
DA:823,0
DA:824,0
DA:825,0
DA:828,0
DA:831,0
DA:832,0
DA:833,0
DA:834,0
DA:835,0
DA:838,0
DA:842,0
DA:844,0
DA:853,0
DA:855,0
DA:856,0
DA:860,0
DA:861,0
DA:862,0
DA:863,0
DA:864,0
DA:865,0
DA:868,0
DA:869,0
DA:870,0
DA:871,0
DA:872,0
DA:875,0
DA:876,0
DA:878,0
DA:879,0
DA:880,0
DA:881,0
DA:884,0
DA:886,0
DA:887,0
DA:888,0
DA:889,0
DA:890,0
DA:891,0
DA:893,0
DA:897,0
DA:899,0
DA:906,0
DA:907,0
DA:911,0
DA:912,0
DA:913,0
DA:914,0
DA:917,0
DA:918,0
DA:921,0
DA:922,0
DA:923,0
DA:926,0
DA:927,0
DA:930,0
DA:931,0
DA:934,0
DA:935,0
DA:936,0
DA:939,0
DA:940,0
DA:941,0
DA:942,0
DA:944,0
DA:945,0
DA:946,0
DA:947,0
DA:948,0
DA:949,0
DA:960,0
DA:961,0
DA:964,0
DA:965,0
DA:966,0
DA:967,0
DA:968,0
DA:970,0
DA:974,0
DA:975,0
DA:987,0
DA:995,0
DA:996,0
DA:997,0
DA:1005,0
DA:1007,0
DA:1008,0
DA:1012,0
DA:1013,0
DA:1014,0
DA:1015,0
DA:1018,0
DA:1019,0
DA:1020,0
DA:1023,0
DA:1024,0
DA:1025,0
DA:1035,0
DA:1036,0
DA:1040,0
DA:1041,0
DA:1042,0
DA:1043,0
DA:1046,0
DA:1047,0
DA:1048,0
DA:1051,0
DA:1052,0
DA:1053,0
DA:1056,0
DA:1057,0
DA:1058,0
DA:1059,0
DA:1061,0
DA:1062,0
DA:1065,0
DA:1066,0
DA:1067,0
DA:1068,0
DA:1069,0
DA:1070,0
DA:1071,0
DA:1072,0
DA:1083,0
DA:1085,0
DA:1094,0
DA:1102,0
DA:1104,0
DA:1105,0
DA:1109,0
DA:1110,0
DA:1111,0
DA:1112,0
DA:1114,0
DA:1118,0
DA:1119,0
DA:1120,0
DA:1121,0
DA:1123,0
DA:1127,0
DA:1128,0
DA:1129,0
DA:1131,0
DA:1132,0
DA:1136,0
DA:1137,0
DA:1138,0
DA:1139,0
DA:1142,0
DA:1143,0
DA:1144,0
DA:1155,0
DA:1157,0
DA:1161,0
DA:1162,0
DA:1163,0
DA:1164,0
DA:1175,0
DA:1177,0
DA:1181,0
DA:1182,0
DA:1183,0
DA:1184,0
DA:1186,0
DA:1190,0
DA:1191,0
DA:1192,0
DA:1193,0
DA:1196,0
DA:1197,0
DA:1200,0
DA:1201,0
DA:1202,0
DA:1204,0
DA:1205,0
DA:1209,0
DA:1210,0
DA:1211,0
DA:1212,0
DA:1213,0
DA:1214,0
DA:1215,0
DA:1216,0
DA:1219,0
DA:1220,0
DA:1221,0
DA:1222,0
DA:1226,0
DA:1227,0
DA:1228,0
DA:1230,0
DA:1255,0
DA:1256,0
DA:1257,0
DA:1258,0
DA:1259,0
DA:1269,0
DA:1272,0
DA:1274,0
DA:1280,0
DA:1281,0
DA:1285,0
DA:1286,0
DA:1288,0
DA:1289,0
DA:1290,0
DA:1292,0
DA:1293,0
DA:1296,0
DA:1297,0
DA:1302,0
DA:1303,0
DA:1304,0
DA:1306,0
DA:1309,0
DA:1310,0
DA:1315,0
DA:1319,0
DA:1320,0
DA:1322,0
DA:1329,0
DA:1333,0
DA:1334,0
DA:1335,0
DA:1336,0
DA:1337,0
DA:1338,0
DA:1341,0
DA:1342,0
DA:1343,0
DA:1345,0
DA:1346,0
DA:1347,0
DA:1348,0
DA:1349,0
DA:1351,0
DA:1352,0
DA:1354,0
DA:1355,0
DA:1357,0
DA:1358,0
DA:1360,0
DA:1361,0
DA:1362,0
DA:1365,0
DA:1366,0
DA:1367,0
DA:1369,0
DA:1370,0
DA:1372,0
DA:1373,0
DA:1375,0
DA:1376,0
DA:1380,0
DA:1381,0
DA:1383,0
DA:1387,0
DA:1388,0
DA:1389,0
DA:1390,0
DA:1391,0
DA:1394,0
DA:1395,0
DA:1396,0
DA:1399,0
DA:1400,0
DA:1405,0
DA:1406,0
DA:1413,0
DA:1417,0
DA:1418,0
DA:1422,0
DA:1423,0
DA:1424,0
DA:1425,0
DA:1428,0
DA:1431,0
DA:1435,0
DA:1436,0
DA:1437,0
DA:1438,0
DA:1439,0
DA:1441,0
DA:1445,0
DA:1446,0
DA:1447,0
DA:1448,0
DA:1450,0
DA:1451,0
DA:1452,0
DA:1453,0
DA:1454,0
DA:1455,0
DA:1458,0
DA:1460,0
DA:1464,0
DA:1465,0
DA:1471,0
DA:1472,0
DA:1473,0
DA:1476,0
DA:1477,0
DA:1478,0
DA:1484,0
DA:1486,0
DA:1490,0
DA:1491,0
DA:1501,0
DA:1502,0
DA:1503,0
DA:1506,0
DA:1507,0
DA:1508,0
DA:1509,0
DA:1511,0
DA:1515,0
DA:1516,0
DA:1517,0
DA:1518,0
DA:1521,0
DA:1522,0
DA:1528,0
DA:1530,0
DA:1534,0
DA:1535,0
DA:1536,0
DA:1537,0
DA:1539,0
DA:1540,0
DA:1541,0
DA:1543,0
DA:1545,0
DA:1549,0
DA:1550,0
DA:1551,0
DA:1553,0
DA:1554,0
DA:1557,0
DA:1558,0
DA:1559,0
DA:1560,0
DA:1561,0
DA:1565,0
DA:1566,0
DA:1567,0
DA:1569,0
DA:1572,0
DA:1587,0
DA:1588,0
DA:1589,0
DA:1592,0
DA:1593,0
DA:1595,0
DA:1596,0
DA:1600,0
DA:1601,0
DA:1602,0
DA:1603,0
DA:1606,0
DA:1607,0
DA:1608,0
DA:1609,0
DA:1610,0
DA:1623,0
DA:1625,0
DA:1626,0
DA:1630,0
DA:1631,0
DA:1632,0
DA:1634,0
DA:1635,0
DA:1636,0
DA:1637,0
DA:1639,0
DA:1641,0
DA:1642,0
LF:731
LH:0
BRDA:58,0,0,0
BRDA:58,0,1,0
BRDA:74,1,0,0
BRDA:74,1,1,0
BRDA:80,2,0,0
BRDA:80,2,1,0
BRDA:83,3,0,0
BRDA:83,3,1,0
BRDA:88,4,0,0
BRDA:88,4,1,0
BRDA:94,5,0,0
BRDA:94,5,1,0
BRDA:103,6,0,0
BRDA:103,6,1,0
BRDA:106,7,0,0
BRDA:106,7,1,0
BRDA:131,8,0,0
BRDA:131,8,1,0
BRDA:144,9,0,0
BRDA:144,9,1,0
BRDA:150,10,0,0
BRDA:150,10,1,0
BRDA:175,11,0,0
BRDA:175,11,1,0
BRDA:176,12,0,0
BRDA:176,12,1,0
BRDA:180,13,0,0
BRDA:180,13,1,0
BRDA:181,14,0,0
BRDA:181,14,1,0
BRDA:184,15,0,0
BRDA:184,15,1,0
BRDA:198,16,0,0
BRDA:198,16,1,0
BRDA:200,17,0,0
BRDA:200,17,1,0
BRDA:215,18,0,0
BRDA:215,18,1,0
BRDA:216,19,0,0
BRDA:216,19,1,0
BRDA:217,20,0,0
BRDA:217,20,1,0
BRDA:220,21,0,0
BRDA:220,21,1,0
BRDA:228,22,0,0
BRDA:228,22,1,0
BRDA:231,23,0,0
BRDA:231,23,1,0
BRDA:231,23,2,0
BRDA:231,23,3,0
BRDA:234,24,0,0
BRDA:234,24,1,0
BRDA:234,24,2,0
BRDA:242,25,0,0
BRDA:242,25,1,0
BRDA:247,26,0,0
BRDA:247,26,1,0
BRDA:262,27,0,0
BRDA:262,27,1,0
BRDA:270,28,0,0
BRDA:270,28,1,0
BRDA:290,29,0,0
BRDA:290,29,1,0
BRDA:291,30,0,0
BRDA:291,30,1,0
BRDA:292,31,0,0
BRDA:292,31,1,0
BRDA:294,32,0,0
BRDA:294,32,1,0
BRDA:294,33,0,0
BRDA:294,33,1,0
BRDA:297,34,0,0
BRDA:297,34,1,0
BRDA:297,35,0,0
BRDA:297,35,1,0
BRDA:313,36,0,0
BRDA:313,36,1,0
BRDA:322,37,0,0
BRDA:322,37,1,0
BRDA:328,38,0,0
BRDA:328,38,1,0
BRDA:333,39,0,0
BRDA:333,39,1,0
BRDA:334,40,0,0
BRDA:334,40,1,0
BRDA:335,41,0,0
BRDA:335,41,1,0
BRDA:337,42,0,0
BRDA:337,42,1,0
BRDA:343,43,0,0
BRDA:343,43,1,0
BRDA:344,44,0,0
BRDA:344,44,1,0
BRDA:345,45,0,0
BRDA:345,45,1,0
BRDA:346,46,0,0
BRDA:346,46,1,0
BRDA:347,47,0,0
BRDA:347,47,1,0
BRDA:348,48,0,0
BRDA:348,48,1,0
BRDA:349,49,0,0
BRDA:349,49,1,0
BRDA:369,50,0,0
BRDA:369,50,1,0
BRDA:373,51,0,0
BRDA:373,51,1,0
BRDA:374,52,0,0
BRDA:374,52,1,0
BRDA:379,53,0,0
BRDA:379,53,1,0
BRDA:380,54,0,0
BRDA:380,54,1,0
BRDA:388,55,0,0
BRDA:388,55,1,0
BRDA:409,56,0,0
BRDA:409,56,1,0
BRDA:409,57,0,0
BRDA:409,57,1,0
BRDA:414,58,0,0
BRDA:414,58,1,0
BRDA:414,59,0,0
BRDA:414,59,1,0
BRDA:417,60,0,0
BRDA:417,60,1,0
BRDA:417,61,0,0
BRDA:417,61,1,0
BRDA:421,62,0,0
BRDA:421,62,1,0
BRDA:423,63,0,0
BRDA:423,63,1,0
BRDA:424,64,0,0
BRDA:424,64,1,0
BRDA:427,65,0,0
BRDA:427,65,1,0
BRDA:427,66,0,0
BRDA:427,66,1,0
BRDA:429,67,0,0
BRDA:429,67,1,0
BRDA:433,68,0,0
BRDA:433,68,1,0
BRDA:442,69,0,0
BRDA:442,69,1,0
BRDA:442,70,0,0
BRDA:442,70,1,0
BRDA:442,70,2,0
BRDA:446,71,0,0
BRDA:446,71,1,0
BRDA:492,72,0,0
BRDA:492,72,1,0
BRDA:492,73,0,0
BRDA:492,73,1,0
BRDA:497,74,0,0
BRDA:497,74,1,0
BRDA:497,75,0,0
BRDA:497,75,1,0
BRDA:519,76,0,0
BRDA:519,76,1,0
BRDA:519,77,0,0
BRDA:519,77,1,0
BRDA:524,78,0,0
BRDA:524,78,1,0
BRDA:537,79,0,0
BRDA:537,79,1,0
BRDA:553,80,0,0
BRDA:553,80,1,0
BRDA:569,81,0,0
BRDA:569,81,1,0
BRDA:569,82,0,0
BRDA:569,82,1,0
BRDA:573,83,0,0
BRDA:573,83,1,0
BRDA:575,84,0,0
BRDA:575,84,1,0
BRDA:588,85,0,0
BRDA:588,85,1,0
BRDA:592,86,0,0
BRDA:592,86,1,0
BRDA:596,87,0,0
BRDA:596,87,1,0
BRDA:596,88,0,0
BRDA:596,88,1,0
BRDA:600,89,0,0
BRDA:600,89,1,0
BRDA:601,90,0,0
BRDA:601,90,1,0
BRDA:601,91,0,0
BRDA:601,91,1,0
BRDA:604,92,0,0
BRDA:604,92,1,0
BRDA:604,93,0,0
BRDA:604,93,1,0
BRDA:606,94,0,0
BRDA:606,94,1,0
BRDA:606,95,0,0
BRDA:606,95,1,0
BRDA:610,96,0,0
BRDA:610,96,1,0
BRDA:610,97,0,0
BRDA:610,97,1,0
BRDA:612,98,0,0
BRDA:612,98,1,0
BRDA:612,99,0,0
BRDA:612,99,1,0
BRDA:618,100,0,0
BRDA:618,100,1,0
BRDA:619,101,0,0
BRDA:619,101,1,0
BRDA:626,102,0,0
BRDA:626,102,1,0
BRDA:630,103,0,0
BRDA:630,103,1,0
BRDA:639,104,0,0
BRDA:639,104,1,0
BRDA:640,105,0,0
BRDA:640,105,1,0
BRDA:643,106,0,0
BRDA:643,106,1,0
BRDA:647,107,0,0
BRDA:647,107,1,0
BRDA:649,108,0,0
BRDA:649,108,1,0
BRDA:650,109,0,0
BRDA:650,109,1,0
BRDA:664,110,0,0
BRDA:664,110,1,0
BRDA:669,111,0,0
BRDA:669,111,1,0
BRDA:670,112,0,0
BRDA:670,112,1,0
BRDA:683,113,0,0
BRDA:683,113,1,0
BRDA:683,114,0,0
BRDA:683,114,1,0
BRDA:688,115,0,0
BRDA:688,115,1,0
BRDA:688,116,0,0
BRDA:688,116,1,0
BRDA:699,117,0,0
BRDA:699,117,1,0
BRDA:702,118,0,0
BRDA:702,118,1,0
BRDA:715,119,0,0
BRDA:715,119,1,0
BRDA:715,120,0,0
BRDA:715,120,1,0
BRDA:720,121,0,0
BRDA:720,121,1,0
BRDA:720,122,0,0
BRDA:720,122,1,0
BRDA:738,123,0,0
BRDA:738,123,1,0
BRDA:738,124,0,0
BRDA:738,124,1,0
BRDA:743,125,0,0
BRDA:743,125,1,0
BRDA:743,126,0,0
BRDA:743,126,1,0
BRDA:763,127,0,0
BRDA:763,127,1,0
BRDA:763,128,0,0
BRDA:763,128,1,0
BRDA:769,129,0,0
BRDA:769,129,1,0
BRDA:769,130,0,0
BRDA:769,130,1,0
BRDA:773,131,0,0
BRDA:773,131,1,0
BRDA:773,132,0,0
BRDA:773,132,1,0
BRDA:776,133,0,0
BRDA:776,133,1,0
BRDA:783,134,0,0
BRDA:783,134,1,0
BRDA:786,135,0,0
BRDA:786,135,1,0
BRDA:811,136,0,0
BRDA:811,136,1,0
BRDA:813,137,0,0
BRDA:813,137,1,0
BRDA:821,138,0,0
BRDA:821,138,1,0
BRDA:821,139,0,0
BRDA:821,139,1,0
BRDA:824,140,0,0
BRDA:824,140,1,0
BRDA:831,141,0,0
BRDA:831,141,1,0
BRDA:834,142,0,0
BRDA:834,142,1,0
BRDA:862,143,0,0
BRDA:862,143,1,0
BRDA:864,144,0,0
BRDA:864,144,1,0
BRDA:869,145,0,0
BRDA:869,145,1,0
BRDA:869,145,2,0
BRDA:871,146,0,0
BRDA:871,146,1,0
BRDA:889,147,0,0
BRDA:889,147,1,0
BRDA:891,148,0,0
BRDA:891,148,1,0
BRDA:913,149,0,0
BRDA:913,149,1,0
BRDA:913,150,0,0
BRDA:913,150,1,0
BRDA:917,151,0,0
BRDA:917,151,1,0
BRDA:922,152,0,0
BRDA:922,152,1,0
BRDA:922,153,0,0
BRDA:922,153,1,0
BRDA:926,154,0,0
BRDA:926,154,1,0
BRDA:926,155,0,0
BRDA:926,155,1,0
BRDA:930,156,0,0
BRDA:930,156,1,0
BRDA:930,157,0,0
BRDA:930,157,1,0
BRDA:934,158,0,0
BRDA:934,158,1,0
BRDA:935,159,0,0
BRDA:935,159,1,0
BRDA:935,160,0,0
BRDA:935,160,1,0
BRDA:940,161,0,0
BRDA:940,161,1,0
BRDA:944,162,0,0
BRDA:944,162,1,0
BRDA:944,163,0,0
BRDA:944,163,1,0
BRDA:945,164,0,0
BRDA:945,164,1,0
BRDA:946,165,0,0
BRDA:946,165,1,0
BRDA:953,166,0,0
BRDA:953,166,1,0
BRDA:954,167,0,0
BRDA:954,167,1,0
BRDA:955,168,0,0
BRDA:955,168,1,0
BRDA:956,169,0,0
BRDA:956,169,1,0
BRDA:960,170,0,0
BRDA:960,170,1,0
BRDA:964,171,0,0
BRDA:964,171,1,0
BRDA:965,172,0,0
BRDA:965,172,1,0
BRDA:967,173,0,0
BRDA:967,173,1,0
BRDA:970,174,0,0
BRDA:970,174,1,0
BRDA:978,175,0,0
BRDA:978,175,1,0
BRDA:979,176,0,0
BRDA:979,176,1,0
BRDA:980,177,0,0
BRDA:980,177,1,0
BRDA:981,178,0,0
BRDA:981,178,1,0
BRDA:992,179,0,0
BRDA:992,179,1,0
BRDA:995,180,0,0
BRDA:995,180,1,0
BRDA:996,181,0,0
BRDA:996,181,1,0
BRDA:1000,182,0,0
BRDA:1000,182,1,0
BRDA:1001,183,0,0
BRDA:1001,183,1,0
BRDA:1014,184,0,0
BRDA:1014,184,1,0
BRDA:1014,185,0,0
BRDA:1014,185,1,0
BRDA:1019,186,0,0
BRDA:1019,186,1,0
BRDA:1019,187,0,0
BRDA:1019,187,1,0
BRDA:1042,188,0,0
BRDA:1042,188,1,0
BRDA:1042,189,0,0
BRDA:1042,189,1,0
BRDA:1042,189,2,0
BRDA:1047,190,0,0
BRDA:1047,190,1,0
BRDA:1047,191,0,0
BRDA:1047,191,1,0
BRDA:1052,192,0,0
BRDA:1052,192,1,0
BRDA:1052,193,0,0
BRDA:1052,193,1,0
BRDA:1057,194,0,0
BRDA:1057,194,1,0
BRDA:1059,195,0,0
BRDA:1059,195,1,0
BRDA:1061,196,0,0
BRDA:1061,196,1,0
BRDA:1061,197,0,0
BRDA:1061,197,1,0
BRDA:1061,197,2,0
BRDA:1065,198,0,0
BRDA:1065,198,1,0
BRDA:1068,199,0,0
BRDA:1068,199,1,0
BRDA:1069,200,0,0
BRDA:1069,200,1,0
BRDA:1076,201,0,0
BRDA:1076,201,1,0
BRDA:1077,202,0,0
BRDA:1077,202,1,0
BRDA:1078,203,0,0
BRDA:1078,203,1,0
BRDA:1079,204,0,0
BRDA:1079,204,1,0
BRDA:1087,205,0,0
BRDA:1087,205,1,0
BRDA:1088,206,0,0
BRDA:1088,206,1,0
BRDA:1089,207,0,0
BRDA:1089,207,1,0
BRDA:1090,208,0,0
BRDA:1090,208,1,0
BRDA:1111,209,0,0
BRDA:1111,209,1,0
BRDA:1114,210,0,0
BRDA:1114,210,1,0
BRDA:1119,211,0,0
BRDA:1119,211,1,0
BRDA:1132,212,0,0
BRDA:1132,212,1,0
BRDA:1138,213,0,0
BRDA:1138,213,1,0
BRDA:1138,214,0,0
BRDA:1138,214,1,0
BRDA:1143,215,0,0
BRDA:1143,215,1,0
BRDA:1157,216,0,0
BRDA:1157,216,1,0
BRDA:1163,217,0,0
BRDA:1163,217,1,0
BRDA:1177,218,0,0
BRDA:1177,218,1,0
BRDA:1186,219,0,0
BRDA:1186,219,1,0
BRDA:1192,220,0,0
BRDA:1192,220,1,0
BRDA:1192,221,0,0
BRDA:1192,221,1,0
BRDA:1196,222,0,0
BRDA:1196,222,1,0
BRDA:1205,223,0,0
BRDA:1205,223,1,0
BRDA:1212,224,0,0
BRDA:1212,224,1,0
BRDA:1227,225,0,0
BRDA:1227,225,1,0
BRDA:1228,226,0,0
BRDA:1228,226,1,0
BRDA:1257,227,0,0
BRDA:1257,227,1,0
BRDA:1269,228,0,0
BRDA:1269,228,1,0
BRDA:1289,229,0,0
BRDA:1289,229,1,0
BRDA:1292,230,0,0
BRDA:1292,230,1,0
BRDA:1296,231,0,0
BRDA:1296,231,1,0
BRDA:1309,232,0,0
BRDA:1309,232,1,0
BRDA:1329,233,0,0
BRDA:1329,233,1,0
BRDA:1336,234,0,0
BRDA:1336,234,1,0
BRDA:1337,235,0,0
BRDA:1337,235,1,0
BRDA:1343,236,0,0
BRDA:1343,236,1,0
BRDA:1346,237,0,0
BRDA:1346,237,1,0
BRDA:1348,238,0,0
BRDA:1348,238,1,0
BRDA:1351,239,0,0
BRDA:1351,239,1,0
BRDA:1354,240,0,0
BRDA:1354,240,1,0
BRDA:1354,241,0,0
BRDA:1354,241,1,0
BRDA:1357,242,0,0
BRDA:1357,242,1,0
BRDA:1360,243,0,0
BRDA:1360,243,1,0
BRDA:1366,244,0,0
BRDA:1366,244,1,0
BRDA:1369,245,0,0
BRDA:1369,245,1,0
BRDA:1372,246,0,0
BRDA:1372,246,1,0
BRDA:1372,247,0,0
BRDA:1372,247,1,0
BRDA:1375,248,0,0
BRDA:1375,248,1,0
BRDA:1383,249,0,0
BRDA:1383,249,1,0
BRDA:1389,250,0,0
BRDA:1389,250,1,0
BRDA:1390,251,0,0
BRDA:1390,251,1,0
BRDA:1405,252,0,0
BRDA:1405,252,1,0
BRDA:1441,253,0,0
BRDA:1441,253,1,0
BRDA:1447,254,0,0
BRDA:1447,254,1,0
BRDA:1454,255,0,0
BRDA:1454,255,1,0
BRDA:1460,256,0,0
BRDA:1460,256,1,0
BRDA:1472,257,0,0
BRDA:1472,257,1,0
BRDA:1472,258,0,0
BRDA:1472,258,1,0
BRDA:1486,259,0,0
BRDA:1486,259,1,0
BRDA:1502,260,0,0
BRDA:1502,260,1,0
BRDA:1502,261,0,0
BRDA:1502,261,1,0
BRDA:1511,262,0,0
BRDA:1511,262,1,0
BRDA:1517,263,0,0
BRDA:1517,263,1,0
BRDA:1517,264,0,0
BRDA:1517,264,1,0
BRDA:1517,264,2,0
BRDA:1517,264,3,0
BRDA:1530,265,0,0
BRDA:1530,265,1,0
BRDA:1536,266,0,0
BRDA:1536,266,1,0
BRDA:1540,267,0,0
BRDA:1540,267,1,0
BRDA:1545,268,0,0
BRDA:1545,268,1,0
BRDA:1550,269,0,0
BRDA:1550,269,1,0
BRDA:1553,270,0,0
BRDA:1553,270,1,0
BRDA:1587,271,0,0
BRDA:1587,271,1,0
BRDA:1596,272,0,0
BRDA:1596,272,1,0
BRDA:1602,273,0,0
BRDA:1602,273,1,0
BRDA:1602,274,0,0
BRDA:1602,274,1,0
BRDA:1631,275,0,0
BRDA:1631,275,1,0
BRDA:1636,276,0,0
BRDA:1636,276,1,0
BRDA:1642,277,0,0
BRDA:1642,277,1,0
BRF:565
BRH:0
end_of_record
TN:
SF:middlewares/authJwt.js
FN:6,(anonymous_0)
FN:17,(anonymous_1)
FN:23,(anonymous_2)
FN:31,(anonymous_3)
FN:38,(anonymous_4)
FN:51,(anonymous_5)
FN:65,(anonymous_6)
FN:70,(anonymous_7)
FN:77,(anonymous_8)
FN:82,(anonymous_9)
FN:87,(anonymous_10)
FN:94,(anonymous_11)
FN:99,(anonymous_12)
FN:105,(anonymous_13)
FN:112,(anonymous_14)
FNF:15
FNH:0
FNDA:0,(anonymous_0)
FNDA:0,(anonymous_1)
FNDA:0,(anonymous_2)
FNDA:0,(anonymous_3)
FNDA:0,(anonymous_4)
FNDA:0,(anonymous_5)
FNDA:0,(anonymous_6)
FNDA:0,(anonymous_7)
FNDA:0,(anonymous_8)
FNDA:0,(anonymous_9)
FNDA:0,(anonymous_10)
FNDA:0,(anonymous_11)
FNDA:0,(anonymous_12)
FNDA:0,(anonymous_13)
FNDA:0,(anonymous_14)
DA:1,0
DA:2,0
DA:3,0
DA:4,0
DA:6,0
DA:7,0
DA:8,0
DA:17,0
DA:23,0
DA:24,0
DA:25,0
DA:26,0
DA:27,0
DA:31,0
DA:32,0
DA:33,0
DA:34,0
DA:38,0
DA:40,0
DA:43,0
DA:44,0
DA:47,0
DA:48,0
DA:51,0
DA:52,0
DA:54,0
DA:56,0
DA:57,0
DA:59,0
DA:60,0
DA:61,0
DA:65,0
DA:66,0
DA:67,0
DA:69,0
DA:71,0
DA:72,0
DA:74,0
DA:78,0
DA:82,0
DA:83,0
DA:84,0
DA:86,0
DA:88,0
DA:89,0
DA:91,0
DA:95,0
DA:99,0
DA:100,0
DA:101,0
DA:102,0
DA:104,0
DA:106,0
DA:107,0
DA:109,0
DA:113,0
DA:117,0
LF:57
LH:0
BRDA:7,0,0,0
BRDA:7,0,1,0
BRDA:43,1,0,0
BRDA:43,1,1,0
BRDA:43,2,0,0
BRDA:43,2,1,0
BRDA:47,3,0,0
BRDA:47,3,1,0
BRDA:52,4,0,0
BRDA:52,4,1,0
BRDA:56,5,0,0
BRDA:56,5,1,0
BRDA:66,6,0,0
BRDA:66,6,1,0
BRDA:71,7,0,0
BRDA:71,7,1,0
BRDA:83,8,0,0
BRDA:83,8,1,0
BRDA:88,9,0,0
BRDA:88,9,1,0
BRDA:100,10,0,0
BRDA:100,10,1,0
BRDA:101,11,0,0
BRDA:101,11,1,0
BRDA:106,12,0,0
BRDA:106,12,1,0
BRF:26
BRH:0
end_of_record
TN:
SF:middlewares/errorHandler.js
FN:6,(anonymous_0)
FN:15,(anonymous_1)
FN:49,(anonymous_2)
FN:55,(anonymous_3)
FN:56,(anonymous_4)
FNF:5
FNH:0
FNDA:0,(anonymous_0)
FNDA:0,(anonymous_1)
FNDA:0,(anonymous_2)
FNDA:0,(anonymous_3)
FNDA:0,(anonymous_4)
DA:7,0
DA:8,0
DA:9,0
DA:11,0
DA:15,0
DA:16,0
DA:17,0
DA:20,0
DA:21,0
DA:31,0
DA:32,0
DA:39,0
DA:40,0
DA:49,0
DA:50,0
DA:51,0
DA:55,0
DA:56,0
DA:57,0
DA:61,0
LF:20
LH:0
BRDA:16,0,0,0
BRDA:16,0,1,0
BRDA:17,1,0,0
BRDA:17,1,1,0
BRDA:20,2,0,0
BRDA:20,2,1,0
BRDA:31,3,0,0
BRDA:31,3,1,0
BRF:8
BRH:0
end_of_record
TN:
SF:middlewares/index.js
FNF:0
FNH:0
DA:1,0
DA:2,0
DA:4,0
LF:3
LH:0
BRF:0
BRH:0
end_of_record
TN:
SF:middlewares/verifySignUp.js
FN:3,(anonymous_0)
FN:17,(anonymous_1)
FNF:2
FNH:0
FNDA:0,(anonymous_0)
FNDA:0,(anonymous_1)
DA:1,0
DA:3,0
DA:4,0
DA:5,0
DA:7,0
DA:8,0
DA:11,0
DA:13,0
DA:17,0
DA:18,0
DA:19,0
DA:21,0
DA:22,0
DA:25,0
DA:27,0
LF:15
LH:0
BRDA:7,0,0,0
BRDA:7,0,1,0
BRDA:13,1,0,0
BRDA:13,1,1,0
BRDA:21,2,0,0
BRDA:21,2,1,0
BRDA:27,3,0,0
BRDA:27,3,1,0
BRF:8
BRH:0
end_of_record
TN:
SF:repositories/admin.repository.js
FN:2,(anonymous_0)
FN:12,(anonymous_1)
FN:17,(anonymous_2)
FN:22,(anonymous_3)
FN:24,(anonymous_4)
FNF:5
FNH:0
FNDA:0,(anonymous_0)
FNDA:0,(anonymous_1)
FNDA:0,(anonymous_2)
FNDA:0,(anonymous_3)
FNDA:0,(anonymous_4)
DA:1,0
DA:2,0
DA:3,0
DA:9,0
DA:12,0
DA:13,0
DA:14,0
DA:17,0
DA:18,0
DA:19,0
DA:22,0
DA:23,0
DA:24,0
DA:27,0
LF:14
LH:0
BRDA:14,0,0,0
BRDA:14,0,1,0
BRDA:19,1,0,0
BRDA:19,1,1,0
BRF:4
BRH:0
end_of_record
TN:
SF:repositories/company.repository.js
FN:2,(anonymous_0)
FN:5,(anonymous_1)
FN:41,(anonymous_2)
FN:46,(anonymous_3)
FN:51,(anonymous_4)
FN:56,(anonymous_5)
FN:61,(anonymous_6)
FN:66,(anonymous_7)
FN:68,(anonymous_8)
FN:71,(anonymous_9)
FN:79,(anonymous_10)
FN:112,(anonymous_11)
FN:128,(anonymous_12)
FN:140,(anonymous_13)
FN:151,(anonymous_14)
FN:165,(anonymous_15)
FN:170,(anonymous_16)
FNF:17
FNH:0
FNDA:0,(anonymous_0)
FNDA:0,(anonymous_1)
FNDA:0,(anonymous_2)
FNDA:0,(anonymous_3)
FNDA:0,(anonymous_4)
FNDA:0,(anonymous_5)
FNDA:0,(anonymous_6)
FNDA:0,(anonymous_7)
FNDA:0,(anonymous_8)
FNDA:0,(anonymous_9)
FNDA:0,(anonymous_10)
FNDA:0,(anonymous_11)
FNDA:0,(anonymous_12)
FNDA:0,(anonymous_13)
FNDA:0,(anonymous_14)
FNDA:0,(anonymous_15)
FNDA:0,(anonymous_16)
DA:1,0
DA:2,0
DA:3,0
DA:5,0
DA:6,0
DA:38,0
DA:41,0
DA:42,0
DA:43,0
DA:46,0
DA:47,0
DA:48,0
DA:51,0
DA:52,0
DA:53,0
DA:56,0
DA:57,0
DA:58,0
DA:61,0
DA:62,0
DA:63,0
DA:66,0
DA:67,0
DA:68,0
DA:71,0
DA:72,0
DA:76,0
DA:79,0
DA:80,0
DA:109,0
DA:112,0
DA:113,0
DA:125,0
DA:128,0
DA:129,0
DA:137,0
DA:140,0
DA:141,0
DA:148,0
DA:151,0
DA:152,0
DA:162,0
DA:165,0
DA:166,0
DA:167,0
DA:170,0
DA:171,0
DA:172,0
DA:176,0
DA:179,0
LF:50
LH:0
BRDA:3,0,0,0
BRDA:3,0,1,0
BRDA:17,1,0,0
BRDA:17,1,1,0
BRDA:18,2,0,0
BRDA:18,2,1,0
BRDA:19,3,0,0
BRDA:19,3,1,0
BRDA:20,4,0,0
BRDA:20,4,1,0
BRDA:29,5,0,0
BRDA:29,5,1,0
BRDA:30,6,0,0
BRDA:30,6,1,0
BRDA:31,7,0,0
BRDA:31,7,1,0
BRDA:32,8,0,0
BRDA:32,8,1,0
BRDA:33,9,0,0
BRDA:33,9,1,0
BRDA:34,10,0,0
BRDA:34,10,1,0
BRDA:35,11,0,0
BRDA:35,11,1,0
BRDA:43,12,0,0
BRDA:43,12,1,0
BRDA:48,13,0,0
BRDA:48,13,1,0
BRDA:53,14,0,0
BRDA:53,14,1,0
BRDA:58,15,0,0
BRDA:58,15,1,0
BRDA:96,16,0,0
BRDA:96,16,1,0
BRDA:97,17,0,0
BRDA:97,17,1,0
BRDA:98,18,0,0
BRDA:98,18,1,0
BRDA:99,19,0,0
BRDA:99,19,1,0
BRDA:100,20,0,0
BRDA:100,20,1,0
BRDA:101,21,0,0
BRDA:101,21,1,0
BRDA:102,22,0,0
BRDA:102,22,1,0
BRDA:103,23,0,0
BRDA:103,23,1,0
BRDA:104,24,0,0
BRDA:104,24,1,0
BRDA:105,25,0,0
BRDA:105,25,1,0
BRDA:109,26,0,0
BRDA:109,26,1,0
BRDA:123,27,0,0
BRDA:123,27,1,0
BRDA:125,28,0,0
BRDA:125,28,1,0
BRDA:137,29,0,0
BRDA:137,29,1,0
BRDA:148,30,0,0
BRDA:148,30,1,0
BRDA:162,31,0,0
BRDA:162,31,1,0
BRDA:171,32,0,0
BRDA:171,32,1,0
BRF:66
BRH:0
end_of_record
TN:
SF:repositories/document.repository.js
FN:4,(anonymous_0)
FN:7,(anonymous_1)
FN:49,(anonymous_2)
FN:157,(anonymous_3)
FN:248,(anonymous_4)
FN:256,(anonymous_5)
FN:264,(anonymous_6)
FN:272,(anonymous_7)
FN:277,(anonymous_8)
FN:283,(anonymous_9)
FN:323,(anonymous_10)
FN:334,(anonymous_11)
FN:345,(anonymous_12)
FN:380,(anonymous_13)
FN:401,(anonymous_14)
FN:437,(anonymous_15)
FN:445,(anonymous_16)
FN:468,(anonymous_17)
FN:509,(anonymous_18)
FN:532,(anonymous_19)
FN:547,(anonymous_20)
FNF:21
FNH:0
FNDA:0,(anonymous_0)
FNDA:0,(anonymous_1)
FNDA:0,(anonymous_2)
FNDA:0,(anonymous_3)
FNDA:0,(anonymous_4)
FNDA:0,(anonymous_5)
FNDA:0,(anonymous_6)
FNDA:0,(anonymous_7)
FNDA:0,(anonymous_8)
FNDA:0,(anonymous_9)
FNDA:0,(anonymous_10)
FNDA:0,(anonymous_11)
FNDA:0,(anonymous_12)
FNDA:0,(anonymous_13)
FNDA:0,(anonymous_14)
FNDA:0,(anonymous_15)
FNDA:0,(anonymous_16)
FNDA:0,(anonymous_17)
FNDA:0,(anonymous_18)
FNDA:0,(anonymous_19)
FNDA:0,(anonymous_20)
DA:1,0
DA:2,0
DA:4,0
DA:5,0
DA:7,0
DA:8,0
DA:46,0
DA:49,0
DA:64,0
DA:65,0
DA:66,0
DA:68,0
DA:69,0
DA:70,0
DA:71,0
DA:74,0
DA:75,0
DA:76,0
DA:77,0
DA:80,0
DA:81,0
DA:82,0
DA:83,0
DA:86,0
DA:87,0
DA:88,0
DA:89,0
DA:92,0
DA:93,0
DA:94,0
DA:95,0
DA:98,0
DA:99,0
DA:102,0
DA:103,0
DA:106,0
DA:107,0
DA:108,0
DA:109,0
DA:112,0
DA:113,0
DA:114,0
DA:115,0
DA:118,0
DA:119,0
DA:120,0
DA:121,0
DA:124,0
DA:125,0
DA:126,0
DA:127,0
DA:130,0
DA:131,0
DA:132,0
DA:133,0
DA:136,0
DA:137,0
DA:138,0
DA:139,0
DA:140,0
DA:141,0
DA:142,0
DA:145,0
DA:149,0
DA:153,0
DA:157,0
DA:170,0
DA:171,0
DA:172,0
DA:174,0
DA:175,0
DA:176,0
DA:177,0
DA:180,0
DA:181,0
DA:182,0
DA:183,0
DA:186,0
DA:187,0
DA:188,0
DA:189,0
DA:192,0
DA:193,0
DA:196,0
DA:197,0
DA:200,0
DA:201,0
DA:202,0
DA:203,0
DA:206,0
DA:207,0
DA:208,0
DA:209,0
DA:212,0
DA:213,0
DA:214,0
DA:215,0
DA:218,0
DA:220,0
DA:225,0
DA:226,0
DA:227,0
DA:229,0
DA:230,0
DA:231,0
DA:232,0
DA:233,0
DA:234,0
DA:237,0
DA:241,0
DA:245,0
DA:248,0
DA:249,0
DA:253,0
DA:256,0
DA:257,0
DA:261,0
DA:264,0
DA:265,0
DA:269,0
DA:272,0
DA:273,0
DA:274,0
DA:277,0
DA:278,0
DA:279,0
DA:280,0
DA:283,0
DA:285,0
DA:286,0
DA:297,0
DA:298,0
DA:299,0
DA:300,0
DA:306,0
DA:320,0
DA:323,0
DA:324,0
DA:331,0
DA:334,0
DA:335,0
DA:342,0
DA:345,0
DA:346,0
DA:377,0
DA:380,0
DA:381,0
DA:398,0
DA:401,0
DA:437,0
DA:438,0
DA:439,0
DA:440,0
DA:441,0
DA:445,0
DA:446,0
DA:468,0
DA:470,0
DA:471,0
DA:472,0
DA:473,0
DA:474,0
DA:475,0
DA:476,0
DA:479,0
DA:480,0
DA:481,0
DA:483,0
DA:484,0
DA:487,0
DA:488,0
DA:489,0
DA:501,0
DA:502,0
DA:504,0
DA:505,0
DA:509,0
DA:510,0
DA:511,0
DA:512,0
DA:513,0
DA:516,0
DA:517,0
DA:523,0
DA:524,0
DA:525,0
DA:528,0
DA:529,0
DA:532,0
DA:533,0
DA:534,0
DA:536,0
DA:543,0
DA:547,0
DA:548,0
DA:551,0
LF:196
LH:0
BRDA:5,0,0,0
BRDA:5,0,1,0
BRDA:17,1,0,0
BRDA:17,1,1,0
BRDA:19,2,0,0
BRDA:19,2,1,0
BRDA:20,3,0,0
BRDA:20,3,1,0
BRDA:22,4,0,0
BRDA:22,4,1,0
BRDA:23,5,0,0
BRDA:23,5,1,0
BRDA:24,6,0,0
BRDA:24,6,1,0
BRDA:26,7,0,0
BRDA:26,7,1,0
BRDA:27,8,0,0
BRDA:27,8,1,0
BRDA:28,9,0,0
BRDA:28,9,1,0
BRDA:29,10,0,0
BRDA:29,10,1,0
BRDA:30,11,0,0
BRDA:30,11,1,0
BRDA:31,12,0,0
BRDA:31,12,1,0
BRDA:32,13,0,0
BRDA:32,13,1,0
BRDA:33,14,0,0
BRDA:33,14,1,0
BRDA:34,15,0,0
BRDA:34,15,1,0
BRDA:35,16,0,0
BRDA:35,16,1,0
BRDA:36,17,0,0
BRDA:36,17,1,0
BRDA:37,18,0,0
BRDA:37,18,1,0
BRDA:38,19,0,0
BRDA:38,19,1,0
BRDA:39,20,0,0
BRDA:39,20,1,0
BRDA:40,21,0,0
BRDA:40,21,1,0
BRDA:41,22,0,0
BRDA:41,22,1,0
BRDA:42,23,0,0
BRDA:42,23,1,0
BRDA:43,24,0,0
BRDA:43,24,1,0
BRDA:68,25,0,0
BRDA:68,25,1,0
BRDA:74,26,0,0
BRDA:74,26,1,0
BRDA:80,27,0,0
BRDA:80,27,1,0
BRDA:86,28,0,0
BRDA:86,28,1,0
BRDA:92,29,0,0
BRDA:92,29,1,0
BRDA:98,30,0,0
BRDA:98,30,1,0
BRDA:106,31,0,0
BRDA:106,31,1,0
BRDA:112,32,0,0
BRDA:112,32,1,0
BRDA:118,33,0,0
BRDA:118,33,1,0
BRDA:118,34,0,0
BRDA:118,34,1,0
BRDA:124,35,0,0
BRDA:124,35,1,0
BRDA:124,36,0,0
BRDA:124,36,1,0
BRDA:130,37,0,0
BRDA:130,37,1,0
BRDA:130,38,0,0
BRDA:130,38,1,0
BRDA:136,39,0,0
BRDA:136,39,1,0
BRDA:137,40,0,0
BRDA:137,40,1,0
BRDA:138,41,0,0
BRDA:138,41,1,0
BRDA:138,42,0,0
BRDA:138,42,1,0
BRDA:139,43,0,0
BRDA:139,43,1,0
BRDA:141,44,0,0
BRDA:141,44,1,0
BRDA:142,45,0,0
BRDA:142,45,1,0
BRDA:153,46,0,0
BRDA:153,46,1,0
BRDA:174,47,0,0
BRDA:174,47,1,0
BRDA:180,48,0,0
BRDA:180,48,1,0
BRDA:186,49,0,0
BRDA:186,49,1,0
BRDA:192,50,0,0
BRDA:192,50,1,0
BRDA:200,51,0,0
BRDA:200,51,1,0
BRDA:206,52,0,0
BRDA:206,52,1,0
BRDA:212,53,0,0
BRDA:212,53,1,0
BRDA:212,54,0,0
BRDA:212,54,1,0
BRDA:225,55,0,0
BRDA:225,55,1,0
BRDA:226,56,0,0
BRDA:226,56,1,0
BRDA:226,57,0,0
BRDA:226,57,1,0
BRDA:229,58,0,0
BRDA:229,58,1,0
BRDA:230,59,0,0
BRDA:230,59,1,0
BRDA:230,60,0,0
BRDA:230,60,1,0
BRDA:231,61,0,0
BRDA:231,61,1,0
BRDA:233,62,0,0
BRDA:233,62,1,0
BRDA:234,63,0,0
BRDA:234,63,1,0
BRDA:245,64,0,0
BRDA:245,64,1,0
BRDA:278,65,0,0
BRDA:278,65,1,0
BRDA:285,66,0,0
BRDA:285,66,1,0
BRDA:287,67,0,0
BRDA:287,67,1,0
BRDA:288,68,0,0
BRDA:288,68,1,0
BRDA:289,69,0,0
BRDA:289,69,1,0
BRDA:290,70,0,0
BRDA:290,70,1,0
BRDA:291,71,0,0
BRDA:291,71,1,0
BRDA:292,72,0,0
BRDA:292,72,1,0
BRDA:293,73,0,0
BRDA:293,73,1,0
BRDA:298,74,0,0
BRDA:298,74,1,0
BRDA:320,75,0,0
BRDA:320,75,1,0
BRDA:331,76,0,0
BRDA:331,76,1,0
BRDA:342,77,0,0
BRDA:342,77,1,0
BRDA:363,78,0,0
BRDA:363,78,1,0
BRDA:364,79,0,0
BRDA:364,79,1,0
BRDA:365,80,0,0
BRDA:365,80,1,0
BRDA:366,81,0,0
BRDA:366,81,1,0
BRDA:367,82,0,0
BRDA:367,82,1,0
BRDA:368,83,0,0
BRDA:368,83,1,0
BRDA:369,84,0,0
BRDA:369,84,1,0
BRDA:370,85,0,0
BRDA:370,85,1,0
BRDA:371,86,0,0
BRDA:371,86,1,0
BRDA:372,87,0,0
BRDA:372,87,1,0
BRDA:373,88,0,0
BRDA:373,88,1,0
BRDA:377,89,0,0
BRDA:377,89,1,0
BRDA:391,90,0,0
BRDA:391,90,1,0
BRDA:392,91,0,0
BRDA:392,91,1,0
BRDA:393,92,0,0
BRDA:393,92,1,0
BRDA:394,93,0,0
BRDA:394,93,1,0
BRDA:398,94,0,0
BRDA:398,94,1,0
BRDA:412,95,0,0
BRDA:412,95,1,0
BRDA:438,96,0,0
BRDA:438,96,1,0
BRDA:439,97,0,0
BRDA:439,97,1,0
BRDA:440,98,0,0
BRDA:440,98,1,0
BRDA:441,99,0,0
BRDA:441,99,1,0
BRDA:459,100,0,0
BRDA:459,100,1,0
BRDA:474,101,0,0
BRDA:474,101,1,0
BRDA:474,102,0,0
BRDA:474,102,1,0
BRDA:481,103,0,0
BRDA:481,103,1,0
BRDA:488,104,0,0
BRDA:488,104,1,0
BRDA:488,105,0,0
BRDA:488,105,1,0
BRDA:488,105,2,0
BRDA:512,106,0,0
BRDA:512,106,1,0
BRDA:512,107,0,0
BRDA:512,107,1,0
BRDA:523,108,0,0
BRDA:523,108,1,0
BRDA:524,109,0,0
BRDA:524,109,1,0
BRDA:529,110,0,0
BRDA:529,110,1,0
BRDA:533,111,0,0
BRDA:533,111,1,0
BRDA:534,112,0,0
BRDA:534,112,1,0
BRDA:543,113,0,0
BRDA:543,113,1,0
BRF:229
BRH:0
end_of_record
TN:
SF:repositories/documentAccess.repository.js
FN:4,(anonymous_0)
FN:19,(anonymous_1)
FN:25,(anonymous_2)
FN:41,(anonymous_3)
FN:50,(anonymous_4)
FN:56,(anonymous_5)
FNF:6
FNH:0
FNDA:0,(anonymous_0)
FNDA:0,(anonymous_1)
FNDA:0,(anonymous_2)
FNDA:0,(anonymous_3)
FNDA:0,(anonymous_4)
FNDA:0,(anonymous_5)
DA:1,0
DA:2,0
DA:4,0
DA:5,0
DA:16,0
DA:19,0
DA:20,0
DA:21,0
DA:22,0
DA:23,0
DA:25,0
DA:26,0
DA:27,0
DA:28,0
DA:31,0
DA:38,0
DA:41,0
DA:42,0
DA:50,0
DA:56,0
DA:57,0
DA:58,0
DA:61,0
LF:23
LH:0
BRDA:16,0,0,0
BRDA:16,0,1,0
BRDA:20,1,0,0
BRDA:20,1,1,0
BRDA:27,2,0,0
BRDA:27,2,1,0
BRF:6
BRH:0
end_of_record
TN:
SF:repositories/documentAudit.repository.js
FN:3,(anonymous_0)
FNF:1
FNH:0
FNDA:0,(anonymous_0)
DA:1,0
DA:3,0
DA:4,0
DA:17,0
DA:20,0
LF:5
LH:0
BRDA:9,0,0,0
BRDA:9,0,1,0
BRDA:10,1,0,0
BRDA:10,1,1,0
BRDA:11,2,0,0
BRDA:11,2,1,0
BRDA:13,3,0,0
BRDA:13,3,1,0
BRDA:14,4,0,0
BRDA:14,4,1,0
BRF:10
BRH:0
end_of_record
TN:
SF:repositories/documentRequest.repository.js
FN:3,(anonymous_0)
FN:25,(anonymous_1)
FN:35,(anonymous_2)
FN:45,(anonymous_3)
FNF:4
FNH:0
FNDA:0,(anonymous_0)
FNDA:0,(anonymous_1)
FNDA:0,(anonymous_2)
FNDA:0,(anonymous_3)
DA:1,0
DA:3,0
DA:4,0
DA:22,0
DA:25,0
DA:26,0
DA:32,0
DA:35,0
DA:36,0
DA:42,0
DA:45,0
DA:46,0
DA:53,0
DA:56,0
LF:14
LH:0
BRDA:12,0,0,0
BRDA:12,0,1,0
BRDA:14,1,0,0
BRDA:14,1,1,0
BRDA:17,2,0,0
BRDA:17,2,1,0
BRDA:18,3,0,0
BRDA:18,3,1,0
BRDA:19,4,0,0
BRDA:19,4,1,0
BRDA:53,5,0,0
BRDA:53,5,1,0
BRF:12
BRH:0
end_of_record
TN:
SF:repositories/documentShare.repository.js
FN:3,(anonymous_0)
FN:9,(anonymous_1)
FN:15,(anonymous_2)
FN:62,(anonymous_3)
FN:70,(anonymous_4)
FN:78,(anonymous_5)
FN:86,(anonymous_6)
FNF:7
FNH:0
FNDA:0,(anonymous_0)
FNDA:0,(anonymous_1)
FNDA:0,(anonymous_2)
FNDA:0,(anonymous_3)
FNDA:0,(anonymous_4)
FNDA:0,(anonymous_5)
FNDA:0,(anonymous_6)
DA:1,0
DA:3,0
DA:4,0
DA:5,0
DA:6,0
DA:9,0
DA:10,0
DA:11,0
DA:12,0
DA:15,0
DA:16,0
DA:22,0
DA:23,0
DA:40,0
DA:43,0
DA:59,0
DA:62,0
DA:63,0
DA:67,0
DA:70,0
DA:71,0
DA:75,0
DA:78,0
DA:79,0
DA:83,0
DA:86,0
DA:87,0
DA:88,0
DA:91,0
LF:29
LH:0
BRDA:4,0,0,0
BRDA:4,0,1,0
BRDA:5,1,0,0
BRDA:5,1,1,0
BRDA:10,2,0,0
BRDA:10,2,1,0
BRDA:12,3,0,0
BRDA:12,3,1,0
BRDA:12,4,0,0
BRDA:12,4,1,0
BRDA:17,5,0,0
BRDA:17,5,1,0
BRDA:18,6,0,0
BRDA:18,6,1,0
BRDA:22,7,0,0
BRDA:22,7,1,0
BRDA:33,8,0,0
BRDA:33,8,1,0
BRDA:34,9,0,0
BRDA:34,9,1,0
BRDA:36,10,0,0
BRDA:36,10,1,0
BRDA:37,11,0,0
BRDA:37,11,1,0
BRDA:52,12,0,0
BRDA:52,12,1,0
BRDA:53,13,0,0
BRDA:53,13,1,0
BRDA:55,14,0,0
BRDA:55,14,1,0
BRDA:56,15,0,0
BRDA:56,15,1,0
BRDA:75,16,0,0
BRDA:75,16,1,0
BRDA:83,17,0,0
BRDA:83,17,1,0
BRF:36
BRH:0
end_of_record
TN:
SF:repositories/documentVersion.repository.js
FN:3,(anonymous_0)
FN:24,(anonymous_1)
FN:32,(anonymous_2)
FNF:3
FNH:0
FNDA:0,(anonymous_0)
FNDA:0,(anonymous_1)
FNDA:0,(anonymous_2)
DA:1,0
DA:3,0
DA:4,0
DA:21,0
DA:24,0
DA:25,0
DA:29,0
DA:32,0
DA:33,0
DA:34,0
DA:37,0
LF:11
LH:0
BRDA:14,0,0,0
BRDA:14,0,1,0
BRDA:15,1,0,0
BRDA:15,1,1,0
BRDA:16,2,0,0
BRDA:16,2,1,0
BRDA:17,3,0,0
BRDA:17,3,1,0
BRDA:18,4,0,0
BRDA:18,4,1,0
BRDA:34,5,0,0
BRDA:34,5,1,0
BRF:12
BRH:0
end_of_record
TN:
SF:repositories/index.js
FNF:0
FNH:0
DA:1,0
DA:2,0
DA:3,0
DA:4,0
DA:5,0
DA:6,0
DA:7,0
DA:8,0
DA:9,0
DA:10,0
DA:11,0
DA:12,0
DA:13,0
DA:14,0
DA:15,0
DA:17,0
LF:16
LH:0
BRF:0
BRH:0
end_of_record
TN:
SF:repositories/message.repository.js
FN:4,(anonymous_0)
FN:7,(anonymous_1)
FN:28,(anonymous_2)
FN:38,(anonymous_3)
FN:42,(anonymous_4)
FN:46,(anonymous_5)
FN:54,(anonymous_6)
FN:62,(anonymous_7)
FN:92,(anonymous_8)
FN:99,(anonymous_9)
FN:104,(anonymous_10)
FNF:11
FNH:0
FNDA:0,(anonymous_0)
FNDA:0,(anonymous_1)
FNDA:0,(anonymous_2)
FNDA:0,(anonymous_3)
FNDA:0,(anonymous_4)
FNDA:0,(anonymous_5)
FNDA:0,(anonymous_6)
FNDA:0,(anonymous_7)
FNDA:0,(anonymous_8)
FNDA:0,(anonymous_9)
FNDA:0,(anonymous_10)
DA:1,0
DA:2,0
DA:4,0
DA:5,0
DA:7,0
DA:8,0
DA:25,0
DA:28,0
DA:29,0
DA:35,0
DA:38,0
DA:39,0
DA:42,0
DA:43,0
DA:46,0
DA:47,0
DA:51,0
DA:54,0
DA:55,0
DA:59,0
DA:62,0
DA:63,0
DA:64,0
DA:65,0
DA:66,0
DA:68,0
DA:69,0
DA:70,0
DA:71,0
DA:73,0
DA:74,0
DA:75,0
DA:76,0
DA:79,0
DA:81,0
DA:82,0
DA:89,0
DA:92,0
DA:93,0
DA:96,0
DA:99,0
DA:100,0
DA:101,0
DA:104,0
DA:117,0
LF:45
LH:0
BRDA:5,0,0,0
BRDA:5,0,1,0
BRDA:18,1,0,0
BRDA:18,1,1,0
BRDA:19,2,0,0
BRDA:19,2,1,0
BRDA:20,3,0,0
BRDA:20,3,1,0
BRDA:21,4,0,0
BRDA:21,4,1,0
BRDA:22,5,0,0
BRDA:22,5,1,0
BRDA:28,6,0,0
BRDA:28,7,0,0
BRDA:51,8,0,0
BRDA:51,8,1,0
BRDA:59,9,0,0
BRDA:59,9,1,0
BRDA:63,10,0,0
BRDA:63,10,1,0
BRDA:68,11,0,0
BRDA:68,11,1,0
BRDA:73,12,0,0
BRDA:73,12,1,0
BRDA:79,13,0,0
BRDA:79,13,1,0
BRDA:96,14,0,0
BRDA:96,14,1,0
BRF:28
BRH:0
end_of_record
TN:
SF:repositories/news.repository.js
FN:4,(anonymous_0)
FN:7,(anonymous_1)
FN:32,(anonymous_2)
FN:63,(anonymous_3)
FN:68,(anonymous_4)
FN:73,(anonymous_5)
FN:78,(anonymous_6)
FNF:7
FNH:0
FNDA:0,(anonymous_0)
FNDA:0,(anonymous_1)
FNDA:0,(anonymous_2)
FNDA:0,(anonymous_3)
FNDA:0,(anonymous_4)
FNDA:0,(anonymous_5)
FNDA:0,(anonymous_6)
DA:1,0
DA:2,0
DA:4,0
DA:5,0
DA:7,0
DA:8,0
DA:29,0
DA:32,0
DA:33,0
DA:60,0
DA:63,0
DA:64,0
DA:65,0
DA:68,0
DA:69,0
DA:70,0
DA:73,0
DA:74,0
DA:75,0
DA:78,0
DA:95,0
LF:21
LH:0
BRDA:5,0,0,0
BRDA:5,0,1,0
BRDA:15,1,0,0
BRDA:15,1,1,0
BRDA:18,2,0,0
BRDA:18,2,1,0
BRDA:19,3,0,0
BRDA:19,3,1,0
BRDA:20,4,0,0
BRDA:20,4,1,0
BRDA:21,5,0,0
BRDA:21,5,1,0
BRDA:22,6,0,0
BRDA:22,6,1,0
BRDA:23,7,0,0
BRDA:23,7,1,0
BRDA:24,8,0,0
BRDA:24,8,1,0
BRDA:25,9,0,0
BRDA:25,9,1,0
BRDA:26,10,0,0
BRDA:26,10,1,0
BRDA:48,11,0,0
BRDA:48,11,1,0
BRDA:51,12,0,0
BRDA:51,12,1,0
BRDA:52,13,0,0
BRDA:52,13,1,0
BRDA:53,14,0,0
BRDA:53,14,1,0
BRDA:54,15,0,0
BRDA:54,15,1,0
BRDA:55,16,0,0
BRDA:55,16,1,0
BRDA:56,17,0,0
BRDA:56,17,1,0
BRDA:60,18,0,0
BRDA:60,18,1,0
BRDA:70,19,0,0
BRDA:70,19,1,0
BRDA:87,20,0,0
BRDA:87,20,1,0
BRDA:89,21,0,0
BRDA:89,21,1,0
BRF:44
BRH:0
end_of_record
TN:
SF:repositories/notification.repository.js
FN:4,(anonymous_0)
FN:7,(anonymous_1)
FN:19,(anonymous_2)
FN:27,(anonymous_3)
FN:35,(anonymous_4)
FN:42,(anonymous_5)
FN:50,(anonymous_6)
FN:84,(anonymous_7)
FN:95,(anonymous_8)
FNF:9
FNH:0
FNDA:0,(anonymous_0)
FNDA:0,(anonymous_1)
FNDA:0,(anonymous_2)
FNDA:0,(anonymous_3)
FNDA:0,(anonymous_4)
FNDA:0,(anonymous_5)
FNDA:0,(anonymous_6)
FNDA:0,(anonymous_7)
FNDA:0,(anonymous_8)
DA:1,0
DA:2,0
DA:4,0
DA:5,0
DA:7,0
DA:8,0
DA:10,0
DA:11,0
DA:12,0
DA:13,0
DA:15,0
DA:16,0
DA:19,0
DA:20,0
DA:24,0
DA:27,0
DA:28,0
DA:32,0
DA:35,0
DA:36,0
DA:42,0
DA:43,0
DA:47,0
DA:50,0
DA:51,0
DA:52,0
DA:71,0
DA:81,0
DA:84,0
DA:85,0
DA:86,0
DA:87,0
DA:89,0
DA:90,0
DA:92,0
DA:95,0
DA:106,0
LF:37
LH:0
BRDA:5,0,0,0
BRDA:5,0,1,0
BRDA:11,1,0,0
BRDA:11,1,1,0
BRDA:24,2,0,0
BRDA:24,2,1,0
BRDA:50,3,0,0
BRDA:51,4,0,0
BRDA:51,4,1,0
BRDA:63,5,0,0
BRDA:63,5,1,0
BRDA:65,6,0,0
BRDA:65,6,1,0
BRDA:66,7,0,0
BRDA:66,7,1,0
BRDA:67,8,0,0
BRDA:67,8,1,0
BRDA:84,9,0,0
BRDA:85,10,0,0
BRDA:85,10,1,0
BRF:20
BRH:0
end_of_record
TN:
SF:repositories/offer.repository.js
FN:5,(anonymous_0)
FN:8,(anonymous_1)
FN:32,(anonymous_2)
FN:37,(anonymous_3)
FN:45,(anonymous_4)
FN:53,(anonymous_5)
FN:58,(anonymous_6)
FN:82,(anonymous_7)
FN:87,(anonymous_8)
FN:95,(anonymous_9)
FN:104,(anonymous_10)
FN:128,(anonymous_11)
FN:136,(anonymous_12)
FN:149,(anonymous_13)
FNF:14
FNH:0
FNDA:0,(anonymous_0)
FNDA:0,(anonymous_1)
FNDA:0,(anonymous_2)
FNDA:0,(anonymous_3)
FNDA:0,(anonymous_4)
FNDA:0,(anonymous_5)
FNDA:0,(anonymous_6)
FNDA:0,(anonymous_7)
FNDA:0,(anonymous_8)
FNDA:0,(anonymous_9)
FNDA:0,(anonymous_10)
FNDA:0,(anonymous_11)
FNDA:0,(anonymous_12)
FNDA:0,(anonymous_13)
DA:1,0
DA:2,0
DA:3,0
DA:5,0
DA:6,0
DA:8,0
DA:9,0
DA:29,0
DA:32,0
DA:33,0
DA:34,0
DA:37,0
DA:38,0
DA:42,0
DA:45,0
DA:46,0
DA:50,0
DA:53,0
DA:54,0
DA:55,0
DA:58,0
DA:59,0
DA:79,0
DA:82,0
DA:83,0
DA:84,0
DA:87,0
DA:88,0
DA:92,0
DA:95,0
DA:96,0
DA:97,0
DA:101,0
DA:104,0
DA:105,0
DA:106,0
DA:125,0
DA:128,0
DA:129,0
DA:133,0
DA:136,0
DA:137,0
DA:138,0
DA:149,0
DA:165,0
LF:45
LH:0
BRDA:6,0,0,0
BRDA:6,0,1,0
BRDA:20,1,0,0
BRDA:20,1,1,0
BRDA:21,2,0,0
BRDA:21,2,1,0
BRDA:23,3,0,0
BRDA:23,3,1,0
BRDA:24,4,0,0
BRDA:24,4,1,0
BRDA:55,5,0,0
BRDA:55,5,1,0
BRDA:73,6,0,0
BRDA:73,6,1,0
BRDA:74,7,0,0
BRDA:74,7,1,0
BRDA:75,8,0,0
BRDA:75,8,1,0
BRDA:79,9,0,0
BRDA:79,9,1,0
BRDA:96,10,0,0
BRDA:96,10,1,0
BRDA:105,11,0,0
BRDA:105,11,1,0
BRDA:113,12,0,0
BRDA:113,12,1,0
BRDA:116,13,0,0
BRDA:116,13,1,0
BRDA:118,14,0,0
BRDA:118,14,1,0
BRDA:119,15,0,0
BRDA:119,15,1,0
BRDA:120,16,0,0
BRDA:120,16,1,0
BRDA:121,17,0,0
BRDA:121,17,1,0
BRDA:122,18,0,0
BRDA:122,18,1,0
BRDA:133,19,0,0
BRDA:133,19,1,0
BRDA:149,20,0,0
BRF:41
BRH:0
end_of_record
TN:
SF:repositories/post.repository.js
FN:4,(anonymous_0)
FN:7,(anonymous_1)
FN:28,(anonymous_2)
FN:33,(anonymous_3)
FNF:4
FNH:0
FNDA:0,(anonymous_0)
FNDA:0,(anonymous_1)
FNDA:0,(anonymous_2)
FNDA:0,(anonymous_3)
DA:1,0
DA:2,0
DA:4,0
DA:5,0
DA:7,0
DA:8,0
DA:25,0
DA:28,0
DA:29,0
DA:30,0
DA:33,0
DA:46,0
LF:12
LH:0
BRDA:5,0,0,0
BRDA:5,0,1,0
BRDA:19,1,0,0
BRDA:19,1,1,0
BRDA:21,2,0,0
BRDA:21,2,1,0
BRDA:22,3,0,0
BRDA:22,3,1,0
BRF:8
BRH:0
end_of_record
TN:
SF:repositories/refreshToken.repository.js
FN:4,(anonymous_0)
FN:19,(anonymous_1)
FN:24,(anonymous_2)
FN:29,(anonymous_3)
FNF:4
FNH:0
FNDA:0,(anonymous_0)
FNDA:0,(anonymous_1)
FNDA:0,(anonymous_2)
FNDA:0,(anonymous_3)
DA:1,0
DA:2,0
DA:4,0
DA:5,0
DA:6,0
DA:8,0
DA:16,0
DA:19,0
DA:20,0
DA:21,0
DA:24,0
DA:25,0
DA:26,0
DA:29,0
DA:30,0
DA:31,0
DA:34,0
LF:17
LH:0
BRDA:21,0,0,0
BRDA:21,0,1,0
BRF:2
BRH:0
end_of_record
TN:
SF:repositories/student.repository.js
FN:2,(anonymous_0)
FN:5,(anonymous_1)
FN:49,(anonymous_2)
FN:54,(anonymous_3)
FN:59,(anonymous_4)
FN:64,(anonymous_5)
FN:69,(anonymous_6)
FN:71,(anonymous_7)
FN:74,(anonymous_8)
FN:82,(anonymous_9)
FN:117,(anonymous_10)
FN:164,(anonymous_11)
FN:180,(anonymous_12)
FN:192,(anonymous_13)
FN:203,(anonymous_14)
FN:217,(anonymous_15)
FNF:16
FNH:0
FNDA:0,(anonymous_0)
FNDA:0,(anonymous_1)
FNDA:0,(anonymous_2)
FNDA:0,(anonymous_3)
FNDA:0,(anonymous_4)
FNDA:0,(anonymous_5)
FNDA:0,(anonymous_6)
FNDA:0,(anonymous_7)
FNDA:0,(anonymous_8)
FNDA:0,(anonymous_9)
FNDA:0,(anonymous_10)
FNDA:0,(anonymous_11)
FNDA:0,(anonymous_12)
FNDA:0,(anonymous_13)
FNDA:0,(anonymous_14)
FNDA:0,(anonymous_15)
DA:1,0
DA:2,0
DA:3,0
DA:5,0
DA:6,0
DA:46,0
DA:49,0
DA:50,0
DA:51,0
DA:54,0
DA:55,0
DA:56,0
DA:59,0
DA:60,0
DA:61,0
DA:64,0
DA:65,0
DA:66,0
DA:69,0
DA:70,0
DA:71,0
DA:74,0
DA:75,0
DA:79,0
DA:82,0
DA:83,0
DA:84,0
DA:85,0
DA:87,0
DA:88,0
DA:89,0
DA:90,0
DA:92,0
DA:93,0
DA:94,0
DA:95,0
DA:97,0
DA:98,0
DA:99,0
DA:100,0
DA:102,0
DA:103,0
DA:104,0
DA:105,0
DA:108,0
DA:110,0
DA:114,0
DA:117,0
DA:118,0
DA:161,0
DA:164,0
DA:165,0
DA:177,0
DA:180,0
DA:181,0
DA:189,0
DA:192,0
DA:193,0
DA:200,0
DA:203,0
DA:204,0
DA:214,0
DA:217,0
DA:218,0
DA:219,0
DA:222,0
LF:66
LH:0
BRDA:3,0,0,0
BRDA:3,0,1,0
BRDA:24,1,0,0
BRDA:24,1,1,0
BRDA:25,2,0,0
BRDA:25,2,1,0
BRDA:26,3,0,0
BRDA:26,3,1,0
BRDA:27,4,0,0
BRDA:27,4,1,0
BRDA:28,5,0,0
BRDA:28,5,1,0
BRDA:29,6,0,0
BRDA:29,6,1,0
BRDA:30,7,0,0
BRDA:30,7,1,0
BRDA:31,8,0,0
BRDA:31,8,1,0
BRDA:33,9,0,0
BRDA:33,9,1,0
BRDA:34,10,0,0
BRDA:34,10,1,0
BRDA:35,11,0,0
BRDA:35,11,1,0
BRDA:36,12,0,0
BRDA:36,12,1,0
BRDA:37,13,0,0
BRDA:37,13,1,0
BRDA:38,14,0,0
BRDA:38,14,1,0
BRDA:39,15,0,0
BRDA:39,15,1,0
BRDA:40,16,0,0
BRDA:40,16,1,0
BRDA:41,17,0,0
BRDA:41,17,1,0
BRDA:42,18,0,0
BRDA:42,18,1,0
BRDA:43,19,0,0
BRDA:43,19,1,0
BRDA:51,20,0,0
BRDA:51,20,1,0
BRDA:56,21,0,0
BRDA:56,21,1,0
BRDA:61,22,0,0
BRDA:61,22,1,0
BRDA:87,23,0,0
BRDA:87,23,1,0
BRDA:92,24,0,0
BRDA:92,24,1,0
BRDA:97,25,0,0
BRDA:97,25,1,0
BRDA:102,26,0,0
BRDA:102,26,1,0
BRDA:108,27,0,0
BRDA:108,27,1,0
BRDA:141,28,0,0
BRDA:141,28,1,0
BRDA:142,29,0,0
BRDA:142,29,1,0
BRDA:143,30,0,0
BRDA:143,30,1,0
BRDA:144,31,0,0
BRDA:144,31,1,0
BRDA:145,32,0,0
BRDA:145,32,1,0
BRDA:146,33,0,0
BRDA:146,33,1,0
BRDA:147,34,0,0
BRDA:147,34,1,0
BRDA:148,35,0,0
BRDA:148,35,1,0
BRDA:149,36,0,0
BRDA:149,36,1,0
BRDA:150,37,0,0
BRDA:150,37,1,0
BRDA:151,38,0,0
BRDA:151,38,1,0
BRDA:152,39,0,0
BRDA:152,39,1,0
BRDA:153,40,0,0
BRDA:153,40,1,0
BRDA:154,41,0,0
BRDA:154,41,1,0
BRDA:155,42,0,0
BRDA:155,42,1,0
BRDA:156,43,0,0
BRDA:156,43,1,0
BRDA:157,44,0,0
BRDA:157,44,1,0
BRDA:161,45,0,0
BRDA:161,45,1,0
BRDA:175,46,0,0
BRDA:175,46,1,0
BRDA:177,47,0,0
BRDA:177,47,1,0
BRDA:189,48,0,0
BRDA:189,48,1,0
BRDA:200,49,0,0
BRDA:200,49,1,0
BRDA:214,50,0,0
BRDA:214,50,1,0
BRF:102
BRH:0
end_of_record
TN:
SF:routes/admin.routes.js
FNF:0
FNH:0
DA:1,0
DA:2,0
DA:3,0
DA:5,0
DA:6,0
DA:7,0
DA:8,0
DA:9,0
DA:10,0
DA:11,0
DA:14,0
DA:22,0
DA:23,0
DA:25,0
DA:27,0
DA:29,0
DA:31,0
DA:33,0
DA:34,0
DA:35,0
DA:36,0
DA:37,0
DA:39,0
DA:41,0
DA:43,0
DA:45,0
DA:47,0
DA:49,0
DA:51,0
DA:53,0
DA:55,0
DA:57,0
DA:59,0
DA:61,0
DA:63,0
DA:65,0
DA:66,0
DA:74,0
DA:75,0
DA:76,0
DA:77,0
DA:78,0
DA:79,0
DA:81,0
DA:82,0
DA:83,0
DA:89,0
DA:90,0
DA:96,0
DA:97,0
DA:98,0
DA:105,0
DA:108,0
DA:110,0
DA:112,0
DA:114,0
DA:116,0
DA:118,0
DA:120,0
DA:122,0
DA:124,0
DA:125,0
DA:127,0
DA:129,0
DA:131,0
DA:133,0
DA:135,0
DA:137,0
DA:139,0
DA:142,0
LF:70
LH:0
BRF:0
BRH:0
end_of_record
TN:
SF:routes/auth.routes.js
FNF:0
FNH:0
DA:1,0
DA:2,0
DA:3,0
DA:4,0
DA:7,0
DA:14,0
DA:17,0
DA:20,0
DA:22,0
LF:9
LH:0
BRF:0
BRH:0
end_of_record
TN:
SF:routes/company.routes.js
FNF:0
FNH:0
DA:1,0
DA:2,0
DA:3,0
DA:5,0
DA:6,0
DA:7,0
DA:8,0
DA:9,0
DA:12,0
DA:20,0
DA:22,0
DA:23,0
DA:25,0
DA:27,0
DA:29,0
DA:31,0
DA:33,0
DA:34,0
DA:35,0
DA:36,0
DA:37,0
DA:39,0
DA:41,0
DA:43,0
DA:45,0
DA:47,0
DA:49,0
DA:51,0
DA:53,0
DA:54,0
DA:56,0
LF:31
LH:0
BRF:0
BRH:0
end_of_record
TN:
SF:routes/document.routes.js
FNF:0
FNH:0
DA:1,0
DA:2,0
DA:3,0
DA:4,0
DA:7,0
DA:8,0
DA:10,0
LF:7
LH:0
BRF:0
BRH:0
end_of_record
TN:
SF:routes/offer.routes.js
FNF:0
FNH:0
DA:1,0
DA:2,0
DA:4,0
DA:5,0
DA:8,0
DA:10,0
DA:12,0
DA:14,0
DA:16,0
DA:18,0
DA:20,0
DA:22,0
DA:24,0
DA:25,0
DA:27,0
LF:15
LH:0
BRF:0
BRH:0
end_of_record
TN:
SF:routes/student.routes.js
FNF:0
FNH:0
DA:1,0
DA:2,0
DA:3,0
DA:5,0
DA:6,0
DA:7,0
DA:8,0
DA:9,0
DA:10,0
DA:11,0
DA:14,0
DA:22,0
DA:24,0
DA:26,0
DA:28,0
DA:29,0
DA:31,0
DA:33,0
DA:36,0
DA:38,0
DA:40,0
DA:42,0
DA:43,0
DA:44,0
DA:45,0
DA:46,0
DA:48,0
DA:50,0
DA:52,0
DA:54,0
DA:56,0
DA:58,0
DA:59,0
DA:61,0
DA:63,0
DA:65,0
DA:66,0
DA:67,0
DA:69,0
DA:71,0
DA:72,0
DA:73,0
DA:75,0
DA:76,0
DA:78,0
DA:79,0
DA:80,0
DA:81,0
DA:83,0
DA:84,0
DA:86,0
DA:88,0
DA:90,0
DA:92,0
DA:95,0
DA:97,0
DA:99,0
DA:101,0
LF:58
LH:0
BRF:0
BRH:0
end_of_record
